{"meta": {"format": 3, "version": "7.13.1", "timestamp": "2026-01-05T09:39:33.559438", "branch_coverage": true, "show_contexts": false}, "files": {"src\\physdes\\__init__.py": {"executed_lines": [1, 3, 9, 11, 12, 16], "summary": {"covered_lines": 6, "num_statements": 6, "percent_covered": 100.0, "percent_covered_display": "100", "missing_lines": 0, "excluded_lines": 4, "percent_statements_covered": 100.0, "percent_statements_covered_display": "100", "num_branches": 0, "num_partial_branches": 0, "covered_branches": 0, "missing_branches": 0, "percent_branches_covered": 100.0, "percent_branches_covered_display": "100"}, "missing_lines": [], "excluded_lines": [5, 7, 13, 14], "executed_branches": [], "missing_branches": [], "functions": {"": {"executed_lines": [1, 3, 9, 11, 12, 16], "summary": {"covered_lines": 6, "num_statements": 6, "percent_covered": 100.0, "percent_covered_display": "100", "missing_lines": 0, "excluded_lines": 4, "percent_statements_covered": 100.0, "percent_statements_covered_display": "100", "num_branches": 0, "num_partial_branches": 0, "covered_branches": 0, "missing_branches": 0, "percent_branches_covered": 100.0, "percent_branches_covered_display": "100"}, "missing_lines": [], "excluded_lines": [5, 7, 13, 14], "start_line": 1, "executed_branches": [], "missing_branches": []}}, "classes": {"": {"executed_lines": [1, 3, 9, 11, 12, 16], "summary": {"covered_lines": 6, "num_statements": 6, "percent_covered": 100.0, "percent_covered_display": "100", "missing_lines": 0, "excluded_lines": 4, "percent_statements_covered": 100.0, "percent_statements_covered_display": "100", "num_branches": 0, "num_partial_branches": 0, "covered_branches": 0, "missing_branches": 0, "percent_branches_covered": 100.0, "percent_branches_covered_display": "100"}, "missing_lines": [], "excluded_lines": [5, 7, 13, 14], "start_line": 1, "executed_branches": [], "missing_branches": []}}}, "src\\physdes\\cts\\clk_tree_vis.py": {"executed_lines": [8, 9, 11, 12, 13, 16, 19, 50, 51, 52, 53, 54, 55, 56, 57, 59, 101, 102, 105, 106, 107, 109, 110, 111, 112, 115, 128, 131, 134, 135, 138, 140, 143, 144, 145, 146, 148, 150, 152, 154, 155, 156, 157, 158, 160, 161, 163, 167, 170, 171, 174, 175, 177, 180, 181, 182, 183, 186, 188, 190, 194, 196, 197, 198, 200, 202, 205, 207, 214, 215, 216, 217, 222, 223, 225, 226, 228, 235, 236, 240, 241, 242, 244, 247, 248, 250, 251, 252, 253, 254, 255, 257, 258, 261, 267, 268, 274, 275, 276, 282, 283, 284, 289, 290, 292, 293, 295, 299, 301, 311, 319, 320, 324, 325, 327, 330, 353, 364, 367, 370, 409, 410, 412, 413, 414, 416, 417, 419, 430, 439, 440, 441, 443, 444, 447, 452, 462, 463, 464, 466, 467, 468, 469, 474, 475, 477, 480, 483, 490, 493, 494, 495, 497, 498, 500, 501, 502, 503, 504, 507, 523, 524, 526, 531, 540], "summary": {"covered_lines": 165, "num_statements": 195, "percent_covered": 85.06224066390041, "percent_covered_display": "85", "missing_lines": 30, "excluded_lines": 3, "percent_statements_covered": 84.61538461538461, "percent_statements_covered_display": "85", "num_branches": 46, "num_partial_branches": 6, "covered_branches": 40, "missing_branches": 6, "percent_branches_covered": 86.95652173913044, "percent_branches_covered_display": "87"}, "missing_lines": [178, 478, 487, 533, 534, 535, 536, 542, 552, 563, 565, 567, 568, 569, 570, 573, 574, 575, 576, 579, 582, 590, 598, 604, 611, 613, 614, 615, 616, 618], "excluded_lines": [621, 623, 624], "executed_branches": [[134, 135], [134, 138], [143, 144], [143, 148], [155, -154], [155, 156], [170, 171], [170, 174], [174, 175], [174, 177], [177, 180], [197, 198], [197, 200], [200, 202], [200, 222], [216, 217], [216, 222], [241, 242], [241, 244], [250, 251], [250, 253], [253, 254], [253, 257], [274, 275], [282, 283], [282, 289], [319, 320], [319, 324], [409, 410], [409, 412], [439, 440], [439, 497], [466, 467], [467, 468], [467, 469], [469, 466], [469, 474], [477, 480], [483, 490], [500, 501]], "missing_branches": [[177, 178], [274, 282], [466, 477], [477, 478], [483, 487], [500, 504]], "functions": {"ClockTreeVisualizer.__init__": {"executed_lines": [50, 51, 52, 53, 54, 55, 56, 57], "summary": {"covered_lines": 8, "num_statements": 8, "percent_covered": 100.0, "percent_covered_display": "100", "missing_lines": 0, "excluded_lines": 0, "percent_statements_covered": 100.0, "percent_statements_covered_display": "100", "num_branches": 0, "num_partial_branches": 0, "covered_branches": 0, "missing_branches": 0, "percent_branches_covered": 100.0, "percent_branches_covered_display": "100"}, "missing_lines": [], "excluded_lines": [], "start_line": 19, "executed_branches": [], "missing_branches": []}, "ClockTreeVisualizer.visualize_tree": {"executed_lines": [101, 102, 105, 106, 107, 109, 115, 128, 131, 134, 135, 138, 140, 143, 144, 145, 146, 148], "summary": {"covered_lines": 18, "num_statements": 18, "percent_covered": 100.0, "percent_covered_display": "100", "missing_lines": 0, "excluded_lines": 0, "percent_statements_covered": 100.0, "percent_statements_covered_display": "100", "num_branches": 4, "num_partial_branches": 0, "covered_branches": 4, "missing_branches": 0, "percent_branches_covered": 100.0, "percent_branches_covered_display": "100"}, "missing_lines": [], "excluded_lines": [], "start_line": 59, "executed_branches": [[134, 135], [134, 138], [143, 144], [143, 148]], "missing_branches": []}, "ClockTreeVisualizer.visualize_tree.scale_coord": {"executed_lines": [110, 111, 112], "summary": {"covered_lines": 3, "num_statements": 3, "percent_covered": 100.0, "percent_covered_display": "100", "missing_lines": 0, "excluded_lines": 0, "percent_statements_covered": 100.0, "percent_statements_covered_display": "100", "num_branches": 0, "num_partial_branches": 0, "covered_branches": 0, "missing_branches": 0, "percent_branches_covered": 100.0, "percent_branches_covered_display": "100"}, "missing_lines": [], "excluded_lines": [], "start_line": 109, "executed_branches": [], "missing_branches": []}, "ClockTreeVisualizer._collect_all_nodes": {"executed_lines": [152, 154, 160, 161], "summary": {"covered_lines": 4, "num_statements": 4, "percent_covered": 100.0, "percent_covered_display": "100", "missing_lines": 0, "excluded_lines": 0, "percent_statements_covered": 100.0, "percent_statements_covered_display": "100", "num_branches": 0, "num_partial_branches": 0, "covered_branches": 0, "missing_branches": 0, "percent_branches_covered": 100.0, "percent_branches_covered_display": "100"}, "missing_lines": [], "excluded_lines": [], "start_line": 150, "executed_branches": [], "missing_branches": []}, "ClockTreeVisualizer._collect_all_nodes.collect": {"executed_lines": [155, 156, 157, 158], "summary": {"covered_lines": 4, "num_statements": 4, "percent_covered": 100.0, "percent_covered_display": "100", "missing_lines": 0, "excluded_lines": 0, "percent_statements_covered": 100.0, "percent_statements_covered_display": "100", "num_branches": 2, "num_partial_branches": 0, "covered_branches": 2, "missing_branches": 0, "percent_branches_covered": 100.0, "percent_branches_covered_display": "100"}, "missing_lines": [], "excluded_lines": [], "start_line": 154, "executed_branches": [[155, -154], [155, 156]], "missing_branches": []}, "ClockTreeVisualizer._calculate_bounds": {"executed_lines": [167, 170, 171, 174, 175, 177, 180, 181, 182, 183, 186, 188], "summary": {"covered_lines": 12, "num_statements": 13, "percent_covered": 89.47368421052632, "percent_covered_display": "89", "missing_lines": 1, "excluded_lines": 0, "percent_statements_covered": 92.3076923076923, "percent_statements_covered_display": "92", "num_branches": 6, "num_partial_branches": 1, "covered_branches": 5, "missing_branches": 1, "percent_branches_covered": 83.33333333333333, "percent_branches_covered_display": "83"}, "missing_lines": [178], "excluded_lines": [], "start_line": 163, "executed_branches": [[170, 171], [170, 174], [174, 175], [174, 177], [177, 180]], "missing_branches": [[177, 178]]}, "ClockTreeVisualizer._draw_wires": {"executed_lines": [194, 196, 225, 226], "summary": {"covered_lines": 4, "num_statements": 4, "percent_covered": 100.0, "percent_covered_display": "100", "missing_lines": 0, "excluded_lines": 0, "percent_statements_covered": 100.0, "percent_statements_covered_display": "100", "num_branches": 0, "num_partial_branches": 0, "covered_branches": 0, "missing_branches": 0, "percent_branches_covered": 100.0, "percent_branches_covered_display": "100"}, "missing_lines": [], "excluded_lines": [], "start_line": 190, "executed_branches": [], "missing_branches": []}, "ClockTreeVisualizer._draw_wires.draw_wires_recursive": {"executed_lines": [197, 198, 200, 202, 205, 207, 214, 215, 216, 217, 222, 223], "summary": {"covered_lines": 12, "num_statements": 12, "percent_covered": 100.0, "percent_covered_display": "100", "missing_lines": 0, "excluded_lines": 0, "percent_statements_covered": 100.0, "percent_statements_covered_display": "100", "num_branches": 6, "num_partial_branches": 0, "covered_branches": 6, "missing_branches": 0, "percent_branches_covered": 100.0, "percent_branches_covered_display": "100"}, "missing_lines": [], "excluded_lines": [], "start_line": 196, "executed_branches": [[197, 198], [197, 200], [200, 202], [200, 222], [216, 217], [216, 222]], "missing_branches": []}, "ClockTreeVisualizer._draw_nodes": {"executed_lines": [235, 236, 240, 292, 293], "summary": {"covered_lines": 5, "num_statements": 5, "percent_covered": 100.0, "percent_covered_display": "100", "missing_lines": 0, "excluded_lines": 0, "percent_statements_covered": 100.0, "percent_statements_covered_display": "100", "num_branches": 0, "num_partial_branches": 0, "covered_branches": 0, "missing_branches": 0, "percent_branches_covered": 100.0, "percent_branches_covered_display": "100"}, "missing_lines": [], "excluded_lines": [], "start_line": 228, "executed_branches": [], "missing_branches": []}, "ClockTreeVisualizer._draw_nodes.draw_nodes_recursive": {"executed_lines": [241, 242, 244, 247, 248, 250, 251, 252, 253, 254, 255, 257, 258, 261, 267, 268, 274, 275, 276, 282, 283, 284, 289, 290], "summary": {"covered_lines": 24, "num_statements": 24, "percent_covered": 97.05882352941177, "percent_covered_display": "97", "missing_lines": 0, "excluded_lines": 0, "percent_statements_covered": 100.0, "percent_statements_covered_display": "100", "num_branches": 10, "num_partial_branches": 1, "covered_branches": 9, "missing_branches": 1, "percent_branches_covered": 90.0, "percent_branches_covered_display": "90"}, "missing_lines": [], "excluded_lines": [], "start_line": 240, "executed_branches": [[241, 242], [241, 244], [250, 251], [250, 253], [253, 254], [253, 257], [274, 275], [282, 283], [282, 289]], "missing_branches": [[274, 282]]}, "ClockTreeVisualizer._create_analysis_box": {"executed_lines": [299, 301, 311, 319, 320, 324, 325, 327], "summary": {"covered_lines": 8, "num_statements": 8, "percent_covered": 100.0, "percent_covered_display": "100", "missing_lines": 0, "excluded_lines": 0, "percent_statements_covered": 100.0, "percent_statements_covered_display": "100", "num_branches": 2, "num_partial_branches": 0, "covered_branches": 2, "missing_branches": 0, "percent_branches_covered": 100.0, "percent_branches_covered_display": "100"}, "missing_lines": [], "excluded_lines": [], "start_line": 295, "executed_branches": [[319, 320], [319, 324]], "missing_branches": []}, "create_interactive_svg": {"executed_lines": [353, 364, 367], "summary": {"covered_lines": 3, "num_statements": 3, "percent_covered": 100.0, "percent_covered_display": "100", "missing_lines": 0, "excluded_lines": 0, "percent_statements_covered": 100.0, "percent_statements_covered_display": "100", "num_branches": 0, "num_partial_branches": 0, "covered_branches": 0, "missing_branches": 0, "percent_branches_covered": 100.0, "percent_branches_covered_display": "100"}, "missing_lines": [], "excluded_lines": [], "start_line": 330, "executed_branches": [], "missing_branches": []}, "create_comparison_visualization": {"executed_lines": [409, 410, 412, 413, 414, 416, 417, 419, 430, 439, 440, 441, 443, 444, 447, 452, 462, 463, 464, 466, 467, 468, 469, 474, 475, 477, 480, 483, 490, 493, 494, 495, 497, 498, 500, 501, 502, 503, 504], "summary": {"covered_lines": 39, "num_statements": 41, "percent_covered": 89.47368421052632, "percent_covered_display": "89", "missing_lines": 2, "excluded_lines": 0, "percent_statements_covered": 95.1219512195122, "percent_statements_covered_display": "95", "num_branches": 16, "num_partial_branches": 4, "covered_branches": 12, "missing_branches": 4, "percent_branches_covered": 75.0, "percent_branches_covered_display": "75"}, "missing_lines": [478, 487], "excluded_lines": [], "start_line": 370, "executed_branches": [[409, 410], [409, 412], [439, 440], [439, 497], [466, 467], [467, 468], [467, 469], [469, 466], [469, 474], [477, 480], [483, 490], [500, 501]], "missing_branches": [[466, 477], [477, 478], [483, 487], [500, 504]]}, "create_delay_model_comparison": {"executed_lines": [523, 524, 526], "summary": {"covered_lines": 3, "num_statements": 3, "percent_covered": 100.0, "percent_covered_display": "100", "missing_lines": 0, "excluded_lines": 0, "percent_statements_covered": 100.0, "percent_statements_covered_display": "100", "num_branches": 0, "num_partial_branches": 0, "covered_branches": 0, "missing_branches": 0, "percent_branches_covered": 100.0, "percent_branches_covered_display": "100"}, "missing_lines": [], "excluded_lines": [], "start_line": 507, "executed_branches": [], "missing_branches": []}, "generate_random_points_for_sinks": {"executed_lines": [], "summary": {"covered_lines": 0, "num_statements": 4, "percent_covered": 0.0, "percent_covered_display": "0", "missing_lines": 4, "excluded_lines": 0, "percent_statements_covered": 0.0, "percent_statements_covered_display": "0", "num_branches": 0, "num_partial_branches": 0, "covered_branches": 0, "missing_branches": 0, "percent_branches_covered": 100.0, "percent_branches_covered_display": "100"}, "missing_lines": [533, 534, 535, 536], "excluded_lines": [], "start_line": 531, "executed_branches": [], "missing_branches": []}, "visualize_example_tree": {"executed_lines": [], "summary": {"covered_lines": 0, "num_statements": 23, "percent_covered": 0.0, "percent_covered_display": "0", "missing_lines": 23, "excluded_lines": 0, "percent_statements_covered": 0.0, "percent_statements_covered_display": "0", "num_branches": 0, "num_partial_branches": 0, "covered_branches": 0, "missing_branches": 0, "percent_branches_covered": 100.0, "percent_branches_covered_display": "100"}, "missing_lines": [542, 552, 563, 565, 567, 568, 569, 570, 573, 574, 575, 576, 579, 582, 590, 598, 604, 611, 613, 614, 615, 616, 618], "excluded_lines": [], "start_line": 540, "executed_branches": [], "missing_branches": []}, "": {"executed_lines": [8, 9, 11, 12, 13, 16, 19, 59, 150, 163, 190, 228, 295, 330, 370, 507, 531, 540], "summary": {"covered_lines": 18, "num_statements": 18, "percent_covered": 100.0, "percent_covered_display": "100", "missing_lines": 0, "excluded_lines": 3, "percent_statements_covered": 100.0, "percent_statements_covered_display": "100", "num_branches": 0, "num_partial_branches": 0, "covered_branches": 0, "missing_branches": 0, "percent_branches_covered": 100.0, "percent_branches_covered_display": "100"}, "missing_lines": [], "excluded_lines": [621, 623, 624], "start_line": 1, "executed_branches": [], "missing_branches": []}}, "classes": {"ClockTreeVisualizer": {"executed_lines": [50, 51, 52, 53, 54, 55, 56, 57, 101, 102, 105, 106, 107, 109, 110, 111, 112, 115, 128, 131, 134, 135, 138, 140, 143, 144, 145, 146, 148, 152, 154, 155, 156, 157, 158, 160, 161, 167, 170, 171, 174, 175, 177, 180, 181, 182, 183, 186, 188, 194, 196, 197, 198, 200, 202, 205, 207, 214, 215, 216, 217, 222, 223, 225, 226, 235, 236, 240, 241, 242, 244, 247, 248, 250, 251, 252, 253, 254, 255, 257, 258, 261, 267, 268, 274, 275, 276, 282, 283, 284, 289, 290, 292, 293, 299, 301, 311, 319, 320, 324, 325, 327], "summary": {"covered_lines": 102, "num_statements": 103, "percent_covered": 97.74436090225564, "percent_covered_display": "98", "missing_lines": 1, "excluded_lines": 0, "percent_statements_covered": 99.02912621359224, "percent_statements_covered_display": "99", "num_branches": 30, "num_partial_branches": 2, "covered_branches": 28, "missing_branches": 2, "percent_branches_covered": 93.33333333333333, "percent_branches_covered_display": "93"}, "missing_lines": [178], "excluded_lines": [], "start_line": 16, "executed_branches": [[134, 135], [134, 138], [143, 144], [143, 148], [155, -154], [155, 156], [170, 171], [170, 174], [174, 175], [174, 177], [177, 180], [197, 198], [197, 200], [200, 202], [200, 222], [216, 217], [216, 222], [241, 242], [241, 244], [250, 251], [250, 253], [253, 254], [253, 257], [274, 275], [282, 283], [282, 289], [319, 320], [319, 324]], "missing_branches": [[177, 178], [274, 282]]}, "": {"executed_lines": [8, 9, 11, 12, 13, 16, 19, 59, 150, 163, 190, 228, 295, 330, 353, 364, 367, 370, 409, 410, 412, 413, 414, 416, 417, 419, 430, 439, 440, 441, 443, 444, 447, 452, 462, 463, 464, 466, 467, 468, 469, 474, 475, 477, 480, 483, 490, 493, 494, 495, 497, 498, 500, 501, 502, 503, 504, 507, 523, 524, 526, 531, 540], "summary": {"covered_lines": 63, "num_statements": 92, "percent_covered": 69.44444444444444, "percent_covered_display": "69", "missing_lines": 29, "excluded_lines": 3, "percent_statements_covered": 68.47826086956522, "percent_statements_covered_display": "68", "num_branches": 16, "num_partial_branches": 4, "covered_branches": 12, "missing_branches": 4, "percent_branches_covered": 75.0, "percent_branches_covered_display": "75"}, "missing_lines": [478, 487, 533, 534, 535, 536, 542, 552, 563, 565, 567, 568, 569, 570, 573, 574, 575, 576, 579, 582, 590, 598, 604, 611, 613, 614, 615, 616, 618], "excluded_lines": [621, 623, 624], "start_line": 1, "executed_branches": [[409, 410], [409, 412], [439, 440], [439, 497], [466, 467], [467, 468], [467, 469], [469, 466], [469, 474], [477, 480], [483, 490], [500, 501]], "missing_branches": [[466, 477], [477, 478], [483, 487], [500, 504]]}}}, "src\\physdes\\cts\\dme_algorithm.py": {"executed_lines": [24, 25, 26, 27, 30, 31, 32, 35, 36, 56, 57, 58, 61, 62, 78, 79, 80, 81, 82, 83, 84, 85, 86, 89, 92, 93, 97, 98, 102, 103, 107, 108, 118, 121, 134, 135, 137, 153, 155, 170, 172, 187, 189, 196, 197, 200, 201, 202, 204, 207, 209, 217, 223, 230, 231, 233, 236, 239, 252, 253, 255, 271, 272, 274, 276, 291, 293, 308, 310, 317, 321, 322, 323, 324, 329, 330, 331, 332, 336, 339, 341, 349, 355, 356, 357, 358, 359, 360, 362, 363, 365, 368, 458, 460, 485, 486, 488, 489, 490, 491, 494, 495, 497, 505, 511, 514, 517, 520, 522, 524, 538, 539, 544, 553, 554, 555, 560, 561, 566, 572, 575, 576, 578, 580, 590, 592, 593, 597, 598, 599, 603, 605, 606, 610, 615, 621, 625, 626, 630, 631, 632, 634, 635, 637, 653, 657, 658, 660, 664, 665, 666, 673, 675, 676, 677, 682, 683, 685, 686, 688, 696, 699, 700, 705, 706, 710, 713, 717, 718, 720, 722, 732, 734, 735, 737, 738, 739, 740, 741, 742, 744, 746, 747, 748, 750, 759, 769, 771, 773, 775, 776, 777, 778, 779, 781, 782, 785, 807, 808, 809, 811, 814, 815, 817, 829, 830, 832, 833, 843, 844, 846, 848, 859], "summary": {"covered_lines": 213, "num_statements": 260, "percent_covered": 81.84713375796179, "percent_covered_display": "82", "missing_lines": 47, "excluded_lines": 3, "percent_statements_covered": 81.92307692307692, "percent_statements_covered_display": "82", "num_branches": 54, "num_partial_branches": 10, "covered_branches": 44, "missing_branches": 10, "percent_branches_covered": 81.48148148148148, "percent_branches_covered_display": "81"}, "missing_lines": [95, 100, 105, 115, 218, 219, 220, 221, 222, 224, 225, 226, 227, 228, 318, 350, 351, 352, 353, 354, 492, 604, 668, 736, 774, 865, 873, 874, 875, 876, 877, 879, 880, 881, 882, 883, 885, 886, 887, 888, 889, 891, 892, 893, 894, 895, 897], "excluded_lines": [900, 902, 908], "executed_branches": [[196, 197], [196, 200], [217, 223], [223, 230], [317, 321], [349, 355], [355, 356], [355, 362], [485, 486], [485, 488], [491, 494], [538, 539], [538, 544], [593, 597], [593, 603], [603, 605], [657, 658], [657, 660], [660, 664], [660, 673], [665, 666], [675, 676], [699, 700], [699, 705], [705, 706], [705, 713], [735, 737], [737, 738], [737, 739], [739, 740], [739, 741], [741, -734], [741, 742], [773, 775], [776, 777], [776, 778], [778, -771], [778, 779], [814, 815], [814, 817], [829, 830], [829, 832], [832, 833], [832, 843]], "missing_branches": [[217, 218], [223, 224], [317, 318], [349, 350], [491, 492], [603, 604], [665, 668], [675, 682], [735, 736], [773, 774]], "functions": {"DelayCalculator.calculate_wire_delay": {"executed_lines": [], "summary": {"covered_lines": 0, "num_statements": 1, "percent_covered": 0.0, "percent_covered_display": "0", "missing_lines": 1, "excluded_lines": 0, "percent_statements_covered": 0.0, "percent_statements_covered_display": "0", "num_branches": 0, "num_partial_branches": 0, "covered_branches": 0, "missing_branches": 0, "percent_branches_covered": 100.0, "percent_branches_covered_display": "100"}, "missing_lines": [95], "excluded_lines": [], "start_line": 93, "executed_branches": [], "missing_branches": []}, "DelayCalculator.calculate_wire_delay_per_unit": {"executed_lines": [], "summary": {"covered_lines": 0, "num_statements": 1, "percent_covered": 0.0, "percent_covered_display": "0", "missing_lines": 1, "excluded_lines": 0, "percent_statements_covered": 0.0, "percent_statements_covered_display": "0", "num_branches": 0, "num_partial_branches": 0, "covered_branches": 0, "missing_branches": 0, "percent_branches_covered": 100.0, "percent_branches_covered_display": "100"}, "missing_lines": [100], "excluded_lines": [], "start_line": 98, "executed_branches": [], "missing_branches": []}, "DelayCalculator.calculate_wire_capacitance": {"executed_lines": [], "summary": {"covered_lines": 0, "num_statements": 1, "percent_covered": 0.0, "percent_covered_display": "0", "missing_lines": 1, "excluded_lines": 0, "percent_statements_covered": 0.0, "percent_statements_covered_display": "0", "num_branches": 0, "num_partial_branches": 0, "covered_branches": 0, "missing_branches": 0, "percent_branches_covered": 100.0, "percent_branches_covered_display": "100"}, "missing_lines": [105], "excluded_lines": [], "start_line": 103, "executed_branches": [], "missing_branches": []}, "DelayCalculator.calculate_tapping_point": {"executed_lines": [], "summary": {"covered_lines": 0, "num_statements": 1, "percent_covered": 0.0, "percent_covered_display": "0", "missing_lines": 1, "excluded_lines": 0, "percent_statements_covered": 0.0, "percent_statements_covered_display": "0", "num_branches": 0, "num_partial_branches": 0, "covered_branches": 0, "missing_branches": 0, "percent_branches_covered": 100.0, "percent_branches_covered_display": "100"}, "missing_lines": [115], "excluded_lines": [], "start_line": 108, "executed_branches": [], "missing_branches": []}, "LinearDelayCalculator.__init__": {"executed_lines": [134, 135], "summary": {"covered_lines": 2, "num_statements": 2, "percent_covered": 100.0, "percent_covered_display": "100", "missing_lines": 0, "excluded_lines": 0, "percent_statements_covered": 100.0, "percent_statements_covered_display": "100", "num_branches": 0, "num_partial_branches": 0, "covered_branches": 0, "missing_branches": 0, "percent_branches_covered": 100.0, "percent_branches_covered_display": "100"}, "missing_lines": [], "excluded_lines": [], "start_line": 121, "executed_branches": [], "missing_branches": []}, "LinearDelayCalculator.calculate_wire_delay": {"executed_lines": [153], "summary": {"covered_lines": 1, "num_statements": 1, "percent_covered": 100.0, "percent_covered_display": "100", "missing_lines": 0, "excluded_lines": 0, "percent_statements_covered": 100.0, "percent_statements_covered_display": "100", "num_branches": 0, "num_partial_branches": 0, "covered_branches": 0, "missing_branches": 0, "percent_branches_covered": 100.0, "percent_branches_covered_display": "100"}, "missing_lines": [], "excluded_lines": [], "start_line": 137, "executed_branches": [], "missing_branches": []}, "LinearDelayCalculator.calculate_wire_delay_per_unit": {"executed_lines": [170], "summary": {"covered_lines": 1, "num_statements": 1, "percent_covered": 100.0, "percent_covered_display": "100", "missing_lines": 0, "excluded_lines": 0, "percent_statements_covered": 100.0, "percent_statements_covered_display": "100", "num_branches": 0, "num_partial_branches": 0, "covered_branches": 0, "missing_branches": 0, "percent_branches_covered": 100.0, "percent_branches_covered_display": "100"}, "missing_lines": [], "excluded_lines": [], "start_line": 155, "executed_branches": [], "missing_branches": []}, "LinearDelayCalculator.calculate_wire_capacitance": {"executed_lines": [187], "summary": {"covered_lines": 1, "num_statements": 1, "percent_covered": 100.0, "percent_covered_display": "100", "missing_lines": 0, "excluded_lines": 0, "percent_statements_covered": 100.0, "percent_statements_covered_display": "100", "num_branches": 0, "num_partial_branches": 0, "covered_branches": 0, "missing_branches": 0, "percent_branches_covered": 100.0, "percent_branches_covered_display": "100"}, "missing_lines": [], "excluded_lines": [], "start_line": 172, "executed_branches": [], "missing_branches": []}, "LinearDelayCalculator.calculate_tapping_point": {"executed_lines": [196, 197, 200, 201, 202, 204, 207], "summary": {"covered_lines": 7, "num_statements": 7, "percent_covered": 100.0, "percent_covered_display": "100", "missing_lines": 0, "excluded_lines": 0, "percent_statements_covered": 100.0, "percent_statements_covered_display": "100", "num_branches": 2, "num_partial_branches": 0, "covered_branches": 2, "missing_branches": 0, "percent_branches_covered": 100.0, "percent_branches_covered_display": "100"}, "missing_lines": [], "excluded_lines": [], "start_line": 189, "executed_branches": [[196, 197], [196, 200]], "missing_branches": []}, "LinearDelayCalculator._handle_boundary_conditions": {"executed_lines": [217, 223, 230, 231, 233], "summary": {"covered_lines": 5, "num_statements": 15, "percent_covered": 36.8421052631579, "percent_covered_display": "37", "missing_lines": 10, "excluded_lines": 0, "percent_statements_covered": 33.333333333333336, "percent_statements_covered_display": "33", "num_branches": 4, "num_partial_branches": 2, "covered_branches": 2, "missing_branches": 2, "percent_branches_covered": 50.0, "percent_branches_covered_display": "50"}, "missing_lines": [218, 219, 220, 221, 222, 224, 225, 226, 227, 228], "excluded_lines": [], "start_line": 209, "executed_branches": [[217, 223], [223, 230]], "missing_branches": [[217, 218], [223, 224]]}, "ElmoreDelayCalculator.__init__": {"executed_lines": [252, 253], "summary": {"covered_lines": 2, "num_statements": 2, "percent_covered": 100.0, "percent_covered_display": "100", "missing_lines": 0, "excluded_lines": 0, "percent_statements_covered": 100.0, "percent_statements_covered_display": "100", "num_branches": 0, "num_partial_branches": 0, "covered_branches": 0, "missing_branches": 0, "percent_branches_covered": 100.0, "percent_branches_covered_display": "100"}, "missing_lines": [], "excluded_lines": [], "start_line": 239, "executed_branches": [], "missing_branches": []}, "ElmoreDelayCalculator.calculate_wire_delay": {"executed_lines": [271, 272, 274], "summary": {"covered_lines": 3, "num_statements": 3, "percent_covered": 100.0, "percent_covered_display": "100", "missing_lines": 0, "excluded_lines": 0, "percent_statements_covered": 100.0, "percent_statements_covered_display": "100", "num_branches": 0, "num_partial_branches": 0, "covered_branches": 0, "missing_branches": 0, "percent_branches_covered": 100.0, "percent_branches_covered_display": "100"}, "missing_lines": [], "excluded_lines": [], "start_line": 255, "executed_branches": [], "missing_branches": []}, "ElmoreDelayCalculator.calculate_wire_delay_per_unit": {"executed_lines": [291], "summary": {"covered_lines": 1, "num_statements": 1, "percent_covered": 100.0, "percent_covered_display": "100", "missing_lines": 0, "excluded_lines": 0, "percent_statements_covered": 100.0, "percent_statements_covered_display": "100", "num_branches": 0, "num_partial_branches": 0, "covered_branches": 0, "missing_branches": 0, "percent_branches_covered": 100.0, "percent_branches_covered_display": "100"}, "missing_lines": [], "excluded_lines": [], "start_line": 276, "executed_branches": [], "missing_branches": []}, "ElmoreDelayCalculator.calculate_wire_capacitance": {"executed_lines": [308], "summary": {"covered_lines": 1, "num_statements": 1, "percent_covered": 100.0, "percent_covered_display": "100", "missing_lines": 0, "excluded_lines": 0, "percent_statements_covered": 100.0, "percent_statements_covered_display": "100", "num_branches": 0, "num_partial_branches": 0, "covered_branches": 0, "missing_branches": 0, "percent_branches_covered": 100.0, "percent_branches_covered_display": "100"}, "missing_lines": [], "excluded_lines": [], "start_line": 293, "executed_branches": [], "missing_branches": []}, "ElmoreDelayCalculator.calculate_tapping_point": {"executed_lines": [317, 321, 322, 323, 324, 329, 330, 331, 332, 336, 339], "summary": {"covered_lines": 11, "num_statements": 12, "percent_covered": 85.71428571428571, "percent_covered_display": "86", "missing_lines": 1, "excluded_lines": 0, "percent_statements_covered": 91.66666666666667, "percent_statements_covered_display": "92", "num_branches": 2, "num_partial_branches": 1, "covered_branches": 1, "missing_branches": 1, "percent_branches_covered": 50.0, "percent_branches_covered_display": "50"}, "missing_lines": [318], "excluded_lines": [], "start_line": 310, "executed_branches": [[317, 321]], "missing_branches": [[317, 318]]}, "ElmoreDelayCalculator._handle_boundary_conditions": {"executed_lines": [349, 355, 356, 357, 358, 359, 360, 362, 363, 365], "summary": {"covered_lines": 10, "num_statements": 15, "percent_covered": 68.42105263157895, "percent_covered_display": "68", "missing_lines": 5, "excluded_lines": 0, "percent_statements_covered": 66.66666666666667, "percent_statements_covered_display": "67", "num_branches": 4, "num_partial_branches": 1, "covered_branches": 3, "missing_branches": 1, "percent_branches_covered": 75.0, "percent_branches_covered_display": "75"}, "missing_lines": [350, 351, 352, 353, 354], "excluded_lines": [], "start_line": 341, "executed_branches": [[349, 355], [355, 356], [355, 362]], "missing_branches": [[349, 350]]}, "DMEAlgorithm.__init__": {"executed_lines": [485, 486, 488, 489, 490, 491, 494, 495], "summary": {"covered_lines": 8, "num_statements": 9, "percent_covered": 84.61538461538461, "percent_covered_display": "85", "missing_lines": 1, "excluded_lines": 0, "percent_statements_covered": 88.88888888888889, "percent_statements_covered_display": "89", "num_branches": 4, "num_partial_branches": 1, "covered_branches": 3, "missing_branches": 1, "percent_branches_covered": 75.0, "percent_branches_covered_display": "75"}, "missing_lines": [492], "excluded_lines": [], "start_line": 460, "executed_branches": [[485, 486], [485, 488], [491, 494]], "missing_branches": [[491, 492]]}, "DMEAlgorithm.build_clock_tree": {"executed_lines": [505, 511, 514, 517, 520, 522], "summary": {"covered_lines": 6, "num_statements": 6, "percent_covered": 100.0, "percent_covered_display": "100", "missing_lines": 0, "excluded_lines": 0, "percent_statements_covered": 100.0, "percent_statements_covered_display": "100", "num_branches": 0, "num_partial_branches": 0, "covered_branches": 0, "missing_branches": 0, "percent_branches_covered": 100.0, "percent_branches_covered_display": "100"}, "missing_lines": [], "excluded_lines": [], "start_line": 497, "executed_branches": [], "missing_branches": []}, "DMEAlgorithm._build_merging_tree": {"executed_lines": [538, 539, 544, 553, 554, 555, 560, 561, 566, 572, 575, 576, 578], "summary": {"covered_lines": 13, "num_statements": 13, "percent_covered": 100.0, "percent_covered_display": "100", "missing_lines": 0, "excluded_lines": 0, "percent_statements_covered": 100.0, "percent_statements_covered_display": "100", "num_branches": 2, "num_partial_branches": 0, "covered_branches": 2, "missing_branches": 0, "percent_branches_covered": 100.0, "percent_branches_covered_display": "100"}, "missing_lines": [], "excluded_lines": [], "start_line": 524, "executed_branches": [[538, 539], [538, 544]], "missing_branches": []}, "DMEAlgorithm._compute_merging_segments": {"executed_lines": [590, 592, 634, 635], "summary": {"covered_lines": 4, "num_statements": 4, "percent_covered": 100.0, "percent_covered_display": "100", "missing_lines": 0, "excluded_lines": 0, "percent_statements_covered": 100.0, "percent_statements_covered_display": "100", "num_branches": 0, "num_partial_branches": 0, "covered_branches": 0, "missing_branches": 0, "percent_branches_covered": 100.0, "percent_branches_covered_display": "100"}, "missing_lines": [], "excluded_lines": [], "start_line": 580, "executed_branches": [], "missing_branches": []}, "DMEAlgorithm._compute_merging_segments.compute_segment": {"executed_lines": [593, 597, 598, 599, 603, 605, 606, 610, 615, 621, 625, 626, 630, 631, 632], "summary": {"covered_lines": 15, "num_statements": 16, "percent_covered": 90.0, "percent_covered_display": "90", "missing_lines": 1, "excluded_lines": 0, "percent_statements_covered": 93.75, "percent_statements_covered_display": "94", "num_branches": 4, "num_partial_branches": 1, "covered_branches": 3, "missing_branches": 1, "percent_branches_covered": 75.0, "percent_branches_covered_display": "75"}, "missing_lines": [604], "excluded_lines": [], "start_line": 592, "executed_branches": [[593, 597], [593, 603], [603, 605]], "missing_branches": [[603, 604]]}, "DMEAlgorithm._embed_tree": {"executed_lines": [653, 685, 686], "summary": {"covered_lines": 3, "num_statements": 3, "percent_covered": 100.0, "percent_covered_display": "100", "missing_lines": 0, "excluded_lines": 0, "percent_statements_covered": 100.0, "percent_statements_covered_display": "100", "num_branches": 0, "num_partial_branches": 0, "covered_branches": 0, "missing_branches": 0, "percent_branches_covered": 100.0, "percent_branches_covered_display": "100"}, "missing_lines": [], "excluded_lines": [], "start_line": 637, "executed_branches": [], "missing_branches": []}, "DMEAlgorithm._embed_tree.embed_node": {"executed_lines": [657, 658, 660, 664, 665, 666, 673, 675, 676, 677, 682, 683], "summary": {"covered_lines": 12, "num_statements": 13, "percent_covered": 85.71428571428571, "percent_covered_display": "86", "missing_lines": 1, "excluded_lines": 0, "percent_statements_covered": 92.3076923076923, "percent_statements_covered_display": "92", "num_branches": 8, "num_partial_branches": 2, "covered_branches": 6, "missing_branches": 2, "percent_branches_covered": 75.0, "percent_branches_covered_display": "75"}, "missing_lines": [668], "excluded_lines": [], "start_line": 653, "executed_branches": [[657, 658], [657, 660], [660, 664], [660, 673], [665, 666], [675, 676]], "missing_branches": [[665, 668], [675, 682]]}, "DMEAlgorithm._compute_tree_parameters": {"executed_lines": [696, 720], "summary": {"covered_lines": 2, "num_statements": 2, "percent_covered": 100.0, "percent_covered_display": "100", "missing_lines": 0, "excluded_lines": 0, "percent_statements_covered": 100.0, "percent_statements_covered_display": "100", "num_branches": 0, "num_partial_branches": 0, "covered_branches": 0, "missing_branches": 0, "percent_branches_covered": 100.0, "percent_branches_covered_display": "100"}, "missing_lines": [], "excluded_lines": [], "start_line": 688, "executed_branches": [], "missing_branches": []}, "DMEAlgorithm._compute_tree_parameters.compute_delays": {"executed_lines": [699, 700, 705, 706, 710, 713, 717, 718], "summary": {"covered_lines": 8, "num_statements": 8, "percent_covered": 100.0, "percent_covered_display": "100", "missing_lines": 0, "excluded_lines": 0, "percent_statements_covered": 100.0, "percent_statements_covered_display": "100", "num_branches": 4, "num_partial_branches": 0, "covered_branches": 4, "missing_branches": 0, "percent_branches_covered": 100.0, "percent_branches_covered_display": "100"}, "missing_lines": [], "excluded_lines": [], "start_line": 696, "executed_branches": [[699, 700], [699, 705], [705, 706], [705, 713]], "missing_branches": []}, "DMEAlgorithm.analyze_skew": {"executed_lines": [732, 734, 744, 746, 747, 748, 750], "summary": {"covered_lines": 7, "num_statements": 7, "percent_covered": 100.0, "percent_covered_display": "100", "missing_lines": 0, "excluded_lines": 0, "percent_statements_covered": 100.0, "percent_statements_covered_display": "100", "num_branches": 0, "num_partial_branches": 0, "covered_branches": 0, "missing_branches": 0, "percent_branches_covered": 100.0, "percent_branches_covered_display": "100"}, "missing_lines": [], "excluded_lines": [], "start_line": 722, "executed_branches": [], "missing_branches": []}, "DMEAlgorithm.analyze_skew.collect_sink_delays": {"executed_lines": [735, 737, 738, 739, 740, 741, 742], "summary": {"covered_lines": 7, "num_statements": 8, "percent_covered": 87.5, "percent_covered_display": "88", "missing_lines": 1, "excluded_lines": 0, "percent_statements_covered": 87.5, "percent_statements_covered_display": "88", "num_branches": 8, "num_partial_branches": 1, "covered_branches": 7, "missing_branches": 1, "percent_branches_covered": 87.5, "percent_branches_covered_display": "88"}, "missing_lines": [736], "excluded_lines": [], "start_line": 734, "executed_branches": [[735, 737], [737, 738], [737, 739], [739, 740], [739, 741], [741, -734], [741, 742]], "missing_branches": [[735, 736]]}, "DMEAlgorithm._total_wirelength": {"executed_lines": [769, 771, 781, 782], "summary": {"covered_lines": 4, "num_statements": 4, "percent_covered": 100.0, "percent_covered_display": "100", "missing_lines": 0, "excluded_lines": 0, "percent_statements_covered": 100.0, "percent_statements_covered_display": "100", "num_branches": 0, "num_partial_branches": 0, "covered_branches": 0, "missing_branches": 0, "percent_branches_covered": 100.0, "percent_branches_covered_display": "100"}, "missing_lines": [], "excluded_lines": [], "start_line": 759, "executed_branches": [], "missing_branches": []}, "DMEAlgorithm._total_wirelength.sum_wirelength": {"executed_lines": [773, 775, 776, 777, 778, 779], "summary": {"covered_lines": 6, "num_statements": 7, "percent_covered": 84.61538461538461, "percent_covered_display": "85", "missing_lines": 1, "excluded_lines": 0, "percent_statements_covered": 85.71428571428571, "percent_statements_covered_display": "86", "num_branches": 6, "num_partial_branches": 1, "covered_branches": 5, "missing_branches": 1, "percent_branches_covered": 83.33333333333333, "percent_branches_covered_display": "83"}, "missing_lines": [774], "excluded_lines": [], "start_line": 771, "executed_branches": [[773, 775], [776, 777], [776, 778], [778, -771], [778, 779]], "missing_branches": [[773, 774]]}, "get_tree_statistics": {"executed_lines": [807, 808, 809, 811, 846, 848], "summary": {"covered_lines": 6, "num_statements": 6, "percent_covered": 100.0, "percent_covered_display": "100", "missing_lines": 0, "excluded_lines": 0, "percent_statements_covered": 100.0, "percent_statements_covered_display": "100", "num_branches": 0, "num_partial_branches": 0, "covered_branches": 0, "missing_branches": 0, "percent_branches_covered": 100.0, "percent_branches_covered_display": "100"}, "missing_lines": [], "excluded_lines": [], "start_line": 785, "executed_branches": [], "missing_branches": []}, "get_tree_statistics.traverse": {"executed_lines": [814, 815, 817, 829, 830, 832, 833, 843, 844], "summary": {"covered_lines": 9, "num_statements": 9, "percent_covered": 100.0, "percent_covered_display": "100", "missing_lines": 0, "excluded_lines": 0, "percent_statements_covered": 100.0, "percent_statements_covered_display": "100", "num_branches": 6, "num_partial_branches": 0, "covered_branches": 6, "missing_branches": 0, "percent_branches_covered": 100.0, "percent_branches_covered_display": "100"}, "missing_lines": [], "excluded_lines": [], "start_line": 811, "executed_branches": [[814, 815], [814, 817], [829, 830], [829, 832], [832, 833], [832, 843]], "missing_branches": []}, "example_dme_usage": {"executed_lines": [], "summary": {"covered_lines": 0, "num_statements": 22, "percent_covered": 0.0, "percent_covered_display": "0", "missing_lines": 22, "excluded_lines": 0, "percent_statements_covered": 0.0, "percent_statements_covered_display": "0", "num_branches": 0, "num_partial_branches": 0, "covered_branches": 0, "missing_branches": 0, "percent_branches_covered": 100.0, "percent_branches_covered_display": "100"}, "missing_lines": [865, 873, 874, 875, 876, 877, 879, 880, 881, 882, 883, 885, 886, 887, 888, 889, 891, 892, 893, 894, 895, 897], "excluded_lines": [], "start_line": 859, "executed_branches": [], "missing_branches": []}, "": {"executed_lines": [24, 25, 26, 27, 30, 31, 32, 35, 36, 56, 57, 58, 61, 62, 78, 79, 80, 81, 82, 83, 84, 85, 86, 89, 92, 93, 97, 98, 102, 103, 107, 108, 118, 121, 137, 155, 172, 189, 209, 236, 239, 255, 276, 293, 310, 341, 368, 458, 460, 497, 524, 580, 637, 688, 722, 759, 785, 859], "summary": {"covered_lines": 58, "num_statements": 58, "percent_covered": 100.0, "percent_covered_display": "100", "missing_lines": 0, "excluded_lines": 3, "percent_statements_covered": 100.0, "percent_statements_covered_display": "100", "num_branches": 0, "num_partial_branches": 0, "covered_branches": 0, "missing_branches": 0, "percent_branches_covered": 100.0, "percent_branches_covered_display": "100"}, "missing_lines": [], "excluded_lines": [900, 902, 908], "start_line": 1, "executed_branches": [], "missing_branches": []}}, "classes": {"Sink": {"executed_lines": [], "summary": {"covered_lines": 0, "num_statements": 0, "percent_covered": 100.0, "percent_covered_display": "100", "missing_lines": 0, "excluded_lines": 0, "percent_statements_covered": 100.0, "percent_statements_covered_display": "100", "num_branches": 0, "num_partial_branches": 0, "covered_branches": 0, "missing_branches": 0, "percent_branches_covered": 100.0, "percent_branches_covered_display": "100"}, "missing_lines": [], "excluded_lines": [], "start_line": 36, "executed_branches": [], "missing_branches": []}, "TreeNode": {"executed_lines": [], "summary": {"covered_lines": 0, "num_statements": 0, "percent_covered": 100.0, "percent_covered_display": "100", "missing_lines": 0, "excluded_lines": 0, "percent_statements_covered": 100.0, "percent_statements_covered_display": "100", "num_branches": 0, "num_partial_branches": 0, "covered_branches": 0, "missing_branches": 0, "percent_branches_covered": 100.0, "percent_branches_covered_display": "100"}, "missing_lines": [], "excluded_lines": [], "start_line": 62, "executed_branches": [], "missing_branches": []}, "DelayCalculator": {"executed_lines": [], "summary": {"covered_lines": 0, "num_statements": 4, "percent_covered": 0.0, "percent_covered_display": "0", "missing_lines": 4, "excluded_lines": 0, "percent_statements_covered": 0.0, "percent_statements_covered_display": "0", "num_branches": 0, "num_partial_branches": 0, "covered_branches": 0, "missing_branches": 0, "percent_branches_covered": 100.0, "percent_branches_covered_display": "100"}, "missing_lines": [95, 100, 105, 115], "excluded_lines": [], "start_line": 89, "executed_branches": [], "missing_branches": []}, "LinearDelayCalculator": {"executed_lines": [134, 135, 153, 170, 187, 196, 197, 200, 201, 202, 204, 207, 217, 223, 230, 231, 233], "summary": {"covered_lines": 17, "num_statements": 27, "percent_covered": 63.63636363636363, "percent_covered_display": "64", "missing_lines": 10, "excluded_lines": 0, "percent_statements_covered": 62.96296296296296, "percent_statements_covered_display": "63", "num_branches": 6, "num_partial_branches": 2, "covered_branches": 4, "missing_branches": 2, "percent_branches_covered": 66.66666666666667, "percent_branches_covered_display": "67"}, "missing_lines": [218, 219, 220, 221, 222, 224, 225, 226, 227, 228], "excluded_lines": [], "start_line": 118, "executed_branches": [[196, 197], [196, 200], [217, 223], [223, 230]], "missing_branches": [[217, 218], [223, 224]]}, "ElmoreDelayCalculator": {"executed_lines": [252, 253, 271, 272, 274, 291, 308, 317, 321, 322, 323, 324, 329, 330, 331, 332, 336, 339, 349, 355, 356, 357, 358, 359, 360, 362, 363, 365], "summary": {"covered_lines": 28, "num_statements": 34, "percent_covered": 80.0, "percent_covered_display": "80", "missing_lines": 6, "excluded_lines": 0, "percent_statements_covered": 82.3529411764706, "percent_statements_covered_display": "82", "num_branches": 6, "num_partial_branches": 2, "covered_branches": 4, "missing_branches": 2, "percent_branches_covered": 66.66666666666667, "percent_branches_covered_display": "67"}, "missing_lines": [318, 350, 351, 352, 353, 354], "excluded_lines": [], "start_line": 236, "executed_branches": [[317, 321], [349, 355], [355, 356], [355, 362]], "missing_branches": [[317, 318], [349, 350]]}, "DMEAlgorithm": {"executed_lines": [485, 486, 488, 489, 490, 491, 494, 495, 505, 511, 514, 517, 520, 522, 538, 539, 544, 553, 554, 555, 560, 561, 566, 572, 575, 576, 578, 590, 592, 593, 597, 598, 599, 603, 605, 606, 610, 615, 621, 625, 626, 630, 631, 632, 634, 635, 653, 657, 658, 660, 664, 665, 666, 673, 675, 676, 677, 682, 683, 685, 686, 696, 699, 700, 705, 706, 710, 713, 717, 718, 720, 732, 734, 735, 737, 738, 739, 740, 741, 742, 744, 746, 747, 748, 750, 769, 771, 773, 775, 776, 777, 778, 779, 781, 782], "summary": {"covered_lines": 95, "num_statements": 100, "percent_covered": 91.91176470588235, "percent_covered_display": "92", "missing_lines": 5, "excluded_lines": 0, "percent_statements_covered": 95.0, "percent_statements_covered_display": "95", "num_branches": 36, "num_partial_branches": 6, "covered_branches": 30, "missing_branches": 6, "percent_branches_covered": 83.33333333333333, "percent_branches_covered_display": "83"}, "missing_lines": [492, 604, 668, 736, 774], "excluded_lines": [], "start_line": 368, "executed_branches": [[485, 486], [485, 488], [491, 494], [538, 539], [538, 544], [593, 597], [593, 603], [603, 605], [657, 658], [657, 660], [660, 664], [660, 673], [665, 666], [675, 676], [699, 700], [699, 705], [705, 706], [705, 713], [735, 737], [737, 738], [737, 739], [739, 740], [739, 741], [741, -734], [741, 742], [773, 775], [776, 777], [776, 778], [778, -771], [778, 779]], "missing_branches": [[491, 492], [603, 604], [665, 668], [675, 682], [735, 736], [773, 774]]}, "": {"executed_lines": [24, 25, 26, 27, 30, 31, 32, 35, 36, 56, 57, 58, 61, 62, 78, 79, 80, 81, 82, 83, 84, 85, 86, 89, 92, 93, 97, 98, 102, 103, 107, 108, 118, 121, 137, 155, 172, 189, 209, 236, 239, 255, 276, 293, 310, 341, 368, 458, 460, 497, 524, 580, 637, 688, 722, 759, 785, 807, 808, 809, 811, 814, 815, 817, 829, 830, 832, 833, 843, 844, 846, 848, 859], "summary": {"covered_lines": 73, "num_statements": 95, "percent_covered": 78.21782178217822, "percent_covered_display": "78", "missing_lines": 22, "excluded_lines": 3, "percent_statements_covered": 76.84210526315789, "percent_statements_covered_display": "77", "num_branches": 6, "num_partial_branches": 0, "covered_branches": 6, "missing_branches": 0, "percent_branches_covered": 100.0, "percent_branches_covered_display": "100"}, "missing_lines": [865, 873, 874, 875, 876, 877, 879, 880, 881, 882, 883, 885, 886, 887, 888, 889, 891, 892, 893, 894, 895, 897], "excluded_lines": [900, 902, 908], "start_line": 1, "executed_branches": [[814, 815], [814, 817], [829, 830], [829, 832], [832, 833], [832, 843]], "missing_branches": []}}}, "src\\physdes\\generic.py": {"executed_lines": [45, 48, 87, 88, 89, 90, 92, 93, 96, 133, 134, 135, 136, 138, 139, 142, 182, 183, 184, 185, 187, 188, 191, 239, 240, 241, 242, 244, 247, 266, 267, 269, 316, 330, 331, 336, 350, 353, 356, 370, 373, 376, 390, 391, 393, 396, 424, 425, 427], "summary": {"covered_lines": 49, "num_statements": 52, "percent_covered": 92.5, "percent_covered_display": "92", "missing_lines": 3, "excluded_lines": 3, "percent_statements_covered": 94.23076923076923, "percent_statements_covered_display": "94", "num_branches": 28, "num_partial_branches": 3, "covered_branches": 25, "missing_branches": 3, "percent_branches_covered": 89.28571428571429, "percent_branches_covered_display": "89"}, "missing_lines": [333, 351, 371], "excluded_lines": [430, 431, 433], "executed_branches": [[87, 88], [87, 89], [89, 90], [89, 92], [133, 134], [133, 135], [135, 136], [135, 138], [182, 183], [182, 184], [184, 185], [184, 187], [239, 240], [239, 241], [241, 242], [241, 244], [266, 267], [266, 269], [330, 331], [350, 353], [370, 373], [390, 391], [390, 393], [424, 425], [424, 427]], "missing_branches": [[330, 333], [350, 351], [370, 371]], "functions": {"overlap": {"executed_lines": [87, 88, 89, 90, 92, 93], "summary": {"covered_lines": 6, "num_statements": 6, "percent_covered": 100.0, "percent_covered_display": "100", "missing_lines": 0, "excluded_lines": 0, "percent_statements_covered": 100.0, "percent_statements_covered_display": "100", "num_branches": 4, "num_partial_branches": 0, "covered_branches": 4, "missing_branches": 0, "percent_branches_covered": 100.0, "percent_branches_covered_display": "100"}, "missing_lines": [], "excluded_lines": [], "start_line": 48, "executed_branches": [[87, 88], [87, 89], [89, 90], [89, 92]], "missing_branches": []}, "contain": {"executed_lines": [133, 134, 135, 136, 138, 139], "summary": {"covered_lines": 6, "num_statements": 6, "percent_covered": 100.0, "percent_covered_display": "100", "missing_lines": 0, "excluded_lines": 0, "percent_statements_covered": 100.0, "percent_statements_covered_display": "100", "num_branches": 4, "num_partial_branches": 0, "covered_branches": 4, "missing_branches": 0, "percent_branches_covered": 100.0, "percent_branches_covered_display": "100"}, "missing_lines": [], "excluded_lines": [], "start_line": 96, "executed_branches": [[133, 134], [133, 135], [135, 136], [135, 138]], "missing_branches": []}, "intersection": {"executed_lines": [182, 183, 184, 185, 187, 188], "summary": {"covered_lines": 6, "num_statements": 6, "percent_covered": 100.0, "percent_covered_display": "100", "missing_lines": 0, "excluded_lines": 0, "percent_statements_covered": 100.0, "percent_statements_covered_display": "100", "num_branches": 4, "num_partial_branches": 0, "covered_branches": 4, "missing_branches": 0, "percent_branches_covered": 100.0, "percent_branches_covered_display": "100"}, "missing_lines": [], "excluded_lines": [], "start_line": 142, "executed_branches": [[182, 183], [182, 184], [184, 185], [184, 187]], "missing_branches": []}, "min_dist": {"executed_lines": [239, 240, 241, 242, 244], "summary": {"covered_lines": 5, "num_statements": 5, "percent_covered": 100.0, "percent_covered_display": "100", "missing_lines": 0, "excluded_lines": 0, "percent_statements_covered": 100.0, "percent_statements_covered_display": "100", "num_branches": 4, "num_partial_branches": 0, "covered_branches": 4, "missing_branches": 0, "percent_branches_covered": 100.0, "percent_branches_covered_display": "100"}, "missing_lines": [], "excluded_lines": [], "start_line": 191, "executed_branches": [[239, 240], [239, 241], [241, 242], [241, 244]], "missing_branches": []}, "nearest": {"executed_lines": [266, 267, 269], "summary": {"covered_lines": 3, "num_statements": 3, "percent_covered": 100.0, "percent_covered_display": "100", "missing_lines": 0, "excluded_lines": 0, "percent_statements_covered": 100.0, "percent_statements_covered_display": "100", "num_branches": 2, "num_partial_branches": 0, "covered_branches": 2, "missing_branches": 0, "percent_branches_covered": 100.0, "percent_branches_covered_display": "100"}, "missing_lines": [], "excluded_lines": [], "start_line": 247, "executed_branches": [[266, 267], [266, 269]], "missing_branches": []}, "measure_of": {"executed_lines": [330, 331], "summary": {"covered_lines": 2, "num_statements": 3, "percent_covered": 60.0, "percent_covered_display": "60", "missing_lines": 1, "excluded_lines": 0, "percent_statements_covered": 66.66666666666667, "percent_statements_covered_display": "67", "num_branches": 2, "num_partial_branches": 1, "covered_branches": 1, "missing_branches": 1, "percent_branches_covered": 50.0, "percent_branches_covered_display": "50"}, "missing_lines": [333], "excluded_lines": [], "start_line": 316, "executed_branches": [[330, 331]], "missing_branches": [[330, 333]]}, "center": {"executed_lines": [350, 353], "summary": {"covered_lines": 2, "num_statements": 3, "percent_covered": 60.0, "percent_covered_display": "60", "missing_lines": 1, "excluded_lines": 0, "percent_statements_covered": 66.66666666666667, "percent_statements_covered_display": "67", "num_branches": 2, "num_partial_branches": 1, "covered_branches": 1, "missing_branches": 1, "percent_branches_covered": 50.0, "percent_branches_covered_display": "50"}, "missing_lines": [351], "excluded_lines": [], "start_line": 336, "executed_branches": [[350, 353]], "missing_branches": [[350, 351]]}, "lower": {"executed_lines": [370, 373], "summary": {"covered_lines": 2, "num_statements": 3, "percent_covered": 60.0, "percent_covered_display": "60", "missing_lines": 1, "excluded_lines": 0, "percent_statements_covered": 66.66666666666667, "percent_statements_covered_display": "67", "num_branches": 2, "num_partial_branches": 1, "covered_branches": 1, "missing_branches": 1, "percent_branches_covered": 50.0, "percent_branches_covered_display": "50"}, "missing_lines": [371], "excluded_lines": [], "start_line": 356, "executed_branches": [[370, 373]], "missing_branches": [[370, 371]]}, "upper": {"executed_lines": [390, 391, 393], "summary": {"covered_lines": 3, "num_statements": 3, "percent_covered": 100.0, "percent_covered_display": "100", "missing_lines": 0, "excluded_lines": 0, "percent_statements_covered": 100.0, "percent_statements_covered_display": "100", "num_branches": 2, "num_partial_branches": 0, "covered_branches": 2, "missing_branches": 0, "percent_branches_covered": 100.0, "percent_branches_covered_display": "100"}, "missing_lines": [], "excluded_lines": [], "start_line": 376, "executed_branches": [[390, 391], [390, 393]], "missing_branches": []}, "displacement": {"executed_lines": [424, 425, 427], "summary": {"covered_lines": 3, "num_statements": 3, "percent_covered": 100.0, "percent_covered_display": "100", "missing_lines": 0, "excluded_lines": 0, "percent_statements_covered": 100.0, "percent_statements_covered_display": "100", "num_branches": 2, "num_partial_branches": 0, "covered_branches": 2, "missing_branches": 0, "percent_branches_covered": 100.0, "percent_branches_covered_display": "100"}, "missing_lines": [], "excluded_lines": [], "start_line": 396, "executed_branches": [[424, 425], [424, 427]], "missing_branches": []}, "": {"executed_lines": [45, 48, 96, 142, 191, 247, 316, 336, 356, 376, 396], "summary": {"covered_lines": 11, "num_statements": 11, "percent_covered": 100.0, "percent_covered_display": "100", "missing_lines": 0, "excluded_lines": 3, "percent_statements_covered": 100.0, "percent_statements_covered_display": "100", "num_branches": 0, "num_partial_branches": 0, "covered_branches": 0, "missing_branches": 0, "percent_branches_covered": 100.0, "percent_branches_covered_display": "100"}, "missing_lines": [], "excluded_lines": [430, 431, 433], "start_line": 1, "executed_branches": [], "missing_branches": []}}, "classes": {"": {"executed_lines": [45, 48, 87, 88, 89, 90, 92, 93, 96, 133, 134, 135, 136, 138, 139, 142, 182, 183, 184, 185, 187, 188, 191, 239, 240, 241, 242, 244, 247, 266, 267, 269, 316, 330, 331, 336, 350, 353, 356, 370, 373, 376, 390, 391, 393, 396, 424, 425, 427], "summary": {"covered_lines": 49, "num_statements": 52, "percent_covered": 92.5, "percent_covered_display": "92", "missing_lines": 3, "excluded_lines": 3, "percent_statements_covered": 94.23076923076923, "percent_statements_covered_display": "94", "num_branches": 28, "num_partial_branches": 3, "covered_branches": 25, "missing_branches": 3, "percent_branches_covered": 89.28571428571429, "percent_branches_covered_display": "89"}, "missing_lines": [333, 351, 371], "excluded_lines": [430, 431, 433], "start_line": 1, "executed_branches": [[87, 88], [87, 89], [89, 90], [89, 92], [133, 134], [133, 135], [135, 136], [135, 138], [182, 183], [182, 184], [184, 185], [184, 187], [239, 240], [239, 241], [241, 242], [241, 244], [266, 267], [266, 269], [330, 331], [350, 353], [370, 373], [390, 391], [390, 393], [424, 425], [424, 427]], "missing_branches": [[330, 333], [350, 351], [370, 371]]}}}, "src\\physdes\\interval.py": {"executed_lines": [41, 42, 44, 47, 48, 50, 73, 74, 90, 104, 106, 107, 118, 120, 121, 132, 134, 148, 165, 181, 183, 184, 185, 186, 188, 211, 213, 236, 238, 261, 263, 286, 288, 300, 301, 303, 320, 324, 325, 326, 328, 346, 347, 349, 351, 364, 383, 387, 388, 389, 391, 409, 410, 412, 414, 428, 445, 446, 447, 449, 467, 468, 470, 480, 481, 483, 496, 524, 526, 555, 556, 558, 560, 586, 587, 589, 591, 635, 636, 638, 640, 669, 670, 671, 672, 673, 675, 688, 689, 690, 691, 692, 694, 713, 714, 715, 717, 730, 743, 754, 778, 795, 796, 799, 823, 824, 825, 826, 828, 831, 851, 852, 854], "summary": {"covered_lines": 113, "num_statements": 126, "percent_covered": 89.1025641025641, "percent_covered_display": "89", "missing_lines": 13, "excluded_lines": 16, "percent_statements_covered": 89.68253968253968, "percent_statements_covered_display": "90", "num_branches": 30, "num_partial_branches": 4, "covered_branches": 26, "missing_branches": 4, "percent_branches_covered": 86.66666666666667, "percent_branches_covered_display": "87"}, "missing_lines": [321, 322, 348, 362, 384, 385, 411, 425, 426, 493, 494, 728, 741], "excluded_lines": [76, 77, 78, 79, 80, 81, 82, 83, 84, 85, 86, 87, 88, 857, 858, 860], "executed_branches": [[184, 185], [184, 186], [320, 324], [347, 349], [383, 387], [410, 412], [555, 556], [555, 558], [586, 587], [586, 589], [635, 636], [635, 638], [669, 670], [669, 671], [671, 672], [671, 673], [688, 689], [688, 690], [690, 691], [690, 692], [823, 824], [823, 825], [825, 826], [825, 828], [851, 852], [851, 854]], "missing_branches": [[320, 321], [347, 348], [383, 384], [410, 411]], "functions": {"Interval.__init__": {"executed_lines": [73, 74], "summary": {"covered_lines": 2, "num_statements": 2, "percent_covered": 100.0, "percent_covered_display": "100", "missing_lines": 0, "excluded_lines": 0, "percent_statements_covered": 100.0, "percent_statements_covered_display": "100", "num_branches": 0, "num_partial_branches": 0, "covered_branches": 0, "missing_branches": 0, "percent_branches_covered": 100.0, "percent_branches_covered_display": "100"}, "missing_lines": [], "excluded_lines": [], "start_line": 50, "executed_branches": [], "missing_branches": []}, "Interval.__repr__": {"executed_lines": [], "summary": {"covered_lines": 0, "num_statements": 0, "percent_covered": 100.0, "percent_covered_display": "100", "missing_lines": 0, "excluded_lines": 12, "percent_statements_covered": 100.0, "percent_statements_covered_display": "100", "num_branches": 0, "num_partial_branches": 0, "covered_branches": 0, "missing_branches": 0, "percent_branches_covered": 100.0, "percent_branches_covered_display": "100"}, "missing_lines": [], "excluded_lines": [77, 78, 79, 80, 81, 82, 83, 84, 85, 86, 87, 88], "start_line": 76, "executed_branches": [], "missing_branches": []}, "Interval.__str__": {"executed_lines": [104], "summary": {"covered_lines": 1, "num_statements": 1, "percent_covered": 100.0, "percent_covered_display": "100", "missing_lines": 0, "excluded_lines": 0, "percent_statements_covered": 100.0, "percent_statements_covered_display": "100", "num_branches": 0, "num_partial_branches": 0, "covered_branches": 0, "missing_branches": 0, "percent_branches_covered": 100.0, "percent_branches_covered_display": "100"}, "missing_lines": [], "excluded_lines": [], "start_line": 90, "executed_branches": [], "missing_branches": []}, "Interval.lb": {"executed_lines": [118], "summary": {"covered_lines": 1, "num_statements": 1, "percent_covered": 100.0, "percent_covered_display": "100", "missing_lines": 0, "excluded_lines": 0, "percent_statements_covered": 100.0, "percent_statements_covered_display": "100", "num_branches": 0, "num_partial_branches": 0, "covered_branches": 0, "missing_branches": 0, "percent_branches_covered": 100.0, "percent_branches_covered_display": "100"}, "missing_lines": [], "excluded_lines": [], "start_line": 107, "executed_branches": [], "missing_branches": []}, "Interval.ub": {"executed_lines": [132], "summary": {"covered_lines": 1, "num_statements": 1, "percent_covered": 100.0, "percent_covered_display": "100", "missing_lines": 0, "excluded_lines": 0, "percent_statements_covered": 100.0, "percent_statements_covered_display": "100", "num_branches": 0, "num_partial_branches": 0, "covered_branches": 0, "missing_branches": 0, "percent_branches_covered": 100.0, "percent_branches_covered_display": "100"}, "missing_lines": [], "excluded_lines": [], "start_line": 121, "executed_branches": [], "missing_branches": []}, "Interval.is_invalid": {"executed_lines": [148], "summary": {"covered_lines": 1, "num_statements": 1, "percent_covered": 100.0, "percent_covered_display": "100", "missing_lines": 0, "excluded_lines": 0, "percent_statements_covered": 100.0, "percent_statements_covered_display": "100", "num_branches": 0, "num_partial_branches": 0, "covered_branches": 0, "missing_branches": 0, "percent_branches_covered": 100.0, "percent_branches_covered_display": "100"}, "missing_lines": [], "excluded_lines": [], "start_line": 134, "executed_branches": [], "missing_branches": []}, "Interval.measure": {"executed_lines": [181], "summary": {"covered_lines": 1, "num_statements": 1, "percent_covered": 100.0, "percent_covered_display": "100", "missing_lines": 0, "excluded_lines": 0, "percent_statements_covered": 100.0, "percent_statements_covered_display": "100", "num_branches": 0, "num_partial_branches": 0, "covered_branches": 0, "missing_branches": 0, "percent_branches_covered": 100.0, "percent_branches_covered_display": "100"}, "missing_lines": [], "excluded_lines": [], "start_line": 165, "executed_branches": [], "missing_branches": []}, "Interval.__eq__": {"executed_lines": [184, 185, 186], "summary": {"covered_lines": 3, "num_statements": 3, "percent_covered": 100.0, "percent_covered_display": "100", "missing_lines": 0, "excluded_lines": 0, "percent_statements_covered": 100.0, "percent_statements_covered_display": "100", "num_branches": 2, "num_partial_branches": 0, "covered_branches": 2, "missing_branches": 0, "percent_branches_covered": 100.0, "percent_branches_covered_display": "100"}, "missing_lines": [], "excluded_lines": [], "start_line": 183, "executed_branches": [[184, 185], [184, 186]], "missing_branches": []}, "Interval.__lt__": {"executed_lines": [211], "summary": {"covered_lines": 1, "num_statements": 1, "percent_covered": 100.0, "percent_covered_display": "100", "missing_lines": 0, "excluded_lines": 0, "percent_statements_covered": 100.0, "percent_statements_covered_display": "100", "num_branches": 0, "num_partial_branches": 0, "covered_branches": 0, "missing_branches": 0, "percent_branches_covered": 100.0, "percent_branches_covered_display": "100"}, "missing_lines": [], "excluded_lines": [], "start_line": 188, "executed_branches": [], "missing_branches": []}, "Interval.__gt__": {"executed_lines": [236], "summary": {"covered_lines": 1, "num_statements": 1, "percent_covered": 100.0, "percent_covered_display": "100", "missing_lines": 0, "excluded_lines": 0, "percent_statements_covered": 100.0, "percent_statements_covered_display": "100", "num_branches": 0, "num_partial_branches": 0, "covered_branches": 0, "missing_branches": 0, "percent_branches_covered": 100.0, "percent_branches_covered_display": "100"}, "missing_lines": [], "excluded_lines": [], "start_line": 213, "executed_branches": [], "missing_branches": []}, "Interval.__le__": {"executed_lines": [261], "summary": {"covered_lines": 1, "num_statements": 1, "percent_covered": 100.0, "percent_covered_display": "100", "missing_lines": 0, "excluded_lines": 0, "percent_statements_covered": 100.0, "percent_statements_covered_display": "100", "num_branches": 0, "num_partial_branches": 0, "covered_branches": 0, "missing_branches": 0, "percent_branches_covered": 100.0, "percent_branches_covered_display": "100"}, "missing_lines": [], "excluded_lines": [], "start_line": 238, "executed_branches": [], "missing_branches": []}, "Interval.__ge__": {"executed_lines": [286], "summary": {"covered_lines": 1, "num_statements": 1, "percent_covered": 100.0, "percent_covered_display": "100", "missing_lines": 0, "excluded_lines": 0, "percent_statements_covered": 100.0, "percent_statements_covered_display": "100", "num_branches": 0, "num_partial_branches": 0, "covered_branches": 0, "missing_branches": 0, "percent_branches_covered": 100.0, "percent_branches_covered_display": "100"}, "missing_lines": [], "excluded_lines": [], "start_line": 263, "executed_branches": [], "missing_branches": []}, "Interval.__neg__": {"executed_lines": [300, 301], "summary": {"covered_lines": 2, "num_statements": 2, "percent_covered": 100.0, "percent_covered_display": "100", "missing_lines": 0, "excluded_lines": 0, "percent_statements_covered": 100.0, "percent_statements_covered_display": "100", "num_branches": 0, "num_partial_branches": 0, "covered_branches": 0, "missing_branches": 0, "percent_branches_covered": 100.0, "percent_branches_covered_display": "100"}, "missing_lines": [], "excluded_lines": [], "start_line": 288, "executed_branches": [], "missing_branches": []}, "Interval.__iadd__": {"executed_lines": [320, 324, 325, 326], "summary": {"covered_lines": 4, "num_statements": 6, "percent_covered": 62.5, "percent_covered_display": "62", "missing_lines": 2, "excluded_lines": 0, "percent_statements_covered": 66.66666666666667, "percent_statements_covered_display": "67", "num_branches": 2, "num_partial_branches": 1, "covered_branches": 1, "missing_branches": 1, "percent_branches_covered": 50.0, "percent_branches_covered_display": "50"}, "missing_lines": [321, 322], "excluded_lines": [], "start_line": 303, "executed_branches": [[320, 324]], "missing_branches": [[320, 321]]}, "Interval.__add__": {"executed_lines": [346, 347, 349], "summary": {"covered_lines": 3, "num_statements": 4, "percent_covered": 66.66666666666667, "percent_covered_display": "67", "missing_lines": 1, "excluded_lines": 0, "percent_statements_covered": 75.0, "percent_statements_covered_display": "75", "num_branches": 2, "num_partial_branches": 1, "covered_branches": 1, "missing_branches": 1, "percent_branches_covered": 50.0, "percent_branches_covered_display": "50"}, "missing_lines": [348], "excluded_lines": [], "start_line": 328, "executed_branches": [[347, 349]], "missing_branches": [[347, 348]]}, "Interval.__radd__": {"executed_lines": [], "summary": {"covered_lines": 0, "num_statements": 1, "percent_covered": 0.0, "percent_covered_display": "0", "missing_lines": 1, "excluded_lines": 0, "percent_statements_covered": 0.0, "percent_statements_covered_display": "0", "num_branches": 0, "num_partial_branches": 0, "covered_branches": 0, "missing_branches": 0, "percent_branches_covered": 100.0, "percent_branches_covered_display": "100"}, "missing_lines": [362], "excluded_lines": [], "start_line": 351, "executed_branches": [], "missing_branches": []}, "Interval.__isub__": {"executed_lines": [383, 387, 388, 389], "summary": {"covered_lines": 4, "num_statements": 6, "percent_covered": 62.5, "percent_covered_display": "62", "missing_lines": 2, "excluded_lines": 0, "percent_statements_covered": 66.66666666666667, "percent_statements_covered_display": "67", "num_branches": 2, "num_partial_branches": 1, "covered_branches": 1, "missing_branches": 1, "percent_branches_covered": 50.0, "percent_branches_covered_display": "50"}, "missing_lines": [384, 385], "excluded_lines": [], "start_line": 364, "executed_branches": [[383, 387]], "missing_branches": [[383, 384]]}, "Interval.__sub__": {"executed_lines": [409, 410, 412], "summary": {"covered_lines": 3, "num_statements": 4, "percent_covered": 66.66666666666667, "percent_covered_display": "67", "missing_lines": 1, "excluded_lines": 0, "percent_statements_covered": 75.0, "percent_statements_covered_display": "75", "num_branches": 2, "num_partial_branches": 1, "covered_branches": 1, "missing_branches": 1, "percent_branches_covered": 50.0, "percent_branches_covered_display": "50"}, "missing_lines": [411], "excluded_lines": [], "start_line": 391, "executed_branches": [[410, 412]], "missing_branches": [[410, 411]]}, "Interval.__rsub__": {"executed_lines": [], "summary": {"covered_lines": 0, "num_statements": 2, "percent_covered": 0.0, "percent_covered_display": "0", "missing_lines": 2, "excluded_lines": 0, "percent_statements_covered": 0.0, "percent_statements_covered_display": "0", "num_branches": 0, "num_partial_branches": 0, "covered_branches": 0, "missing_branches": 0, "percent_branches_covered": 100.0, "percent_branches_covered_display": "100"}, "missing_lines": [425, 426], "excluded_lines": [], "start_line": 414, "executed_branches": [], "missing_branches": []}, "Interval.__imul__": {"executed_lines": [445, 446, 447], "summary": {"covered_lines": 3, "num_statements": 3, "percent_covered": 100.0, "percent_covered_display": "100", "missing_lines": 0, "excluded_lines": 0, "percent_statements_covered": 100.0, "percent_statements_covered_display": "100", "num_branches": 0, "num_partial_branches": 0, "covered_branches": 0, "missing_branches": 0, "percent_branches_covered": 100.0, "percent_branches_covered_display": "100"}, "missing_lines": [], "excluded_lines": [], "start_line": 428, "executed_branches": [], "missing_branches": []}, "Interval.__mul__": {"executed_lines": [467, 468], "summary": {"covered_lines": 2, "num_statements": 2, "percent_covered": 100.0, "percent_covered_display": "100", "missing_lines": 0, "excluded_lines": 0, "percent_statements_covered": 100.0, "percent_statements_covered_display": "100", "num_branches": 0, "num_partial_branches": 0, "covered_branches": 0, "missing_branches": 0, "percent_branches_covered": 100.0, "percent_branches_covered_display": "100"}, "missing_lines": [], "excluded_lines": [], "start_line": 449, "executed_branches": [], "missing_branches": []}, "Interval.__truediv__": {"executed_lines": [480, 481], "summary": {"covered_lines": 2, "num_statements": 2, "percent_covered": 100.0, "percent_covered_display": "100", "missing_lines": 0, "excluded_lines": 0, "percent_statements_covered": 100.0, "percent_statements_covered_display": "100", "num_branches": 0, "num_partial_branches": 0, "covered_branches": 0, "missing_branches": 0, "percent_branches_covered": 100.0, "percent_branches_covered_display": "100"}, "missing_lines": [], "excluded_lines": [], "start_line": 470, "executed_branches": [], "missing_branches": []}, "Interval.__floordiv__": {"executed_lines": [], "summary": {"covered_lines": 0, "num_statements": 2, "percent_covered": 0.0, "percent_covered_display": "0", "missing_lines": 2, "excluded_lines": 0, "percent_statements_covered": 0.0, "percent_statements_covered_display": "0", "num_branches": 0, "num_partial_branches": 0, "covered_branches": 0, "missing_branches": 0, "percent_branches_covered": 100.0, "percent_branches_covered_display": "100"}, "missing_lines": [493, 494], "excluded_lines": [], "start_line": 483, "executed_branches": [], "missing_branches": []}, "Interval.overlaps": {"executed_lines": [524], "summary": {"covered_lines": 1, "num_statements": 1, "percent_covered": 100.0, "percent_covered_display": "100", "missing_lines": 0, "excluded_lines": 0, "percent_statements_covered": 100.0, "percent_statements_covered_display": "100", "num_branches": 0, "num_partial_branches": 0, "covered_branches": 0, "missing_branches": 0, "percent_branches_covered": 100.0, "percent_branches_covered_display": "100"}, "missing_lines": [], "excluded_lines": [], "start_line": 496, "executed_branches": [], "missing_branches": []}, "Interval.contains": {"executed_lines": [555, 556, 558], "summary": {"covered_lines": 3, "num_statements": 3, "percent_covered": 100.0, "percent_covered_display": "100", "missing_lines": 0, "excluded_lines": 0, "percent_statements_covered": 100.0, "percent_statements_covered_display": "100", "num_branches": 2, "num_partial_branches": 0, "covered_branches": 2, "missing_branches": 0, "percent_branches_covered": 100.0, "percent_branches_covered_display": "100"}, "missing_lines": [], "excluded_lines": [], "start_line": 526, "executed_branches": [[555, 556], [555, 558]], "missing_branches": []}, "Interval.hull_with": {"executed_lines": [586, 587, 589], "summary": {"covered_lines": 3, "num_statements": 3, "percent_covered": 100.0, "percent_covered_display": "100", "missing_lines": 0, "excluded_lines": 0, "percent_statements_covered": 100.0, "percent_statements_covered_display": "100", "num_branches": 2, "num_partial_branches": 0, "covered_branches": 2, "missing_branches": 0, "percent_branches_covered": 100.0, "percent_branches_covered_display": "100"}, "missing_lines": [], "excluded_lines": [], "start_line": 560, "executed_branches": [[586, 587], [586, 589]], "missing_branches": []}, "Interval.intersect_with": {"executed_lines": [635, 636, 638], "summary": {"covered_lines": 3, "num_statements": 3, "percent_covered": 100.0, "percent_covered_display": "100", "missing_lines": 0, "excluded_lines": 0, "percent_statements_covered": 100.0, "percent_statements_covered_display": "100", "num_branches": 2, "num_partial_branches": 0, "covered_branches": 2, "missing_branches": 0, "percent_branches_covered": 100.0, "percent_branches_covered_display": "100"}, "missing_lines": [], "excluded_lines": [], "start_line": 591, "executed_branches": [[635, 636], [635, 638]], "missing_branches": []}, "Interval.min_dist_with": {"executed_lines": [669, 670, 671, 672, 673], "summary": {"covered_lines": 5, "num_statements": 5, "percent_covered": 100.0, "percent_covered_display": "100", "missing_lines": 0, "excluded_lines": 0, "percent_statements_covered": 100.0, "percent_statements_covered_display": "100", "num_branches": 4, "num_partial_branches": 0, "covered_branches": 4, "missing_branches": 0, "percent_branches_covered": 100.0, "percent_branches_covered_display": "100"}, "missing_lines": [], "excluded_lines": [], "start_line": 640, "executed_branches": [[669, 670], [669, 671], [671, 672], [671, 673]], "missing_branches": []}, "Interval.nearest_to": {"executed_lines": [688, 689, 690, 691, 692], "summary": {"covered_lines": 5, "num_statements": 5, "percent_covered": 100.0, "percent_covered_display": "100", "missing_lines": 0, "excluded_lines": 0, "percent_statements_covered": 100.0, "percent_statements_covered_display": "100", "num_branches": 4, "num_partial_branches": 0, "covered_branches": 4, "missing_branches": 0, "percent_branches_covered": 100.0, "percent_branches_covered_display": "100"}, "missing_lines": [], "excluded_lines": [], "start_line": 675, "executed_branches": [[688, 689], [688, 690], [690, 691], [690, 692]], "missing_branches": []}, "Interval.displace": {"executed_lines": [713, 714, 715], "summary": {"covered_lines": 3, "num_statements": 3, "percent_covered": 100.0, "percent_covered_display": "100", "missing_lines": 0, "excluded_lines": 0, "percent_statements_covered": 100.0, "percent_statements_covered_display": "100", "num_branches": 0, "num_partial_branches": 0, "covered_branches": 0, "missing_branches": 0, "percent_branches_covered": 100.0, "percent_branches_covered_display": "100"}, "missing_lines": [], "excluded_lines": [], "start_line": 694, "executed_branches": [], "missing_branches": []}, "Interval.get_center": {"executed_lines": [], "summary": {"covered_lines": 0, "num_statements": 1, "percent_covered": 0.0, "percent_covered_display": "0", "missing_lines": 1, "excluded_lines": 0, "percent_statements_covered": 0.0, "percent_statements_covered_display": "0", "num_branches": 0, "num_partial_branches": 0, "covered_branches": 0, "missing_branches": 0, "percent_branches_covered": 100.0, "percent_branches_covered_display": "100"}, "missing_lines": [728], "excluded_lines": [], "start_line": 717, "executed_branches": [], "missing_branches": []}, "Interval.lower_corner": {"executed_lines": [], "summary": {"covered_lines": 0, "num_statements": 1, "percent_covered": 0.0, "percent_covered_display": "0", "missing_lines": 1, "excluded_lines": 0, "percent_statements_covered": 0.0, "percent_statements_covered_display": "0", "num_branches": 0, "num_partial_branches": 0, "covered_branches": 0, "missing_branches": 0, "percent_branches_covered": 100.0, "percent_branches_covered_display": "100"}, "missing_lines": [741], "excluded_lines": [], "start_line": 730, "executed_branches": [], "missing_branches": []}, "Interval.upper_corner": {"executed_lines": [754], "summary": {"covered_lines": 1, "num_statements": 1, "percent_covered": 100.0, "percent_covered_display": "100", "missing_lines": 0, "excluded_lines": 0, "percent_statements_covered": 100.0, "percent_statements_covered_display": "100", "num_branches": 0, "num_partial_branches": 0, "covered_branches": 0, "missing_branches": 0, "percent_branches_covered": 100.0, "percent_branches_covered_display": "100"}, "missing_lines": [], "excluded_lines": [], "start_line": 743, "executed_branches": [], "missing_branches": []}, "Interval.enlarge_with": {"executed_lines": [795, 796], "summary": {"covered_lines": 2, "num_statements": 2, "percent_covered": 100.0, "percent_covered_display": "100", "missing_lines": 0, "excluded_lines": 0, "percent_statements_covered": 100.0, "percent_statements_covered_display": "100", "num_branches": 0, "num_partial_branches": 0, "covered_branches": 0, "missing_branches": 0, "percent_branches_covered": 100.0, "percent_branches_covered_display": "100"}, "missing_lines": [], "excluded_lines": [], "start_line": 778, "executed_branches": [], "missing_branches": []}, "hull": {"executed_lines": [823, 824, 825, 826, 828], "summary": {"covered_lines": 5, "num_statements": 5, "percent_covered": 100.0, "percent_covered_display": "100", "missing_lines": 0, "excluded_lines": 0, "percent_statements_covered": 100.0, "percent_statements_covered_display": "100", "num_branches": 4, "num_partial_branches": 0, "covered_branches": 4, "missing_branches": 0, "percent_branches_covered": 100.0, "percent_branches_covered_display": "100"}, "missing_lines": [], "excluded_lines": [], "start_line": 799, "executed_branches": [[823, 824], [823, 825], [825, 826], [825, 828]], "missing_branches": []}, "enlarge": {"executed_lines": [851, 852, 854], "summary": {"covered_lines": 3, "num_statements": 3, "percent_covered": 100.0, "percent_covered_display": "100", "missing_lines": 0, "excluded_lines": 0, "percent_statements_covered": 100.0, "percent_statements_covered_display": "100", "num_branches": 2, "num_partial_branches": 0, "covered_branches": 2, "missing_branches": 0, "percent_branches_covered": 100.0, "percent_branches_covered_display": "100"}, "missing_lines": [], "excluded_lines": [], "start_line": 831, "executed_branches": [[851, 852], [851, 854]], "missing_branches": []}, "": {"executed_lines": [41, 42, 44, 47, 48, 50, 90, 106, 107, 120, 121, 134, 165, 183, 188, 213, 238, 263, 288, 303, 328, 351, 364, 391, 414, 428, 449, 470, 483, 496, 526, 560, 591, 640, 675, 694, 717, 730, 743, 778, 799, 831], "summary": {"covered_lines": 42, "num_statements": 42, "percent_covered": 100.0, "percent_covered_display": "100", "missing_lines": 0, "excluded_lines": 4, "percent_statements_covered": 100.0, "percent_statements_covered_display": "100", "num_branches": 0, "num_partial_branches": 0, "covered_branches": 0, "missing_branches": 0, "percent_branches_covered": 100.0, "percent_branches_covered_display": "100"}, "missing_lines": [], "excluded_lines": [76, 857, 858, 860], "start_line": 1,
[...]
2, 263], "excluded_lines": [], "start_line": 42, "executed_branches": [[147, 148], [147, 155], [161, 162], [161, 177], [162, 161], [162, 163], [165, 166], [165, 168], [168, 162], [168, 169], [185, 186], [185, 193], [187, 188], [187, 191], [188, 187], [188, 189], [191, 185], [191, 192], [193, 194], [193, 197], [198, 199], [198, 202], [203, 204], [203, 216], [205, 206], [206, 207], [206, 210], [207, 206], [207, 208], [210, 205], [210, 211], [212, 213], [218, 219], [218, 241], [219, 220], [219, 221], [224, 225], [224, 226], [226, 227], [226, 228], [228, 229], [228, 230], [232, 234], [235, 236], [235, 238], [238, 218], [238, 239], [241, 245], [248, 249], [248, 266], [249, 250], [249, 251], [254, 255], [254, 256], [256, 257], [256, 258], [258, 259], [258, 260], [262, 248], [266, 267], [272, 273], [272, 290], [274, 275], [274, 278], [275, 274], [275, 276], [279, 280], [279, 286], [280, 281], [280, 284], [281, 280], [281, 282], [284, 279], [284, 285], [286, 272], [286, 287], [294, 295], [294, 297]], "missing_branches": [[205, 212], [212, 203], [232, 233], [241, 242], [262, 263], [266, 180]]}, "generate_svg": {"executed_lines": [], "summary": {"covered_lines": 0, "num_statements": 41, "percent_covered": 0.0, "percent_covered_display": "0", "missing_lines": 41, "excluded_lines": 0, "percent_statements_covered": 0.0, "percent_statements_covered_display": "0", "num_branches": 16, "num_partial_branches": 0, "covered_branches": 0, "missing_branches": 16, "percent_branches_covered": 0.0, "percent_branches_covered_display": "0"}, "missing_lines": [314, 315, 316, 317, 320, 321, 322, 325, 326, 327, 330, 331, 332, 333, 334, 335, 336, 337, 338, 339, 340, 341, 342, 343, 344, 346, 347, 348, 349, 352, 353, 354, 355, 356, 357, 358, 359, 361, 364, 365, 366], "excluded_lines": [], "start_line": 302, "executed_branches": [], "missing_branches": [[320, 321], [320, 325], [325, 326], [325, 330], [331, 332], [331, 352], [332, 331], [332, 333], [336, 337], [336, 339], [339, 340], [339, 342], [342, 343], [342, 346], [352, 353], [352, 361]]}, "main": {"executed_lines": [], "summary": {"covered_lines": 0, "num_statements": 7, "percent_covered": 0.0, "percent_covered_display": "0", "missing_lines": 7, "excluded_lines": 0, "percent_statements_covered": 0.0, "percent_statements_covered_display": "0", "num_branches": 0, "num_partial_branches": 0, "covered_branches": 0, "missing_branches": 0, "percent_branches_covered": 100.0, "percent_branches_covered_display": "100"}, "missing_lines": [372, 373, 374, 382, 386, 387, 389], "excluded_lines": [], "start_line": 369, "executed_branches": [], "missing_branches": []}, "": {"executed_lines": [1, 2, 5, 18, 22, 27, 42, 302, 369], "summary": {"covered_lines": 9, "num_statements": 9, "percent_covered": 100.0, "percent_covered_display": "100", "missing_lines": 0, "excluded_lines": 2, "percent_statements_covered": 100.0, "percent_statements_covered_display": "100", "num_branches": 0, "num_partial_branches": 0, "covered_branches": 0, "missing_branches": 0, "percent_branches_covered": 100.0, "percent_branches_covered_display": "100"}, "missing_lines": [], "excluded_lines": [402, 403], "start_line": 1, "executed_branches": [], "missing_branches": []}}, "classes": {"UnionFind": {"executed_lines": [19, 20, 23, 24, 25, 28, 29, 30, 32, 33, 34, 35, 37, 38, 39], "summary": {"covered_lines": 15, "num_statements": 16, "percent_covered": 91.66666666666667, "percent_covered_display": "92", "missing_lines": 1, "excluded_lines": 0, "percent_statements_covered": 93.75, "percent_statements_covered_display": "94", "num_branches": 8, "num_partial_branches": 1, "covered_branches": 7, "missing_branches": 1, "percent_branches_covered": 87.5, "percent_branches_covered_display": "88"}, "missing_lines": [31], "excluded_lines": [], "start_line": 5, "executed_branches": [[23, 24], [23, 25], [30, 32], [32, 33], [32, 34], [34, 35], [34, 37]], "missing_branches": [[30, 31]]}, "": {"executed_lines": [1, 2, 5, 18, 22, 27, 42, 142, 143, 144, 145, 146, 147, 148, 149, 150, 151, 152, 153, 155, 158, 161, 162, 163, 165, 166, 168, 169, 177, 178, 180, 182, 184, 185, 186, 187, 188, 189, 190, 191, 192, 193, 194, 197, 198, 199, 202, 203, 204, 205, 206, 207, 208, 209, 210, 211, 212, 213, 216, 217, 218, 219, 220, 221, 222, 223, 224, 225, 226, 227, 228, 229, 230, 231, 232, 234, 235, 236, 237, 238, 239, 241, 245, 248, 249, 250, 251, 252, 253, 254, 255, 256, 257, 258, 259, 260, 261, 262, 266, 267, 268, 271, 272, 273, 274, 275, 276, 277, 278, 279, 280, 281, 282, 283, 284, 285, 286, 287, 290, 293, 294, 295, 296, 297, 299, 302, 369], "summary": {"covered_lines": 127, "num_statements": 178, "percent_covered": 73.7410071942446, "percent_covered_display": "74", "missing_lines": 51, "excluded_lines": 2, "percent_statements_covered": 71.34831460674157, "percent_statements_covered_display": "71", "num_branches": 100, "num_partial_branches": 6, "covered_branches": 78, "missing_branches": 22, "percent_branches_covered": 78.0, "percent_branches_covered_display": "78"}, "missing_lines": [233, 242, 263, 314, 315, 316, 317, 320, 321, 322, 325, 326, 327, 330, 331, 332, 333, 334, 335, 336, 337, 338, 339, 340, 341, 342, 343, 344, 346, 347, 348, 349, 352, 353, 354, 355, 356, 357, 358, 359, 361, 364, 365, 366, 372, 373, 374, 382, 386, 387, 389], "excluded_lines": [402, 403], "start_line": 1, "executed_branches": [[147, 148], [147, 155], [161, 162], [161, 177], [162, 161], [162, 163], [165, 166], [165, 168], [168, 162], [168, 169], [185, 186], [185, 193], [187, 188], [187, 191], [188, 187], [188, 189], [191, 185], [191, 192], [193, 194], [193, 197], [198, 199], [198, 202], [203, 204], [203, 216], [205, 206], [206, 207], [206, 210], [207, 206], [207, 208], [210, 205], [210, 211], [212, 213], [218, 219], [218, 241], [219, 220], [219, 221], [224, 225], [224, 226], [226, 227], [226, 228], [228, 229], [228, 230], [232, 234], [235, 236], [235, 238], [238, 218], [238, 239], [241, 245], [248, 249], [248, 266], [249, 250], [249, 251], [254, 255], [254, 256], [256, 257], [256, 258], [258, 259], [258, 260], [262, 248], [266, 267], [272, 273], [272, 290], [274, 275], [274, 278], [275, 274], [275, 276], [279, 280], [279, 286], [280, 281], [280, 284], [281, 280], [281, 282], [284, 279], [284, 285], [286, 272], [286, 287], [294, 295], [294, 297]], "missing_branches": [[205, 212], [212, 203], [232, 233], [241, 242], [262, 263], [266, 180], [320, 321], [320, 325], [325, 326], [325, 330], [331, 332], [331, 352], [332, 331], [332, 333], [336, 337], [336, 339], [339, 340], [339, 342], [342, 343], [342, 346], [352, 353], [352, 361]]}}}, "src\\physdes\\vector2.py": {"executed_lines": [46, 48, 51, 52, 55, 56, 57, 59, 61, 79, 80, 99, 113, 115, 116, 130, 132, 133, 147, 169, 195, 197, 222, 224, 226, 241, 242, 244, 269, 270, 271, 273, 298, 299, 301, 326, 327, 328, 330, 355, 356, 358, 383, 384, 385, 387, 409, 410, 412, 434, 436, 461, 462, 463, 465, 489, 490], "summary": {"covered_lines": 57, "num_statements": 59, "percent_covered": 93.65079365079364, "percent_covered_display": "94", "missing_lines": 2, "excluded_lines": 19, "percent_statements_covered": 96.61016949152543, "percent_statements_covered_display": "97", "num_branches": 4, "num_partial_branches": 2, "covered_branches": 2, "missing_branches": 2, "percent_branches_covered": 50.0, "percent_branches_covered_display": "50"}, "missing_lines": [49, 223], "excluded_lines": [82, 83, 84, 85, 86, 87, 88, 89, 90, 91, 92, 93, 94, 95, 96, 97, 493, 494, 496], "executed_branches": [[48, 51], [222, 224]], "missing_branches": [[48, 49], [222, 223]], "functions": {"Vector2.__init__": {"executed_lines": [79, 80], "summary": {"covered_lines": 2, "num_statements": 2, "percent_covered": 100.0, "percent_covered_display": "100", "missing_lines": 0, "excluded_lines": 0, "percent_statements_covered": 100.0, "percent_statements_covered_display": "100", "num_branches": 0, "num_partial_branches": 0, "covered_branches": 0, "missing_branches": 0, "percent_branches_covered": 100.0, "percent_branches_covered_display": "100"}, "missing_lines": [], "excluded_lines": [], "start_line": 61, "executed_branches": [], "missing_branches": []}, "Vector2.__repr__": {"executed_lines": [], "summary": {"covered_lines": 0, "num_statements": 0, "percent_covered": 100.0, "percent_covered_display": "100", "missing_lines": 0, "excluded_lines": 15, "percent_statements_covered": 100.0, "percent_statements_covered_display": "100", "num_branches": 0, "num_partial_branches": 0, "covered_branches": 0, "missing_branches": 0, "percent_branches_covered": 100.0, "percent_branches_covered_display": "100"}, "missing_lines": [], "excluded_lines": [83, 84, 85, 86, 87, 88, 89, 90, 91, 92, 93, 94, 95, 96, 97], "start_line": 82, "executed_branches": [], "missing_branches": []}, "Vector2.__str__": {"executed_lines": [113], "summary": {"covered_lines": 1, "num_statements": 1, "percent_covered": 100.0, "percent_covered_display": "100", "missing_lines": 0, "excluded_lines": 0, "percent_statements_covered": 100.0, "percent_statements_covered_display": "100", "num_branches": 0, "num_partial_branches": 0, "covered_branches": 0, "missing_branches": 0, "percent_branches_covered": 100.0, "percent_branches_covered_display": "100"}, "missing_lines": [], "excluded_lines": [], "start_line": 99, "executed_branches": [], "missing_branches": []}, "Vector2.x": {"executed_lines": [130], "summary": {"covered_lines": 1, "num_statements": 1, "percent_covered": 100.0, "percent_covered_display": "100", "missing_lines": 0, "excluded_lines": 0, "percent_statements_covered": 100.0, "percent_statements_covered_display": "100", "num_branches": 0, "num_partial_branches": 0, "covered_branches": 0, "missing_branches": 0, "percent_branches_covered": 100.0, "percent_branches_covered_display": "100"}, "missing_lines": [], "excluded_lines": [], "start_line": 116, "executed_branches": [], "missing_branches": []}, "Vector2.y": {"executed_lines": [147], "summary": {"covered_lines": 1, "num_statements": 1, "percent_covered": 100.0, "percent_covered_display": "100", "missing_lines": 0, "excluded_lines": 0, "percent_statements_covered": 100.0, "percent_statements_covered_display": "100", "num_branches": 0, "num_partial_branches": 0, "covered_branches": 0, "missing_branches": 0, "percent_branches_covered": 100.0, "percent_branches_covered_display": "100"}, "missing_lines": [], "excluded_lines": [], "start_line": 133, "executed_branches": [], "missing_branches": []}, "Vector2.cross": {"executed_lines": [195], "summary": {"covered_lines": 1, "num_statements": 1, "percent_covered": 100.0, "percent_covered_display": "100", "missing_lines": 0, "excluded_lines": 0, "percent_statements_covered": 100.0, "percent_statements_covered_display": "100", "num_branches": 0, "num_partial_branches": 0, "covered_branches": 0, "missing_branches": 0, "percent_branches_covered": 100.0, "percent_branches_covered_display": "100"}, "missing_lines": [], "excluded_lines": [], "start_line": 169, "executed_branches": [], "missing_branches": []}, "Vector2.__eq__": {"executed_lines": [222, 224], "summary": {"covered_lines": 2, "num_statements": 3, "percent_covered": 60.0, "percent_covered_display": "60", "missing_lines": 1, "excluded_lines": 0, "percent_statements_covered": 66.66666666666667, "percent_statements_covered_display": "67", "num_branches": 2, "num_partial_branches": 1, "covered_branches": 1, "missing_branches": 1, "percent_branches_covered": 50.0, "percent_branches_covered_display": "50"}, "missing_lines": [223], "excluded_lines": [], "start_line": 197, "executed_branches": [[222, 224]], "missing_branches": [[222, 223]]}, "Vector2.__neg__": {"executed_lines": [241, 242], "summary": {"covered_lines": 2, "num_statements": 2, "percent_covered": 100.0, "percent_covered_display": "100", "missing_lines": 0, "excluded_lines": 0, "percent_statements_covered": 100.0, "percent_statements_covered_display": "100", "num_branches": 0, "num_partial_branches": 0, "covered_branches": 0, "missing_branches": 0, "percent_branches_covered": 100.0, "percent_branches_covered_display": "100"}, "missing_lines": [], "excluded_lines": [], "start_line": 226, "executed_branches": [], "missing_branches": []}, "Vector2.__iadd__": {"executed_lines": [269, 270, 271], "summary": {"covered_lines": 3, "num_statements": 3, "percent_covered": 100.0, "percent_covered_display": "100", "missing_lines": 0, "excluded_lines": 0, "percent_statements_covered": 100.0, "percent_statements_covered_display": "100", "num_branches": 0, "num_partial_branches": 0, "covered_branches": 0, "missing_branches": 0, "percent_branches_covered": 100.0, "percent_branches_covered_display": "100"}, "missing_lines": [], "excluded_lines": [], "start_line": 244, "executed_branches": [], "missing_branches": []}, "Vector2.__add__": {"executed_lines": [298, 299], "summary": {"covered_lines": 2, "num_statements": 2, "percent_covered": 100.0, "percent_covered_display": "100", "missing_lines": 0, "excluded_lines": 0, "percent_statements_covered": 100.0, "percent_statements_covered_display": "100", "num_branches": 0, "num_partial_branches": 0, "covered_branches": 0, "missing_branches": 0, "percent_branches_covered": 100.0, "percent_branches_covered_display": "100"}, "missing_lines": [], "excluded_lines": [], "start_line": 273, "executed_branches": [], "missing_branches": []}, "Vector2.__isub__": {"executed_lines": [326, 327, 328], "summary": {"covered_lines": 3, "num_statements": 3, "percent_covered": 100.0, "percent_covered_display": "100", "missing_lines": 0, "excluded_lines": 0, "percent_statements_covered": 100.0, "percent_statements_covered_display": "100", "num_branches": 0, "num_partial_branches": 0, "covered_branches": 0, "missing_branches": 0, "percent_branches_covered": 100.0, "percent_branches_covered_display": "100"}, "missing_lines": [], "excluded_lines": [], "start_line": 301, "executed_branches": [], "missing_branches": []}, "Vector2.__sub__": {"executed_lines": [355, 356], "summary": {"covered_lines": 2, "num_statements": 2, "percent_covered": 100.0, "percent_covered_display": "100", "missing_lines": 0, "excluded_lines": 0, "percent_statements_covered": 100.0, "percent_statements_covered_display": "100", "num_branches": 0, "num_partial_branches": 0, "covered_branches": 0, "missing_branches": 0, "percent_branches_covered": 100.0, "percent_branches_covered_display": "100"}, "missing_lines": [], "excluded_lines": [], "start_line": 330, "executed_branches": [], "missing_branches": []}, "Vector2.__imul__": {"executed_lines": [383, 384, 385], "summary": {"covered_lines": 3, "num_statements": 3, "percent_covered": 100.0, "percent_covered_display": "100", "missing_lines": 0, "excluded_lines": 0, "percent_statements_covered": 100.0, "percent_statements_covered_display": "100", "num_branches": 0, "num_partial_branches": 0, "covered_branches": 0, "missing_branches": 0, "percent_branches_covered": 100.0, "percent_branches_covered_display": "100"}, "missing_lines": [], "excluded_lines": [], "start_line": 358, "executed_branches": [], "missing_branches": []}, "Vector2.__mul__": {"executed_lines": [409, 410], "summary": {"covered_lines": 2, "num_statements": 2, "percent_covered": 100.0, "percent_covered_display": "100", "missing_lines": 0, "excluded_lines": 0, "percent_statements_covered": 100.0, "percent_statements_covered_display": "100", "num_branches": 0, "num_partial_branches": 0, "covered_branches": 0, "missing_branches": 0, "percent_branches_covered": 100.0, "percent_branches_covered_display": "100"}, "missing_lines": [], "excluded_lines": [], "start_line": 387, "executed_branches": [], "missing_branches": []}, "Vector2.__rmul__": {"executed_lines": [434], "summary": {"covered_lines": 1, "num_statements": 1, "percent_covered": 100.0, "percent_covered_display": "100", "missing_lines": 0, "excluded_lines": 0, "percent_statements_covered": 100.0, "percent_statements_covered_display": "100", "num_branches": 0, "num_partial_branches": 0, "covered_branches": 0, "missing_branches": 0, "percent_branches_covered": 100.0, "percent_branches_covered_display": "100"}, "missing_lines": [], "excluded_lines": [], "start_line": 412, "executed_branches": [], "missing_branches": []}, "Vector2.__itruediv__": {"executed_lines": [461, 462, 463], "summary": {"covered_lines": 3, "num_statements": 3, "percent_covered": 100.0, "percent_covered_display": "100", "missing_lines": 0, "excluded_lines": 0, "percent_statements_covered": 100.0, "percent_statements_covered_display": "100", "num_branches": 0, "num_partial_branches": 0, "covered_branches": 0, "missing_branches": 0, "percent_branches_covered": 100.0, "percent_branches_covered_display": "100"}, "missing_lines": [], "excluded_lines": [], "start_line": 436, "executed_branches": [], "missing_branches": []}, "Vector2.__truediv__": {"executed_lines": [489, 490], "summary": {"covered_lines": 2, "num_statements": 2, "percent_covered": 100.0, "percent_covered_display": "100", "missing_lines": 0, "excluded_lines": 0, "percent_statements_covered": 100.0, "percent_statements_covered_display": "100", "num_branches": 0, "num_partial_branches": 0, "covered_branches": 0, "missing_branches": 0, "percent_branches_covered": 100.0, "percent_branches_covered_display": "100"}, "missing_lines": [], "excluded_lines": [], "start_line": 465, "executed_branches": [], "missing_branches": []}, "": {"executed_lines": [46, 48, 51, 52, 55, 56, 57, 59, 61, 99, 115, 116, 132, 133, 169, 197, 226, 244, 273, 301, 330, 358, 387, 412, 436, 465], "summary": {"covered_lines": 26, "num_statements": 27, "percent_covered": 93.10344827586206, "percent_covered_display": "93", "missing_lines": 1, "excluded_lines": 4, "percent_statements_covered": 96.29629629629629, "percent_statements_covered_display": "96", "num_branches": 2, "num_partial_branches": 1, "covered_branches": 1, "missing_branches": 1, "percent_branches_covered": 50.0, "percent_branches_covered_display": "50"}, "missing_lines": [49], "excluded_lines": [82, 493, 494, 496], "start_line": 1, "executed_branches": [[48, 51]], "missing_branches": [[48, 49]]}}, "classes": {"Vector2": {"executed_lines": [79, 80, 113, 130, 147, 195, 222, 224, 241, 242, 269, 270, 271, 298, 299, 326, 327, 328, 355, 356, 383, 384, 385, 409, 410, 434, 461, 462, 463, 489, 490], "summary": {"covered_lines": 31, "num_statements": 32, "percent_covered": 94.11764705882354, "percent_covered_display": "94", "missing_lines": 1, "excluded_lines": 15, "percent_statements_covered": 96.875, "percent_statements_covered_display": "97", "num_branches": 2, "num_partial_branches": 1, "covered_branches": 1, "missing_branches": 1, "percent_branches_covered": 50.0, "percent_branches_covered_display": "50"}, "missing_lines": [223], "excluded_lines": [83, 84, 85, 86, 87, 88, 89, 90, 91, 92, 93, 94, 95, 96, 97], "start_line": 55, "executed_branches": [[222, 224]], "missing_branches": [[222, 223]]}, "": {"executed_lines": [46, 48, 51, 52, 55, 56, 57, 59, 61, 99, 115, 116, 132, 133, 169, 197, 226, 244, 273, 301, 330, 358, 387, 412, 436, 465], "summary": {"covered_lines": 26, "num_statements": 27, "percent_covered": 93.10344827586206, "percent_covered_display": "93", "missing_lines": 1, "excluded_lines": 4, "percent_statements_covered": 96.29629629629629, "percent_statements_covered_display": "96", "num_branches": 2, "num_partial_branches": 1, "covered_branches": 1, "missing_branches": 1, "percent_branches_covered": 50.0, "percent_branches_covered_display": "50"}, "missing_lines": [49], "excluded_lines": [82, 493, 494, 496], "start_line": 1, "executed_branches": [[48, 51]], "missing_branches": [[48, 49]]}}}}, "totals": {"covered_lines": 1938, "num_statements": 2150, "percent_covered": 89.12071535022355, "percent_covered_display": "89", "missing_lines": 212, "excluded_lines": 98, "percent_statements_covered": 90.13953488372093, "percent_statements_covered_display": "90", "num_branches": 534, "num_partial_branches": 64, "covered_branches": 454, "missing_branches": 80, "percent_branches_covered": 85.0187265917603, "percent_branches_covered_display": "85"}}