{"meta": {"format": 3, "version": "7.13.4", "timestamp": "2026-04-27T10:37:44.359872", "branch_coverage": true, "show_contexts": false}, "files": {"src\\physdes\\__init__.py": {"executed_lines": [1, 3, 9, 11, 12, 16], "summary": {"covered_lines": 6, "num_statements": 6, "percent_covered": 100.0, "percent_covered_display": "100", "missing_lines": 0, "excluded_lines": 4, "percent_statements_covered": 100.0, "percent_statements_covered_display": "100", "num_branches": 0, "num_partial_branches": 0, "covered_branches": 0, "missing_branches": 0, "percent_branches_covered": 100.0, "percent_branches_covered_display": "100"}, "missing_lines": [], "excluded_lines": [5, 7, 13, 14], "executed_branches": [], "missing_branches": [], "functions": {"": {"executed_lines": [1, 3, 9, 11, 12, 16], "summary": {"covered_lines": 6, "num_statements": 6, "percent_covered": 100.0, "percent_covered_display": "100", "missing_lines": 0, "excluded_lines": 4, "percent_statements_covered": 100.0, "percent_statements_covered_display": "100", "num_branches": 0, "num_partial_branches": 0, "covered_branches": 0, "missing_branches": 0, "percent_branches_covered": 100.0, "percent_branches_covered_display": "100"}, "missing_lines": [], "excluded_lines": [5, 7, 13, 14], "start_line": 1, "executed_branches": [], "missing_branches": []}}, "classes": {"": {"executed_lines": [1, 3, 9, 11, 12, 16], "summary": {"covered_lines": 6, "num_statements": 6, "percent_covered": 100.0, "percent_covered_display": "100", "missing_lines": 0, "excluded_lines": 4, "percent_statements_covered": 100.0, "percent_statements_covered_display": "100", "num_branches": 0, "num_partial_branches": 0, "covered_branches": 0, "missing_branches": 0, "percent_branches_covered": 100.0, "percent_branches_covered_display": "100"}, "missing_lines": [], "excluded_lines": [5, 7, 13, 14], "start_line": 1, "executed_branches": [], "missing_branches": []}}}, "src\\physdes\\cts\\clk_tree_vis.py": {"executed_lines": [8, 9, 11, 13, 14, 17, 20, 51, 52, 53, 54, 55, 56, 57, 58, 60, 102, 103, 106, 107, 108, 110, 111, 112, 113, 116, 129, 132, 135, 136, 139, 141, 144, 145, 146, 147, 149, 151, 153, 155, 156, 157, 158, 159, 161, 162, 164, 166, 169, 170, 173, 174, 176, 177, 179, 180, 181, 182, 185, 187, 189, 191, 193, 194, 195, 197, 199, 200, 202, 205, 206, 207, 208, 210, 211, 213, 214, 216, 223, 224, 226, 227, 228, 230, 233, 234, 236, 237, 238, 239, 240, 241, 243, 244, 247, 250, 251, 254, 255, 256, 259, 260, 261, 263, 264, 266, 267, 269, 271, 273, 283, 291, 292, 294, 295, 297, 300, 323, 334, 335, 338, 377, 378, 380, 381, 382, 384, 385, 387, 398, 407, 408, 409, 411, 412, 415, 418, 428, 429, 430, 432, 433, 434, 435, 436, 437, 439, 442, 445, 449, 450, 451, 452, 454, 455, 457, 458, 459, 460, 461, 464, 480, 481, 483, 486, 488, 489, 490, 491, 495, 497, 506, 517, 519, 521, 522, 523, 524, 527, 528, 529, 530, 533, 536, 544, 552, 558, 565, 567, 568, 569, 570, 572], "summary": {"covered_lines": 193, "num_statements": 195, "percent_covered": 97.5103734439834, "percent_covered_display": "98", "missing_lines": 2, "excluded_lines": 3, "percent_statements_covered": 98.97435897435898, "percent_statements_covered_display": "99", "num_branches": 46, "num_partial_branches": 4, "covered_branches": 42, "missing_branches": 4, "percent_branches_covered": 91.30434782608695, "percent_branches_covered_display": "91"}, "missing_lines": [440, 446], "excluded_lines": [575, 577, 578], "executed_branches": [[135, 136], [135, 139], [144, 145], [144, 149], [156, -155], [156, 157], [169, 170], [169, 173], [173, 174], [173, 176], [176, 177], [176, 179], [194, 195], [194, 197], [197, 199], [197, 210], [207, 208], [207, 210], [227, 228], [227, 230], [236, 237], [236, 239], [239, 240], [239, 243], [254, 255], [259, 260], [259, 263], [291, 292], [291, 294], [377, 378], [377, 380], [407, 408], [407, 454], [432, 433], [433, 434], [433, 435], [435, 432], [435, 436], [439, 442], [445, 449], [457, 458], [457, 461]], "missing_branches": [[254, 259], [432, 439], [439, 440], [445, 446]], "functions": {"ClockTreeVisualizer.__init__": {"executed_lines": [51, 52, 53, 54, 55, 56, 57, 58], "summary": {"covered_lines": 8, "num_statements": 8, "percent_covered": 100.0, "percent_covered_display": "100", "missing_lines": 0, "excluded_lines": 0, "percent_statements_covered": 100.0, "percent_statements_covered_display": "100", "num_branches": 0, "num_partial_branches": 0, "covered_branches": 0, "missing_branches": 0, "percent_branches_covered": 100.0, "percent_branches_covered_display": "100"}, "missing_lines": [], "excluded_lines": [], "start_line": 20, "executed_branches": [], "missing_branches": []}, "ClockTreeVisualizer.visualize_tree": {"executed_lines": [102, 103, 106, 107, 108, 110, 116, 129, 132, 135, 136, 139, 141, 144, 145, 146, 147, 149], "summary": {"covered_lines": 18, "num_statements": 18, "percent_covered": 100.0, "percent_covered_display": "100", "missing_lines": 0, "excluded_lines": 0, "percent_statements_covered": 100.0, "percent_statements_covered_display": "100", "num_branches": 4, "num_partial_branches": 0, "covered_branches": 4, "missing_branches": 0, "percent_branches_covered": 100.0, "percent_branches_covered_display": "100"}, "missing_lines": [], "excluded_lines": [], "start_line": 60, "executed_branches": [[135, 136], [135, 139], [144, 145], [144, 149]], "missing_branches": []}, "ClockTreeVisualizer.visualize_tree.scale_coord": {"executed_lines": [111, 112, 113], "summary": {"covered_lines": 3, "num_statements": 3, "percent_covered": 100.0, "percent_covered_display": "100", "missing_lines": 0, "excluded_lines": 0, "percent_statements_covered": 100.0, "percent_statements_covered_display": "100", "num_branches": 0, "num_partial_branches": 0, "covered_branches": 0, "missing_branches": 0, "percent_branches_covered": 100.0, "percent_branches_covered_display": "100"}, "missing_lines": [], "excluded_lines": [], "start_line": 110, "executed_branches": [], "missing_branches": []}, "ClockTreeVisualizer._collect_all_nodes": {"executed_lines": [153, 155, 161, 162], "summary": {"covered_lines": 4, "num_statements": 4, "percent_covered": 100.0, "percent_covered_display": "100", "missing_lines": 0, "excluded_lines": 0, "percent_statements_covered": 100.0, "percent_statements_covered_display": "100", "num_branches": 0, "num_partial_branches": 0, "covered_branches": 0, "missing_branches": 0, "percent_branches_covered": 100.0, "percent_branches_covered_display": "100"}, "missing_lines": [], "excluded_lines": [], "start_line": 151, "executed_branches": [], "missing_branches": []}, "ClockTreeVisualizer._collect_all_nodes.collect": {"executed_lines": [156, 157, 158, 159], "summary": {"covered_lines": 4, "num_statements": 4, "percent_covered": 100.0, "percent_covered_display": "100", "missing_lines": 0, "excluded_lines": 0, "percent_statements_covered": 100.0, "percent_statements_covered_display": "100", "num_branches": 2, "num_partial_branches": 0, "covered_branches": 2, "missing_branches": 0, "percent_branches_covered": 100.0, "percent_branches_covered_display": "100"}, "missing_lines": [], "excluded_lines": [], "start_line": 155, "executed_branches": [[156, -155], [156, 157]], "missing_branches": []}, "ClockTreeVisualizer._calculate_bounds": {"executed_lines": [166, 169, 170, 173, 174, 176, 177, 179, 180, 181, 182, 185, 187], "summary": {"covered_lines": 13, "num_statements": 13, "percent_covered": 100.0, "percent_covered_display": "100", "missing_lines": 0, "excluded_lines": 0, "percent_statements_covered": 100.0, "percent_statements_covered_display": "100", "num_branches": 6, "num_partial_branches": 0, "covered_branches": 6, "missing_branches": 0, "percent_branches_covered": 100.0, "percent_branches_covered_display": "100"}, "missing_lines": [], "excluded_lines": [], "start_line": 164, "executed_branches": [[169, 170], [169, 173], [173, 174], [173, 176], [176, 177], [176, 179]], "missing_branches": []}, "ClockTreeVisualizer._draw_wires": {"executed_lines": [191, 193, 213, 214], "summary": {"covered_lines": 4, "num_statements": 4, "percent_covered": 100.0, "percent_covered_display": "100", "missing_lines": 0, "excluded_lines": 0, "percent_statements_covered": 100.0, "percent_statements_covered_display": "100", "num_branches": 0, "num_partial_branches": 0, "covered_branches": 0, "missing_branches": 0, "percent_branches_covered": 100.0, "percent_branches_covered_display": "100"}, "missing_lines": [], "excluded_lines": [], "start_line": 189, "executed_branches": [], "missing_branches": []}, "ClockTreeVisualizer._draw_wires.draw_wires_recursive": {"executed_lines": [194, 195, 197, 199, 200, 202, 205, 206, 207, 208, 210, 211], "summary": {"covered_lines": 12, "num_statements": 12, "percent_covered": 100.0, "percent_covered_display": "100", "missing_lines": 0, "excluded_lines": 0, "percent_statements_covered": 100.0, "percent_statements_covered_display": "100", "num_branches": 6, "num_partial_branches": 0, "covered_branches": 6, "missing_branches": 0, "percent_branches_covered": 100.0, "percent_branches_covered_display": "100"}, "missing_lines": [], "excluded_lines": [], "start_line": 193, "executed_branches": [[194, 195], [194, 197], [197, 199], [197, 210], [207, 208], [207, 210]], "missing_branches": []}, "ClockTreeVisualizer._draw_nodes": {"executed_lines": [223, 224, 226, 266, 267], "summary": {"covered_lines": 5, "num_statements": 5, "percent_covered": 100.0, "percent_covered_display": "100", "missing_lines": 0, "excluded_lines": 0, "percent_statements_covered": 100.0, "percent_statements_covered_display": "100", "num_branches": 0, "num_partial_branches": 0, "covered_branches": 0, "missing_branches": 0, "percent_branches_covered": 100.0, "percent_branches_covered_display": "100"}, "missing_lines": [], "excluded_lines": [], "start_line": 216, "executed_branches": [], "missing_branches": []}, "ClockTreeVisualizer._draw_nodes.draw_nodes_recursive": {"executed_lines": [227, 228, 230, 233, 234, 236, 237, 238, 239, 240, 241, 243, 244, 247, 250, 251, 254, 255, 256, 259, 260, 261, 263, 264], "summary": {"covered_lines": 24, "num_statements": 24, "percent_covered": 97.05882352941177, "percent_covered_display": "97", "missing_lines": 0, "excluded_lines": 0, "percent_statements_covered": 100.0, "percent_statements_covered_display": "100", "num_branches": 10, "num_partial_branches": 1, "covered_branches": 9, "missing_branches": 1, "percent_branches_covered": 90.0, "percent_branches_covered_display": "90"}, "missing_lines": [], "excluded_lines": [], "start_line": 226, "executed_branches": [[227, 228], [227, 230], [236, 237], [236, 239], [239, 240], [239, 243], [254, 255], [259, 260], [259, 263]], "missing_branches": [[254, 259]]}, "ClockTreeVisualizer._create_analysis_box": {"executed_lines": [271, 273, 283, 291, 292, 294, 295, 297], "summary": {"covered_lines": 8, "num_statements": 8, "percent_covered": 100.0, "percent_covered_display": "100", "missing_lines": 0, "excluded_lines": 0, "percent_statements_covered": 100.0, "percent_statements_covered_display": "100", "num_branches": 2, "num_partial_branches": 0, "covered_branches": 2, "missing_branches": 0, "percent_branches_covered": 100.0, "percent_branches_covered_display": "100"}, "missing_lines": [], "excluded_lines": [], "start_line": 269, "executed_branches": [[291, 292], [291, 294]], "missing_branches": []}, "create_interactive_svg": {"executed_lines": [323, 334, 335], "summary": {"covered_lines": 3, "num_statements": 3, "percent_covered": 100.0, "percent_covered_display": "100", "missing_lines": 0, "excluded_lines": 0, "percent_statements_covered": 100.0, "percent_statements_covered_display": "100", "num_branches": 0, "num_partial_branches": 0, "covered_branches": 0, "missing_branches": 0, "percent_branches_covered": 100.0, "percent_branches_covered_display": "100"}, "missing_lines": [], "excluded_lines": [], "start_line": 300, "executed_branches": [], "missing_branches": []}, "create_comparison_visualization": {"executed_lines": [377, 378, 380, 381, 382, 384, 385, 387, 398, 407, 408, 409, 411, 412, 415, 418, 428, 429, 430, 432, 433, 434, 435, 436, 437, 439, 442, 445, 449, 450, 451, 452, 454, 455, 457, 458, 459, 460, 461], "summary": {"covered_lines": 39, "num_statements": 41, "percent_covered": 91.2280701754386, "percent_covered_display": "91", "missing_lines": 2, "excluded_lines": 0, "percent_statements_covered": 95.1219512195122, "percent_statements_covered_display": "95", "num_branches": 16, "num_partial_branches": 3, "covered_branches": 13, "missing_branches": 3, "percent_branches_covered": 81.25, "percent_branches_covered_display": "81"}, "missing_lines": [440, 446], "excluded_lines": [], "start_line": 338, "executed_branches": [[377, 378], [377, 380], [407, 408], [407, 454], [432, 433], [433, 434], [433, 435], [435, 432], [435, 436], [439, 442], [445, 449], [457, 458], [457, 461]], "missing_branches": [[432, 439], [439, 440], [445, 446]]}, "create_delay_model_comparison": {"executed_lines": [480, 481, 483], "summary": {"covered_lines": 3, "num_statements": 3, "percent_covered": 100.0, "percent_covered_display": "100", "missing_lines": 0, "excluded_lines": 0, "percent_statements_covered": 100.0, "percent_statements_covered_display": "100", "num_branches": 0, "num_partial_branches": 0, "covered_branches": 0, "missing_branches": 0, "percent_branches_covered": 100.0, "percent_branches_covered_display": "100"}, "missing_lines": [], "excluded_lines": [], "start_line": 464, "executed_branches": [], "missing_branches": []}, "generate_random_points_for_sinks": {"executed_lines": [488, 489, 490, 491], "summary": {"covered_lines": 4, "num_statements": 4, "percent_covered": 100.0, "percent_covered_display": "100", "missing_lines": 0, "excluded_lines": 0, "percent_statements_covered": 100.0, "percent_statements_covered_display": "100", "num_branches": 0, "num_partial_branches": 0, "covered_branches": 0, "missing_branches": 0, "percent_branches_covered": 100.0, "percent_branches_covered_display": "100"}, "missing_lines": [], "excluded_lines": [], "start_line": 486, "executed_branches": [], "missing_branches": []}, "visualize_example_tree": {"executed_lines": [497, 506, 517, 519, 521, 522, 523, 524, 527, 528, 529, 530, 533, 536, 544, 552, 558, 565, 567, 568, 569, 570, 572], "summary": {"covered_lines": 23, "num_statements": 23, "percent_covered": 100.0, "percent_covered_display": "100", "missing_lines": 0, "excluded_lines": 0, "percent_statements_covered": 100.0, "percent_statements_covered_display": "100", "num_branches": 0, "num_partial_branches": 0, "covered_branches": 0, "missing_branches": 0, "percent_branches_covered": 100.0, "percent_branches_covered_display": "100"}, "missing_lines": [], "excluded_lines": [], "start_line": 495, "executed_branches": [], "missing_branches": []}, "": {"executed_lines": [8, 9, 11, 13, 14, 17, 20, 60, 151, 164, 189, 216, 269, 300, 338, 464, 486, 495], "summary": {"covered_lines": 18, "num_statements": 18, "percent_covered": 100.0, "percent_covered_display": "100", "missing_lines": 0, "excluded_lines": 3, "percent_statements_covered": 100.0, "percent_statements_covered_display": "100", "num_branches": 0, "num_partial_branches": 0, "covered_branches": 0, "missing_branches": 0, "percent_branches_covered": 100.0, "percent_branches_covered_display": "100"}, "missing_lines": [], "excluded_lines": [575, 577, 578], "start_line": 1, "executed_branches": [], "missing_branches": []}}, "classes": {"ClockTreeVisualizer": {"executed_lines": [51, 52, 53, 54, 55, 56, 57, 58, 102, 103, 106, 107, 108, 110, 111, 112, 113, 116, 129, 132, 135, 136, 139, 141, 144, 145, 146, 147, 149, 153, 155, 156, 157, 158, 159, 161, 162, 166, 169, 170, 173, 174, 176, 177, 179, 180, 181, 182, 185, 187, 191, 193, 194, 195, 197, 199, 200, 202, 205, 206, 207, 208, 210, 211, 213, 214, 223, 224, 226, 227, 228, 230, 233, 234, 236, 237, 238, 239, 240, 241, 243, 244, 247, 250, 251, 254, 255, 256, 259, 260, 261, 263, 264, 266, 267, 271, 273, 283, 291, 292, 294, 295, 297], "summary": {"covered_lines": 103, "num_statements": 103, "percent_covered": 99.24812030075188, "percent_covered_display": "99", "missing_lines": 0, "excluded_lines": 0, "percent_statements_covered": 100.0, "percent_statements_covered_display": "100", "num_branches": 30, "num_partial_branches": 1, "covered_branches": 29, "missing_branches": 1, "percent_branches_covered": 96.66666666666667, "percent_branches_covered_display": "97"}, "missing_lines": [], "excluded_lines": [], "start_line": 17, "executed_branches": [[135, 136], [135, 139], [144, 145], [144, 149], [156, -155], [156, 157], [169, 170], [169, 173], [173, 174], [173, 176], [176, 177], [176, 179], [194, 195], [194, 197], [197, 199], [197, 210], [207, 208], [207, 210], [227, 228], [227, 230], [236, 237], [236, 239], [239, 240], [239, 243], [254, 255], [259, 260], [259, 263], [291, 292], [291, 294]], "missing_branches": [[254, 259]]}, "": {"executed_lines": [8, 9, 11, 13, 14, 17, 20, 60, 151, 164, 189, 216, 269, 300, 323, 334, 335, 338, 377, 378, 380, 381, 382, 384, 385, 387, 398, 407, 408, 409, 411, 412, 415, 418, 428, 429, 430, 432, 433, 434, 435, 436, 437, 439, 442, 445, 449, 450, 451, 452, 454, 455, 457, 458, 459, 460, 461, 464, 480, 481, 483, 486, 488, 489, 490, 491, 495, 497, 506, 517, 519, 521, 522, 523, 524, 527, 528, 529, 530, 533, 536, 544, 552, 558, 565, 567, 568, 569, 570, 572], "summary": {"covered_lines": 90, "num_statements": 92, "percent_covered": 95.37037037037037, "percent_covered_display": "95", "missing_lines": 2, "excluded_lines": 3, "percent_statements_covered": 97.82608695652173, "percent_statements_covered_display": "98", "num_branches": 16, "num_partial_branches": 3, "covered_branches": 13, "missing_branches": 3, "percent_branches_covered": 81.25, "percent_branches_covered_display": "81"}, "missing_lines": [440, 446], "excluded_lines": [575, 577, 578], "start_line": 1, "executed_branches": [[377, 378], [377, 380], [407, 408], [407, 454], [432, 433], [433, 434], [433, 435], [435, 432], [435, 436], [439, 442], [445, 449], [457, 458], [457, 461]], "missing_branches": [[432, 439], [439, 440], [445, 446]]}}}, "src\\physdes\\cts\\dme_algorithm.py": {"executed_lines": [24, 25, 26, 27, 29, 30, 31, 32, 35, 36, 58, 61, 62, 80, 81, 82, 83, 84, 85, 86, 89, 92, 93, 97, 98, 102, 103, 107, 108, 118, 121, 134, 135, 137, 153, 155, 170, 172, 187, 189, 196, 197, 200, 201, 202, 204, 205, 207, 215, 216, 217, 218, 219, 220, 221, 222, 223, 224, 225, 226, 228, 229, 231, 234, 237, 250, 251, 253, 269, 270, 272, 274, 289, 291, 306, 308, 315, 316, 319, 320, 321, 322, 323, 324, 325, 326, 328, 329, 331, 339, 346, 347, 348, 349, 350, 351, 352, 354, 355, 357, 360, 452, 477, 478, 480, 481, 482, 483, 486, 487, 489, 497, 500, 503, 506, 509, 511, 513, 527, 528, 533, 538, 539, 540, 545, 546, 551, 557, 560, 561, 563, 565, 575, 577, 580, 584, 585, 586, 590, 591, 592, 593, 597, 602, 606, 610, 611, 615, 616, 617, 619, 620, 622, 638, 642, 643, 645, 649, 650, 651, 653, 658, 660, 661, 662, 667, 668, 670, 671, 673, 681, 682, 683, 688, 689, 691, 694, 698, 699, 701, 703, 713, 715, 716, 718, 719, 720, 721, 722, 723, 725, 727, 728, 729, 731, 740, 750, 752, 754, 756, 757, 758, 759, 760, 762, 763, 766, 788, 789, 790, 792, 793, 794, 796, 806, 807, 809, 810, 820, 821, 823, 825, 836], "summary": {"covered_lines": 223, "num_statements": 258, "percent_covered": 87.17948717948718, "percent_covered_display": "87", "missing_lines": 35, "excluded_lines": 3, "percent_statements_covered": 86.43410852713178, "percent_statements_covered_display": "86", "num_branches": 54, "num_partial_branches": 5, "covered_branches": 49, "missing_branches": 5, "percent_branches_covered": 90.74074074074075, "percent_branches_covered_display": "91"}, "missing_lines": [95, 100, 105, 115, 340, 341, 342, 343, 344, 345, 484, 717, 755, 840, 848, 849, 850, 851, 852, 854, 855, 856, 857, 858, 860, 861, 862, 863, 864, 866, 867, 868, 869, 870, 872], "excluded_lines": [875, 877, 883], "executed_branches": [[196, 197], [196, 200], [215, 216], [215, 221], [221, 222], [221, 228], [315, 316], [315, 319], [339, 346], [346, 347], [346, 354], [477, 478], [477, 480], [483, 486], [527, 528], [527, 533], [580, 584], [580, 590], [590, 591], [590, 592], [642, 643], [642, 645], [645, 649], [645, 658], [650, 651], [650, 653], [660, 661], [682, 683], [682, 688], [688, 689], [688, 694], [716, 718], [718, 719], [718, 720], [720, 721], [720, 722], [722, -715], [722, 723], [754, 756], [757, 758], [757, 759], [759, -752], [759, 760], [793, 794], [793, 796], [806, 807], [806, 809], [809, 810], [809, 820]], "missing_branches": [[339, 340], [483, 484], [660, 667], [716, 717], [754, 755]], "functions": {"DelayCalculator.calculate_wire_delay": {"executed_lines": [], "summary": {"covered_lines": 0, "num_statements": 1, "percent_covered": 0.0, "percent_covered_display": "0", "missing_lines": 1, "excluded_lines": 0, "percent_statements_covered": 0.0, "percent_statements_covered_display": "0", "num_branches": 0, "num_partial_branches": 0, "covered_branches": 0, "missing_branches": 0, "percent_branches_covered": 100.0, "percent_branches_covered_display": "100"}, "missing_lines": [95], "excluded_lines": [], "start_line": 93, "executed_branches": [], "missing_branches": []}, "DelayCalculator.calculate_wire_delay_per_unit": {"executed_lines": [], "summary": {"covered_lines": 0, "num_statements": 1, "percent_covered": 0.0, "percent_covered_display": "0", "missing_lines": 1, "excluded_lines": 0, "percent_statements_covered": 0.0, "percent_statements_covered_display": "0", "num_branches": 0, "num_partial_branches": 0, "covered_branches": 0, "missing_branches": 0, "percent_branches_covered": 100.0, "percent_branches_covered_display": "100"}, "missing_lines": [100], "excluded_lines": [], "start_line": 98, "executed_branches": [], "missing_branches": []}, "DelayCalculator.calculate_wire_capacitance": {"executed_lines": [], "summary": {"covered_lines": 0, "num_statements": 1, "percent_covered": 0.0, "percent_covered_display": "0", "missing_lines": 1, "excluded_lines": 0, "percent_statements_covered": 0.0, "percent_statements_covered_display": "0", "num_branches": 0, "num_partial_branches": 0, "covered_branches": 0, "missing_branches": 0, "percent_branches_covered": 100.0, "percent_branches_covered_display": "100"}, "missing_lines": [105], "excluded_lines": [], "start_line": 103, "executed_branches": [], "missing_branches": []}, "DelayCalculator.calculate_tapping_point": {"executed_lines": [], "summary": {"covered_lines": 0, "num_statements": 1, "percent_covered": 0.0, "percent_covered_display": "0", "missing_lines": 1, "excluded_lines": 0, "percent_statements_covered": 0.0, "percent_statements_covered_display": "0", "num_branches": 0, "num_partial_branches": 0, "covered_branches": 0, "missing_branches": 0, "percent_branches_covered": 100.0, "percent_branches_covered_display": "100"}, "missing_lines": [115], "excluded_lines": [], "start_line": 108, "executed_branches": [], "missing_branches": []}, "LinearDelayCalculator.__init__": {"executed_lines": [134, 135], "summary": {"covered_lines": 2, "num_statements": 2, "percent_covered": 100.0, "percent_covered_display": "100", "missing_lines": 0, "excluded_lines": 0, "percent_statements_covered": 100.0, "percent_statements_covered_display": "100", "num_branches": 0, "num_partial_branches": 0, "covered_branches": 0, "missing_branches": 0, "percent_branches_covered": 100.0, "percent_branches_covered_display": "100"}, "missing_lines": [], "excluded_lines": [], "start_line": 121, "executed_branches": [], "missing_branches": []}, "LinearDelayCalculator.calculate_wire_delay": {"executed_lines": [153], "summary": {"covered_lines": 1, "num_statements": 1, "percent_covered": 100.0, "percent_covered_display": "100", "missing_lines": 0, "excluded_lines": 0, "percent_statements_covered": 100.0, "percent_statements_covered_display": "100", "num_branches": 0, "num_partial_branches": 0, "covered_branches": 0, "missing_branches": 0, "percent_branches_covered": 100.0, "percent_branches_covered_display": "100"}, "missing_lines": [], "excluded_lines": [], "start_line": 137, "executed_branches": [], "missing_branches": []}, "LinearDelayCalculator.calculate_wire_delay_per_unit": {"executed_lines": [170], "summary": {"covered_lines": 1, "num_statements": 1, "percent_covered": 100.0, "percent_covered_display": "100", "missing_lines": 0, "excluded_lines": 0, "percent_statements_covered": 100.0, "percent_statements_covered_display": "100", "num_branches": 0, "num_partial_branches": 0, "covered_branches": 0, "missing_branches": 0, "percent_branches_covered": 100.0, "percent_branches_covered_display": "100"}, "missing_lines": [], "excluded_lines": [], "start_line": 155, "executed_branches": [], "missing_branches": []}, "LinearDelayCalculator.calculate_wire_capacitance": {"executed_lines": [187], "summary": {"covered_lines": 1, "num_statements": 1, "percent_covered": 100.0, "percent_covered_display": "100", "missing_lines": 0, "excluded_lines": 0, "percent_statements_covered": 100.0, "percent_statements_covered_display": "100", "num_branches": 0, "num_partial_branches": 0, "covered_branches": 0, "missing_branches": 0, "percent_branches_covered": 100.0, "percent_branches_covered_display": "100"}, "missing_lines": [], "excluded_lines": [], "start_line": 172, "executed_branches": [], "missing_branches": []}, "LinearDelayCalculator.calculate_tapping_point": {"executed_lines": [196, 197, 200, 201, 202, 204, 205], "summary": {"covered_lines": 7, "num_statements": 7, "percent_covered": 100.0, "percent_covered_display": "100", "missing_lines": 0, "excluded_lines": 0, "percent_statements_covered": 100.0, "percent_statements_covered_display": "100", "num_branches": 2, "num_partial_branches": 0, "covered_branches": 2, "missing_branches": 0, "percent_branches_covered": 100.0, "percent_branches_covered_display": "100"}, "missing_lines": [], "excluded_lines": [], "start_line": 189, "executed_branches": [[196, 197], [196, 200]], "missing_branches": []}, "LinearDelayCalculator._handle_boundary_conditions": {"executed_lines": [215, 216, 217, 218, 219, 220, 221, 222, 223, 224, 225, 226, 228, 229, 231], "summary": {"covered_lines": 15, "num_statements": 15, "percent_covered": 100.0, "percent_covered_display": "100", "missing_lines": 0, "excluded_lines": 0, "percent_statements_covered": 100.0, "percent_statements_covered_display": "100", "num_branches": 4, "num_partial_branches": 0, "covered_branches": 4, "missing_branches": 0, "percent_branches_covered": 100.0, "percent_branches_covered_display": "100"}, "missing_lines": [], "excluded_lines": [], "start_line": 207, "executed_branches": [[215, 216], [215, 221], [221, 222], [221, 228]], "missing_branches": []}, "ElmoreDelayCalculator.__init__": {"executed_lines": [250, 251], "summary": {"covered_lines": 2, "num_statements": 2, "percent_covered": 100.0, "percent_covered_display": "100", "missing_lines": 0, "excluded_lines": 0, "percent_statements_covered": 100.0, "percent_statements_covered_display": "100", "num_branches": 0, "num_partial_branches": 0, "covered_branches": 0, "missing_branches": 0, "percent_branches_covered": 100.0, "percent_branches_covered_display": "100"}, "missing_lines": [], "excluded_lines": [], "start_line": 237, "executed_branches": [], "missing_branches": []}, "ElmoreDelayCalculator.calculate_wire_delay": {"executed_lines": [269, 270, 272], "summary": {"covered_lines": 3, "num_statements": 3, "percent_covered": 100.0, "percent_covered_display": "100", "missing_lines": 0, "excluded_lines": 0, "percent_statements_covered": 100.0, "percent_statements_covered_display": "100", "num_branches": 0, "num_partial_branches": 0, "covered_branches": 0, "missing_branches": 0, "percent_branches_covered": 100.0, "percent_branches_covered_display": "100"}, "missing_lines": [], "excluded_lines": [], "start_line": 253, "executed_branches": [], "missing_branches": []}, "ElmoreDelayCalculator.calculate_wire_delay_per_unit": {"executed_lines": [289], "summary": {"covered_lines": 1, "num_statements": 1, "percent_covered": 100.0, "percent_covered_display": "100", "missing_lines": 0, "excluded_lines": 0, "percent_statements_covered": 100.0, "percent_statements_covered_display": "100", "num_branches": 0, "num_partial_branches": 0, "covered_branches": 0, "missing_branches": 0, "percent_branches_covered": 100.0, "percent_branches_covered_display": "100"}, "missing_lines": [], "excluded_lines": [], "start_line": 274, "executed_branches": [], "missing_branches": []}, "ElmoreDelayCalculator.calculate_wire_capacitance": {"executed_lines": [306], "summary": {"covered_lines": 1, "num_statements": 1, "percent_covered": 100.0, "percent_covered_display": "100", "missing_lines": 0, "excluded_lines": 0, "percent_statements_covered": 100.0, "percent_statements_covered_display": "100", "num_branches": 0, "num_partial_branches": 0, "covered_branches": 0, "missing_branches": 0, "percent_branches_covered": 100.0, "percent_branches_covered_display": "100"}, "missing_lines": [], "excluded_lines": [], "start_line": 291, "executed_branches": [], "missing_branches": []}, "ElmoreDelayCalculator.calculate_tapping_point": {"executed_lines": [315, 316, 319, 320, 321, 322, 323, 324, 325, 326, 328, 329], "summary": {"covered_lines": 12, "num_statements": 12, "percent_covered": 100.0, "percent_covered_display": "100", "missing_lines": 0, "excluded_lines": 0, "percent_statements_covered": 100.0, "percent_statements_covered_display": "100", "num_branches": 2, "num_partial_branches": 0, "covered_branches": 2, "missing_branches": 0, "percent_branches_covered": 100.0, "percent_branches_covered_display": "100"}, "missing_lines": [], "excluded_lines": [], "start_line": 308, "executed_branches": [[315, 316], [315, 319]], "missing_branches": []}, "ElmoreDelayCalculator._handle_boundary_conditions": {"executed_lines": [339, 346, 347, 348, 349, 350, 351, 352, 354, 355, 357], "summary": {"covered_lines": 11, "num_statements": 17, "percent_covered": 66.66666666666667, "percent_covered_display": "67", "missing_lines": 6, "excluded_lines": 0, "percent_statements_covered": 64.70588235294117, "percent_statements_covered_display": "65", "num_branches": 4, "num_partial_branches": 1, "covered_branches": 3, "missing_branches": 1, "percent_branches_covered": 75.0, "percent_branches_covered_display": "75"}, "missing_lines": [340, 341, 342, 343, 344, 345], "excluded_lines": [], "start_line": 331, "executed_branches": [[339, 346], [346, 347], [346, 354]], "missing_branches": [[339, 340]]}, "DMEAlgorithm.__init__": {"executed_lines": [477, 478, 480, 481, 482, 483, 486, 487], "summary": {"covered_lines": 8, "num_statements": 9, "percent_covered": 84.61538461538461, "percent_covered_display": "85", "missing_lines": 1, "excluded_lines": 0, "percent_statements_covered": 88.88888888888889, "percent_statements_covered_display": "89", "num_branches": 4, "num_partial_branches": 1, "covered_branches": 3, "missing_branches": 1, "percent_branches_covered": 75.0, "percent_branches_covered_display": "75"}, "missing_lines": [484], "excluded_lines": [], "start_line": 452, "executed_branches": [[477, 478], [477, 480], [483, 486]], "missing_branches": [[483, 484]]}, "DMEAlgorithm.build_clock_tree": {"executed_lines": [497, 500, 503, 506, 509, 511], "summary": {"covered_lines": 6, "num_statements": 6, "percent_covered": 100.0, "percent_covered_display": "100", "missing_lines": 0, "excluded_lines": 0, "percent_statements_covered": 100.0, "percent_statements_covered_display": "100", "num_branches": 0, "num_partial_branches": 0, "covered_branches": 0, "missing_branches": 0, "percent_branches_covered": 100.0, "percent_branches_covered_display": "100"}, "missing_lines": [], "excluded_lines": [], "start_line": 489, "executed_branches": [], "missing_branches": []}, "DMEAlgorithm._build_merging_tree": {"executed_lines": [527, 528, 533, 538, 539, 540, 545, 546, 551, 557, 560, 561, 563], "summary": {"covered_lines": 13, "num_statements": 13, "percent_covered": 100.0, "percent_covered_display": "100", "missing_lines": 0, "excluded_lines": 0, "percent_statements_covered": 100.0, "percent_statements_covered_display": "100", "num_branches": 2, "num_partial_branches": 0, "covered_branches": 2, "missing_branches": 0, "percent_branches_covered": 100.0, "percent_branches_covered_display": "100"}, "missing_lines": [], "excluded_lines": [], "start_line": 513, "executed_branches": [[527, 528], [527, 533]], "missing_branches": []}, "DMEAlgorithm._compute_merging_segments": {"executed_lines": [575, 577, 619, 620], "summary": {"covered_lines": 4, "num_statements": 4, "percent_covered": 100.0, "percent_covered_display": "100", "missing_lines": 0, "excluded_lines": 0, "percent_statements_covered": 100.0, "percent_statements_covered_display": "100", "num_branches": 0, "num_partial_branches": 0, "covered_branches": 0, "missing_branches": 0, "percent_branches_covered": 100.0, "percent_branches_covered_display": "100"}, "missing_lines": [], "excluded_lines": [], "start_line": 565, "executed_branches": [], "missing_branches": []}, "DMEAlgorithm._compute_merging_segments.compute_segment": {"executed_lines": [580, 584, 585, 586, 590, 591, 592, 593, 597, 602, 606, 610, 611, 615, 616, 617], "summary": {"covered_lines": 16, "num_statements": 16, "percent_covered": 100.0, "percent_covered_display": "100", "missing_lines": 0, "excluded_lines": 0, "percent_statements_covered": 100.0, "percent_statements_covered_display": "100", "num_branches": 4, "num_partial_branches": 0, "covered_branches": 4, "missing_branches": 0, "percent_branches_covered": 100.0, "percent_branches_covered_display": "100"}, "missing_lines": [], "excluded_lines": [], "start_line": 577, "executed_branches": [[580, 584], [580, 590], [590, 591], [590, 592]], "missing_branches": []}, "DMEAlgorithm._embed_tree": {"executed_lines": [638, 670, 671], "summary": {"covered_lines": 3, "num_statements": 3, "percent_covered": 100.0, "percent_covered_display": "100", "missing_lines": 0, "excluded_lines": 0, "percent_statements_covered": 100.0, "percent_statements_covered_display": "100", "num_branches": 0, "num_partial_branches": 0, "covered_branches": 0, "missing_branches": 0, "percent_branches_covered": 100.0, "percent_branches_covered_display": "100"}, "missing_lines": [], "excluded_lines": [], "start_line": 622, "executed_branches": [], "missing_branches": []}, "DMEAlgorithm._embed_tree.embed_node": {"executed_lines": [642, 643, 645, 649, 650, 651, 653, 658, 660, 661, 662, 667, 668], "summary": {"covered_lines": 13, "num_statements": 13, "percent_covered": 95.23809523809524, "percent_covered_display": "95", "missing_lines": 0, "excluded_lines": 0, "percent_statements_covered": 100.0, "percent_statements_covered_display": "100", "num_branches": 8, "num_partial_branches": 1, "covered_branches": 7, "missing_branches": 1, "percent_branches_covered": 87.5, "percent_branches_covered_display": "88"}, "missing_lines": [], "excluded_lines": [], "start_line": 638, "executed_branches": [[642, 643], [642, 645], [645, 649], [645, 658], [650, 651], [650, 653], [660, 661]], "missing_branches": [[660, 667]]}, "DMEAlgorithm._compute_tree_parameters": {"executed_lines": [681, 701], "summary": {"covered_lines": 2, "num_statements": 2, "percent_covered": 100.0, "percent_covered_display": "100", "missing_lines": 0, "excluded_lines": 0, "percent_statements_covered": 100.0, "percent_statements_covered_display": "100", "num_branches": 0, "num_partial_branches": 0, "covered_branches": 0, "missing_branches": 0, "percent_branches_covered": 100.0, "percent_branches_covered_display": "100"}, "missing_lines": [], "excluded_lines": [], "start_line": 673, "executed_branches": [], "missing_branches": []}, "DMEAlgorithm._compute_tree_parameters.compute_delays": {"executed_lines": [682, 683, 688, 689, 691, 694, 698, 699], "summary": {"covered_lines": 8, "num_statements": 8, "percent_covered": 100.0, "percent_covered_display": "100", "missing_lines": 0, "excluded_lines": 0, "percent_statements_covered": 100.0, "percent_statements_covered_display": "100", "num_branches": 4, "num_partial_branches": 0, "covered_branches": 4, "missing_branches": 0, "percent_branches_covered": 100.0, "percent_branches_covered_display": "100"}, "missing_lines": [], "excluded_lines": [], "start_line": 681, "executed_branches": [[682, 683], [682, 688], [688, 689], [688, 694]], "missing_branches": []}, "DMEAlgorithm.analyze_skew": {"executed_lines": [713, 715, 725, 727, 728, 729, 731], "summary": {"covered_lines": 7, "num_statements": 7, "percent_covered": 100.0, "percent_covered_display": "100", "missing_lines": 0, "excluded_lines": 0, "percent_statements_covered": 100.0, "percent_statements_covered_display": "100", "num_branches": 0, "num_partial_branches": 0, "covered_branches": 0, "missing_branches": 0, "percent_branches_covered": 100.0, "percent_branches_covered_display": "100"}, "missing_lines": [], "excluded_lines": [], "start_line": 703, "executed_branches": [], "missing_branches": []}, "DMEAlgorithm.analyze_skew.collect_sink_delays": {"executed_lines": [716, 718, 719, 720, 721, 722, 723], "summary": {"covered_lines": 7, "num_statements": 8, "percent_covered": 87.5, "percent_covered_display": "88", "missing_lines": 1, "excluded_lines": 0, "percent_statements_covered": 87.5, "percent_statements_covered_display": "88", "num_branches": 8, "num_partial_branches": 1, "covered_branches": 7, "missing_branches": 1, "percent_branches_covered": 87.5, "percent_branches_covered_display": "88"}, "missing_lines": [717], "excluded_lines": [], "start_line": 715, "executed_branches": [[716, 718], [718, 719], [718, 720], [720, 721], [720, 722], [722, -715], [722, 723]], "missing_branches": [[716, 717]]}, "DMEAlgorithm._total_wirelength": {"executed_lines": [750, 752, 762, 763], "summary": {"covered_lines": 4, "num_statements": 4, "percent_covered": 100.0, "percent_covered_display": "100", "missing_lines": 0, "excluded_lines": 0, "percent_statements_covered": 100.0, "percent_statements_covered_display": "100", "num_branches": 0, "num_partial_branches": 0, "covered_branches": 0, "missing_branches": 0, "percent_branches_covered": 100.0, "percent_branches_covered_display": "100"}, "missing_lines": [], "excluded_lines": [], "start_line": 740, "executed_branches": [], "missing_branches": []}, "DMEAlgorithm._total_wirelength.sum_wirelength": {"executed_lines": [754, 756, 757, 758, 759, 760], "summary": {"covered_lines": 6, "num_statements": 7, "percent_covered": 84.61538461538461, "percent_covered_display": "85", "missing_lines": 1, "excluded_lines": 0, "percent_statements_covered": 85.71428571428571, "percent_statements_covered_display": "86", "num_branches": 6, "num_partial_branches": 1, "covered_branches": 5, "missing_branches": 1, "percent_branches_covered": 83.33333333333333, "percent_branches_covered_display": "83"}, "missing_lines": [755], "excluded_lines": [], "start_line": 752, "executed_branches": [[754, 756], [757, 758], [757, 759], [759, -752], [759, 760]], "missing_branches": [[754, 755]]}, "get_tree_statistics": {"executed_lines": [788, 789, 790, 792, 823, 825], "summary": {"covered_lines": 6, "num_statements": 6, "percent_covered": 100.0, "percent_covered_display": "100", "missing_lines": 0, "excluded_lines": 0, "percent_statements_covered": 100.0, "percent_statements_covered_display": "100", "num_branches": 0, "num_partial_branches": 0, "covered_branches": 0, "missing_branches": 0, "percent_branches_covered": 100.0, "percent_branches_covered_display": "100"}, "missing_lines": [], "excluded_lines": [], "start_line": 766, "executed_branches": [], "missing_branches": []}, "get_tree_statistics.traverse": {"executed_lines": [793, 794, 796, 806, 807, 809, 810, 820, 821], "summary": {"covered_lines": 9, "num_statements": 9, "percent_covered": 100.0, "percent_covered_display": "100", "missing_lines": 0, "excluded_lines": 0, "percent_statements_covered": 100.0, "percent_statements_covered_display": "100", "num_branches": 6, "num_partial_branches": 0, "covered_branches": 6, "missing_branches": 0, "percent_branches_covered": 100.0, "percent_branches_covered_display": "100"}, "missing_lines": [], "excluded_lines": [], "start_line": 792, "executed_branches": [[793, 794], [793, 796], [806, 807], [806, 809], [809, 810], [809, 820]], "missing_branches": []}, "example_dme_usage": {"executed_lines": [], "summary": {"covered_lines": 0, "num_statements": 22, "percent_covered": 0.0, "percent_covered_display": "0", "missing_lines": 22, "excluded_lines": 0, "percent_statements_covered": 0.0, "percent_statements_covered_display": "0", "num_branches": 0, "num_partial_branches": 0, "covered_branches": 0, "missing_branches": 0, "percent_branches_covered": 100.0, "percent_branches_covered_display": "100"}, "missing_lines": [840, 848, 849, 850, 851, 852, 854, 855, 856, 857, 858, 860, 861, 862, 863, 864, 866, 867, 868, 869, 870, 872], "excluded_lines": [], "start_line": 836, "executed_branches": [], "missing_branches": []}, "": {"executed_lines": [24, 25, 26, 27, 29, 30, 31, 32, 35, 36, 58, 61, 62, 80, 81, 82, 83, 84, 85, 86, 89, 92, 93, 97, 98, 102, 103, 107, 108, 118, 121, 137, 155, 172, 189, 207, 234, 237, 253, 274, 291, 308, 331, 360, 452, 489, 513, 565, 622, 673, 703, 740, 766, 836], "summary": {"covered_lines": 54, "num_statements": 54, "percent_covered": 100.0, "percent_covered_display": "100", "missing_lines": 0, "excluded_lines": 3, "percent_statements_covered": 100.0, "percent_statements_covered_display": "100", "num_branches": 0, "num_partial_branches": 0, "covered_branches": 0, "missing_branches": 0, "percent_branches_covered": 100.0, "percent_branches_covered_display": "100"}, "missing_lines": [], "excluded_lines": [875, 877, 883], "start_line": 1, "executed_branches": [], "missing_branches": []}}, "classes": {"Sink": {"executed_lines": [], "summary": {"covered_lines": 0, "num_statements": 0, "percent_covered": 100.0, "percent_covered_display": "100", "missing_lines": 0, "excluded_lines": 0, "percent_statements_covered": 100.0, "percent_statements_covered_display": "100", "num_branches": 0, "num_partial_branches": 0, "covered_branches": 0, "missing_branches": 0, "percent_branches_covered": 100.0, "percent_branches_covered_display": "100"}, "missing_lines": [], "excluded_lines": [], "start_line": 36, "executed_branches": [], "missing_branches": []}, "TreeNode": {"executed_lines": [], "summary": {"covered_lines": 0, "num_statements": 0, "percent_covered": 100.0, "percent_covered_display": "100", "missing_lines": 0, "excluded_lines": 0, "percent_statements_covered": 100.0, "percent_statements_covered_display": "100", "num_branches": 0, "num_partial_branches": 0, "covered_branches": 0, "missing_branches": 0, "percent_branches_covered": 100.0, "percent_branches_covered_display": "100"}, "missing_lines": [], "excluded_lines": [], "start_line": 62, "executed_branches": [], "missing_branches": []}, "DelayCalculator": {"executed_lines": [], "summary": {"covered_lines": 0, "num_statements": 4, "percent_covered": 0.0, "percent_covered_display": "0", "missing_lines": 4, "excluded_lines": 0, "percent_statements_covered": 0.0, "percent_statements_covered_display": "0", "num_branches": 0, "num_partial_branches": 0, "covered_branches": 0, "missing_branches": 0, "percent_branches_covered": 100.0, "percent_branches_covered_display": "100"}, "missing_lines": [95, 100, 105, 115], "excluded_lines": [], "start_line": 89, "executed_branches": [], "missing_branches": []}, "LinearDelayCalculator": {"executed_lines": [134, 135, 153, 170, 187, 196, 197, 200, 201, 202, 204, 205, 215, 216, 217, 218, 219, 220, 221, 222, 223, 224, 225, 226, 228, 229, 231], "summary": {"covered_lines": 27, "num_statements": 27, "percent_covered": 100.0, "percent_covered_display": "100", "missing_lines": 0, "excluded_lines": 0, "percent_statements_covered": 100.0, "percent_statements_covered_display": "100", "num_branches": 6, "num_partial_branches": 0, "covered_branches": 6, "missing_branches": 0, "percent_branches_covered": 100.0, "percent_branches_covered_display": "100"}, "missing_lines": [], "excluded_lines": [], "start_line": 118, "executed_branches": [[196, 197], [196, 200], [215, 216], [215, 221], [221, 222], [221, 228]], "missing_branches": []}, "ElmoreDelayCalculator": {"executed_lines": [250, 251, 269, 270, 272, 289, 306, 315, 316, 319, 320, 321, 322, 323, 324, 325, 326, 328, 329, 339, 346, 347, 348, 349, 350, 351, 352, 354, 355, 357], "summary": {"covered_lines": 30, "num_statements": 36, "percent_covered": 83.33333333333333, "percent_covered_display": "83", "missing_lines": 6, "excluded_lines": 0, "percent_statements_covered": 83.33333333333333, "percent_statements_covered_display": "83", "num_branches": 6, "num_partial_branches": 1, "covered_branches": 5, "missing_branches": 1, "percent_branches_covered": 83.33333333333333, "percent_branches_covered_display": "83"}, "missing_lines": [340, 341, 342, 343, 344, 345], "excluded_lines": [], "start_line": 234, "executed_branches": [[315, 316], [315, 319], [339, 346], [346, 347], [346, 354]], "missing_branches": [[339, 340]]}, "DMEAlgorithm": {"executed_lines": [477, 478, 480, 481, 482, 483, 486, 487, 497, 500, 503, 506, 509, 511, 527, 528, 533, 538, 539, 540, 545, 546, 551, 557, 560, 561, 563, 575, 577, 580, 584, 585, 586, 590, 591, 592, 593, 597, 602, 606, 610, 611, 615, 616, 617, 619, 620, 638, 642, 643, 645, 649, 650, 651, 653, 658, 660, 661, 662, 667, 668, 670, 671, 681, 682, 683, 688, 689, 691, 694, 698, 699, 701, 713, 715, 716, 718, 719, 720, 721, 722, 723, 725, 727, 728, 729, 731, 750, 752, 754, 756, 757, 758, 759, 760, 762, 763], "summary": {"covered_lines": 97, "num_statements": 100, "percent_covered": 94.8529411764706, "percent_covered_display": "95", "missing_lines": 3, "excluded_lines": 0, "percent_statements_covered": 97.0, "percent_statements_covered_display": "97", "num_branches": 36, "num_partial_branches": 4, "covered_branches": 32, "missing_branches": 4, "percent_branches_covered": 88.88888888888889, "percent_branches_covered_display": "89"}, "missing_lines": [484, 717, 755], "excluded_lines": [], "start_line": 360, "executed_branches": [[477, 478], [477, 480], [483, 486], [527, 528], [527, 533], [580, 584], [580, 590], [590, 591], [590, 592], [642, 643], [642, 645], [645, 649], [645, 658], [650, 651], [650, 653], [660, 661], [682, 683], [682, 688], [688, 689], [688, 694], [716, 718], [718, 719], [718, 720], [720, 721], [720, 722], [722, -715], [722, 723], [754, 756], [757, 758], [757, 759], [759, -752], [759, 760]], "missing_branches": [[483, 484], [660, 667], [716, 717], [754, 755]]}, "": {"executed_lines": [24, 25, 26, 27, 29, 30, 31, 32, 35, 36, 58, 61, 62, 80, 81, 82, 83, 84, 85, 86, 89, 92, 93, 97, 98, 102, 103, 107, 108, 118, 121, 137, 155, 172, 189, 207, 234, 237, 253, 274, 291, 308, 331, 360, 452, 489, 513, 565, 622, 673, 703, 740, 766, 788, 789, 790, 792, 793, 794, 796, 806, 807, 809, 810, 820, 821, 823, 825, 836], "summary": {"covered_lines": 69, "num_statements": 91, "percent_covered": 77.31958762886597, "percent_covered_display": "77", "missing_lines": 22, "excluded_lines": 3, "percent_statements_covered": 75.82417582417582, "percent_statements_covered_display": "76", "num_branches": 6, "num_partial_branches": 0, "covered_branches": 6, "missing_branches": 0, "percent_branches_covered": 100.0, "percent_branches_covered_display": "100"}, "missing_lines": [840, 848, 849, 850, 851, 852, 854, 855, 856, 857, 858, 860, 861, 862, 863, 864, 866, 867, 868, 869, 870, 872], "excluded_lines": [875, 877, 883], "start_line": 1, "executed_branches": [[793, 794], [793, 796], [806, 807], [806, 809], [809, 810], [809, 820]], "missing_branches": []}}}, "src\\physdes\\generic.py": {"executed_lines": [45, 48, 87, 88, 89, 90, 92, 93, 96, 133, 134, 135, 136, 138, 139, 142, 182, 183, 184, 185, 187, 188, 191, 239, 240, 241, 242, 244, 247, 266, 267, 269, 316, 330, 331, 336, 356, 376, 390, 391, 393, 396, 424, 425, 427], "summary": {"covered_lines": 45, "num_statements": 52, "percent_covered": 85.0, "percent_covered_display": "85", "missing_lines": 7, "excluded_lines": 3, "percent_statements_covered": 86.53846153846153, "percent_statements_covered_display": "87", "num_branches": 28, "num_partial_branches": 1, "covered_branches": 23, "missing_branches": 5, "percent_branches_covered": 82.14285714285714, "percent_branches_covered_display": "82"}, "missing_lines": [333, 350, 351, 353, 370, 371, 373], "excluded_lines": [430, 431, 433], "executed_branches": [[87, 88], [87, 89], [89, 90], [89, 92], [133, 134], [133, 135], [135, 136], [135, 138], [182, 183], [182, 184], [184, 185], [184, 187], [239, 240], [239, 241], [241, 242], [241, 244], [266, 267], [266, 269], [330, 331], [390, 391], [390, 393], [424, 425], [424, 427]], "missing_branches": [[330, 333], [350, 351], [350, 353], [370, 371], [370, 373]], "functions": {"overlap": {"executed_lines": [87, 88, 89, 90, 92, 93], "summary": {"covered_lines": 6, "num_statements": 6, "percent_covered": 100.0, "percent_covered_display": "100", "missing_lines": 0, "excluded_lines": 0, "percent_statements_covered": 100.0, "percent_statements_covered_display": "100", "num_branches": 4, "num_partial_branches": 0, "covered_branches": 4, "missing_branches": 0, "percent_branches_covered": 100.0, "percent_branches_covered_display": "100"}, "missing_lines": [], "excluded_lines": [], "start_line": 48, "executed_branches": [[87, 88], [87, 89], [89, 90], [89, 92]], "missing_branches": []}, "contain": {"executed_lines": [133, 134, 135, 136, 138, 139], "summary": {"covered_lines": 6, "num_statements": 6, "percent_covered": 100.0, "percent_covered_display": "100", "missing_lines": 0, "excluded_lines": 0, "percent_statements_covered": 100.0, "percent_statements_covered_display": "100", "num_branches": 4, "num_partial_branches": 0, "covered_branches": 4, "missing_branches": 0, "percent_branches_covered": 100.0, "percent_branches_covered_display": "100"}, "missing_lines": [], "excluded_lines": [], "start_line": 96, "executed_branches": [[133, 134], [133, 135], [135, 136], [135, 138]], "missing_branches": []}, "intersection": {"executed_lines": [182, 183, 184, 185, 187, 188], "summary": {"covered_lines": 6, "num_statements": 6, "percent_covered": 100.0, "percent_covered_display": "100", "missing_lines": 0, "excluded_lines": 0, "percent_statements_covered": 100.0, "percent_statements_covered_display": "100", "num_branches": 4, "num_partial_branches": 0, "covered_branches": 4, "missing_branches": 0, "percent_branches_covered": 100.0, "percent_branches_covered_display": "100"}, "missing_lines": [], "excluded_lines": [], "start_line": 142, "executed_branches": [[182, 183], [182, 184], [184, 185], [184, 187]], "missing_branches": []}, "min_dist": {"executed_lines": [239, 240, 241, 242, 244], "summary": {"covered_lines": 5, "num_statements": 5, "percent_covered": 100.0, "percent_covered_display": "100", "missing_lines": 0, "excluded_lines": 0, "percent_statements_covered": 100.0, "percent_statements_covered_display": "100", "num_branches": 4, "num_partial_branches": 0, "covered_branches": 4, "missing_branches": 0, "percent_branches_covered": 100.0, "percent_branches_covered_display": "100"}, "missing_lines": [], "excluded_lines": [], "start_line": 191, "executed_branches": [[239, 240], [239, 241], [241, 242], [241, 244]], "missing_branches": []}, "nearest": {"executed_lines": [266, 267, 269], "summary": {"covered_lines": 3, "num_statements": 3, "percent_covered": 100.0, "percent_covered_display": "100", "missing_lines": 0, "excluded_lines": 0, "percent_statements_covered": 100.0, "percent_statements_covered_display": "100", "num_branches": 2, "num_partial_branches": 0, "covered_branches": 2, "missing_branches": 0, "percent_branches_covered": 100.0, "percent_branches_covered_display": "100"}, "missing_lines": [], "excluded_lines": [], "start_line": 247, "executed_branches": [[266, 267], [266, 269]], "missing_branches": []}, "measure_of": {"executed_lines": [330, 331], "summary": {"covered_lines": 2, "num_statements": 3, "percent_covered": 60.0, "percent_covered_display": "60", "missing_lines": 1, "excluded_lines": 0, "percent_statements_covered": 66.66666666666667, "percent_statements_covered_display": "67", "num_branches": 2, "num_partial_branches": 1, "covered_branches": 1, "missing_branches": 1, "percent_branches_covered": 50.0, "percent_branches_covered_display": "50"}, "missing_lines": [333], "excluded_lines": [], "start_line": 316, "executed_branches": [[330, 331]], "missing_branches": [[330, 333]]}, "center": {"executed_lines": [], "summary": {"covered_lines": 0, "num_statements": 3, "percent_covered": 0.0, "percent_covered_display": "0", "missing_lines": 3, "excluded_lines": 0, "percent_statements_covered": 0.0, "percent_statements_covered_display": "0", "num_branches": 2, "num_partial_branches": 0, "covered_branches": 0, "missing_branches": 2, "percent_branches_covered": 0.0, "percent_branches_covered_display": "0"}, "missing_lines": [350, 351, 353], "excluded_lines": [], "start_line": 336, "executed_branches": [], "missing_branches": [[350, 351], [350, 353]]}, "lower": {"executed_lines": [], "summary": {"covered_lines": 0, "num_statements": 3, "percent_covered": 0.0, "percent_covered_display": "0", "missing_lines": 3, "excluded_lines": 0, "percent_statements_covered": 0.0, "percent_statements_covered_display": "0", "num_branches": 2, "num_partial_branches": 0, "covered_branches": 0, "missing_branches": 2, "percent_branches_covered": 0.0, "percent_branches_covered_display": "0"}, "missing_lines": [370, 371, 373], "excluded_lines": [], "start_line": 356, "executed_branches": [], "missing_branches": [[370, 371], [370, 373]]}, "upper": {"executed_lines": [390, 391, 393], "summary": {"covered_lines": 3, "num_statements": 3, "percent_covered": 100.0, "percent_covered_display": "100", "missing_lines": 0, "excluded_lines": 0, "percent_statements_covered": 100.0, "percent_statements_covered_display": "100", "num_branches": 2, "num_partial_branches": 0, "covered_branches": 2, "missing_branches": 0, "percent_branches_covered": 100.0, "percent_branches_covered_display": "100"}, "missing_lines": [], "excluded_lines": [], "start_line": 376, "executed_branches": [[390, 391], [390, 393]], "missing_branches": []}, "displacement": {"executed_lines": [424, 425, 427], "summary": {"covered_lines": 3, "num_statements": 3, "percent_covered": 100.0, "percent_covered_display": "100", "missing_lines": 0, "excluded_lines": 0, "percent_statements_covered": 100.0, "percent_statements_covered_display": "100", "num_branches": 2, "num_partial_branches": 0, "covered_branches": 2, "missing_branches": 0, "percent_branches_covered": 100.0, "percent_branches_covered_display": "100"}, "missing_lines": [], "excluded_lines": [], "start_line": 396, "executed_branches": [[424, 425], [424, 427]], "missing_branches": []}, "": {"executed_lines": [45, 48, 96, 142, 191, 247, 316, 336, 356, 376, 396], "summary": {"covered_lines": 11, "num_statements": 11, "percent_covered": 100.0, "percent_covered_display": "100", "missing_lines": 0, "excluded_lines": 3, "percent_statements_covered": 100.0, "percent_statements_covered_display": "100", "num_branches": 0, "num_partial_branches": 0, "covered_branches": 0, "missing_branches": 0, "percent_branches_covered": 100.0, "percent_branches_covered_display": "100"}, "missing_lines": [], "excluded_lines": [430, 431, 433], "start_line": 1, "executed_branches": [], "missing_branches": []}}, "classes": {"": {"executed_lines": [45, 48, 87, 88, 89, 90, 92, 93, 96, 133, 134, 135, 136, 138, 139, 142, 182, 183, 184, 185, 187, 188, 191, 239, 240, 241, 242, 244, 247, 266, 267, 269, 316, 330, 331, 336, 356, 376, 390, 391, 393, 396, 424, 425, 427], "summary": {"covered_lines": 45, "num_statements": 52, "percent_covered": 85.0, "percent_covered_display": "85", "missing_lines": 7, "excluded_lines": 3, "percent_statements_covered": 86.53846153846153, "percent_statements_covered_display": "87", "num_branches": 28, "num_partial_branches": 1, "covered_branches": 23, "missing_branches": 5, "percent_branches_covered": 82.14285714285714, "percent_branches_covered_display": "82"}, "missing_lines": [333, 350, 351, 353, 370, 371, 373], "excluded_lines": [430, 431, 433], "start_line": 1, "executed_branches": [[87, 88], [87, 89], [89, 90], [89, 92], [133, 134], [133, 135], [135, 136], [135, 138], [182, 183], [182, 184], [184, 185], [184, 187], [239, 240], [239, 241], [241, 242], [241, 244], [266, 267], [266, 269], [330, 331], [390, 391], [390, 393], [424, 425], [424, 427]], "missing_branches": [[330, 333], [350, 351], [350, 353], [370, 371], [370, 373]]}}}, "src\\physdes\\interval.py": {"executed_lines": [41, 43, 45, 48, 49, 51, 74, 75, 91, 105, 107, 108, 119, 121, 122, 133, 135, 149, 166, 182, 184, 203, 204, 205, 207, 230, 232, 255, 257, 280, 282, 305, 307, 319, 320, 322, 339, 343, 344, 345, 347, 365, 366, 367, 368, 370, 383, 402, 406, 407, 408, 410, 428, 429, 430, 431, 433, 447, 464, 465, 466, 468, 486, 487, 489, 503, 517, 545, 547, 576, 577, 579, 581, 607, 608, 610, 612, 656, 657, 659, 661, 690, 691, 692, 693, 694, 696, 709, 710, 711, 712, 713, 715, 734, 735, 736, 738, 751, 764, 775, 799, 816, 817, 820, 844, 845, 846, 847, 849, 852, 872, 873, 875], "summary": {"covered_lines": 113, "num_statements": 126, "percent_covered": 90.38461538461539, "percent_covered_display": "90", "missing_lines": 13, "excluded_lines": 16, "percent_statements_covered": 89.68253968253968, "percent_statements_covered_display": "90", "num_branches": 30, "num_partial_branches": 2, "covered_branches": 28, "missing_branches": 2, "percent_branches_covered": 93.33333333333333, "percent_branches_covered_display": "93"}, "missing_lines": [340, 341, 381, 403, 404, 444, 445, 500, 501, 514, 515, 749, 762], "excluded_lines": [77, 78, 79, 80, 81, 82, 83, 84, 85, 86, 87, 88, 89, 878, 879, 881], "executed_branches": [[203, 204], [203, 205], [339, 343], [366, 367], [366, 368], [402, 406], [429, 430], [429, 431], [576, 577], [576, 579], [607, 608], [607, 610], [656, 657], [656, 659], [690, 691], [690, 692], [692, 693], [692, 694], [709, 710], [709, 711], [711, 712], [711, 713], [844, 845], [844, 846], [846, 847], [846, 849], [872, 873], [872, 875]], "missing_branches": [[339, 340], [402, 403]], "functions": {"Interval.__init__": {"executed_lines": [74, 75], "summary": {"covered_lines": 2, "num_statements": 2, "percent_covered": 100.0, "percent_covered_display": "100", "missing_lines": 0, "excluded_lines": 0, "percent_statements_covered": 100.0, "percent_statements_covered_display": "100", "num_branches": 0, "num_partial_branches": 0, "covered_branches": 0, "missing_branches": 0, "percent_branches_covered": 100.0, "percent_branches_covered_display": "100"}, "missing_lines": [], "excluded_lines": [], "start_line": 51, "executed_branches": [], "missing_branches": []}, "Interval.__repr__": {"executed_lines": [], "summary": {"covered_lines": 0, "num_statements": 0, "percent_covered": 100.0, "percent_covered_display": "100", "missing_lines": 0, "excluded_lines": 12, "percent_statements_covered": 100.0, "percent_statements_covered_display": "100", "num_branches": 0, "num_partial_branches": 0, "covered_branches": 0, "missing_branches": 0, "percent_branches_covered": 100.0, "percent_branches_covered_display": "100"}, "missing_lines": [], "excluded_lines": [78, 79, 80, 81, 82, 83, 84, 85, 86, 87, 88, 89], "start_line": 77, "executed_branches": [], "missing_branches": []}, "Interval.__str__": {"executed_lines": [105], "summary": {"covered_lines": 1, "num_statements": 1, "percent_covered": 100.0, "percent_covered_display": "100", "missing_lines": 0, "excluded_lines": 0, "percent_statements_covered": 100.0, "percent_statements_covered_display": "100", "num_branches": 0, "num_partial_branches": 0, "covered_branches": 0, "missing_branches": 0, "percent_branches_covered": 100.0, "percent_branches_covered_display": "100"}, "missing_lines": [], "excluded_lines": [], "start_line": 91, "executed_branches": [], "missing_branches": []}, "Interval.lb": {"executed_lines": [119], "summary": {"covered_lines": 1, "num_statements": 1, "percent_covered": 100.0, "percent_covered_display": "100", "missing_lines": 0, "excluded_lines": 0, "percent_statements_covered": 100.0, "percent_statements_covered_display": "100", "num_branches": 0, "num_partial_branches": 0, "covered_branches": 0, "missing_branches": 0, "percent_branches_covered": 100.0, "percent_branches_covered_display": "100"}, "missing_lines": [], "excluded_lines": [], "start_line": 108, "executed_branches": [], "missing_branches": []}, "Interval.ub": {"executed_lines": [133], "summary": {"covered_lines": 1, "num_statements": 1, "percent_covered": 100.0, "percent_covered_display": "100", "missing_lines": 0, "excluded_lines": 0, "percent_statements_covered": 100.0, "percent_statements_covered_display": "100", "num_branches": 0, "num_partial_branches": 0, "covered_branches": 0, "missing_branches": 0, "percent_branches_covered": 100.0, "percent_branches_covered_display": "100"}, "missing_lines": [], "excluded_lines": [], "start_line": 122, "executed_branches": [], "missing_branches": []}, "Interval.is_invalid": {"executed_lines": [149], "summary": {"covered_lines": 1, "num_statements": 1, "percent_covered": 100.0, "percent_covered_display": "100", "missing_lines": 0, "excluded_lines": 0, "percent_statements_covered": 100.0, "percent_statements_covered_display": "100", "num_branches": 0, "num_partial_branches": 0, "covered_branches": 0, "missing_branches": 0, "percent_branches_covered": 100.0, "percent_branches_covered_display": "100"}, "missing_lines": [], "excluded_lines": [], "start_line": 135, "executed_branches": [], "missing_branches": []}, "Interval.measure": {"executed_lines": [182], "summary": {"covered_lines": 1, "num_statements": 1, "percent_covered": 100.0, "percent_covered_display": "100", "missing_lines": 0, "excluded_lines": 0, "percent_statements_covered": 100.0, "percent_statements_covered_display": "100", "num_branches": 0, "num_partial_branches": 0, "covered_branches": 0, "missing_branches": 0, "percent_branches_covered": 100.0, "percent_branches_covered_display": "100"}, "missing_lines": [], "excluded_lines": [], "start_line": 166, "executed_branches": [], "missing_branches": []}, "Interval.__eq__": {"executed_lines": [203, 204, 205], "summary": {"covered_lines": 3, "num_statements": 3, "percent_covered": 100.0, "percent_covered_display": "100", "missing_lines": 0, "excluded_lines": 0, "percent_statements_covered": 100.0, "percent_statements_covered_display": "100", "num_branches": 2, "num_partial_branches": 0, "covered_branches": 2, "missing_branches": 0, "percent_branches_covered": 100.0, "percent_branches_covered_display": "100"}, "missing_lines": [], "excluded_lines": [], "start_line": 184, "executed_branches": [[203, 204], [203, 205]], "missing_branches": []}, "Interval.__lt__": {"executed_lines": [230], "summary": {"covered_lines": 1, "num_statements": 1, "percent_covered": 100.0, "percent_covered_display": "100", "missing_lines": 0, "excluded_lines": 0, "percent_statements_covered": 100.0, "percent_statements_covered_display": "100", "num_branches": 0, "num_partial_branches": 0, "covered_branches": 0, "missing_branches": 0, "percent_branches_covered": 100.0, "percent_branches_covered_display": "100"}, "missing_lines": [], "excluded_lines": [], "start_line": 207, "executed_branches": [], "missing_branches": []}, "Interval.__gt__": {"executed_lines": [255], "summary": {"covered_lines": 1, "num_statements": 1, "percent_covered": 100.0, "percent_covered_display": "100", "missing_lines": 0, "excluded_lines": 0, "percent_statements_covered": 100.0, "percent_statements_covered_display": "100", "num_branches": 0, "num_partial_branches": 0, "covered_branches": 0, "missing_branches": 0, "percent_branches_covered": 100.0, "percent_branches_covered_display": "100"}, "missing_lines": [], "excluded_lines": [], "start_line": 232, "executed_branches": [], "missing_branches": []}, "Interval.__le__": {"executed_lines": [280], "summary": {"covered_lines": 1, "num_statements": 1, "percent_covered": 100.0, "percent_covered_display": "100", "missing_lines": 0, "excluded_lines": 0, "percent_statements_covered": 100.0, "percent_statements_covered_display": "100", "num_branches": 0, "num_partial_branches": 0, "covered_branches": 0, "missing_branches": 0, "percent_branches_covered": 100.0, "percent_branches_covered_display": "100"}, "missing_lines": [], "excluded_lines": [], "start_line": 257, "executed_branches": [], "missing_branches": []}, "Interval.__ge__": {"executed_lines": [305], "summary": {"covered_lines": 1, "num_statements": 1, "percent_covered": 100.0, "percent_covered_display": "100", "missing_lines": 0, "excluded_lines": 0, "percent_statements_covered": 100.0, "percent_statements_covered_display": "100", "num_branches": 0, "num_partial_branches": 0, "covered_branches": 0, "missing_branches": 0, "percent_branches_covered": 100.0, "percent_branches_covered_display": "100"}, "missing_lines": [], "excluded_lines": [], "start_line": 282, "executed_branches": [], "missing_branches": []}, "Interval.__neg__": {"executed_lines": [319, 320], "summary": {"covered_lines": 2, "num_statements": 2, "percent_covered": 100.0, "percent_covered_display": "100", "missing_lines": 0, "excluded_lines": 0, "percent_statements_covered": 100.0, "percent_statements_covered_display": "100", "num_branches": 0, "num_partial_branches": 0, "covered_branches": 0, "missing_branches": 0, "percent_branches_covered": 100.0, "percent_branches_covered_display": "100"}, "missing_lines": [], "excluded_lines": [], "start_line": 307, "executed_branches": [], "missing_branches": []}, "Interval.__iadd__": {"executed_lines": [339, 343, 344, 345], "summary": {"covered_lines": 4, "num_statements": 6, "percent_covered": 62.5, "percent_covered_display": "62", "missing_lines": 2, "excluded_lines": 0, "percent_statements_covered": 66.66666666666667, "percent_statements_covered_display": "67", "num_branches": 2, "num_partial_branches": 1, "covered_branches": 1, "missing_branches": 1, "percent_branches_covered": 50.0, "percent_branches_covered_display": "50"}, "missing_lines": [340, 341], "excluded_lines": [], "start_line": 322, "executed_branches": [[339, 343]], "missing_branches": [[339, 340]]}, "Interval.__add__": {"executed_lines": [365, 366, 367, 368], "summary": {"covered_lines": 4, "num_statements": 4, "percent_covered": 100.0, "percent_covered_display": "100", "missing_lines": 0, "excluded_lines": 0, "percent_statements_covered": 100.0, "percent_statements_covered_display": "100", "num_branches": 2, "num_partial_branches": 0, "covered_branches": 2, "missing_branches": 0, "percent_branches_covered": 100.0, "percent_branches_covered_display": "100"}, "missing_lines": [], "excluded_lines": [], "start_line": 347, "executed_branches": [[366, 367], [366, 368]], "missing_branches": []}, "Interval.__radd__": {"executed_lines": [], "summary": {"covered_lines": 0, "num_statements": 1, "percent_covered": 0.0, "percent_covered_display": "0", "missing_lines": 1, "excluded_lines": 0, "percent_statements_covered": 0.0, "percent_statements_covered_display": "0", "num_branches": 0, "num_partial_branches": 0, "covered_branches": 0, "missing_branches": 0, "percent_branches_covered": 100.0, "percent_branches_covered_display": "100"}, "missing_lines": [381], "excluded_lines": [], "start_line": 370, "executed_branches": [], "missing_branches": []}, "Interval.__isub__": {"executed_lines": [402, 406, 407, 408], "summary": {"covered_lines": 4, "num_statements": 6, "percent_covered": 62.5, "percent_covered_display": "62", "missing_lines": 2, "excluded_lines": 0, "percent_statements_covered": 66.66666666666667, "percent_statements_covered_display": "67", "num_branches": 2, "num_partial_branches": 1, "covered_branches": 1, "missing_branches": 1, "percent_branches_covered": 50.0, "percent_branches_covered_display": "50"}, "missing_lines": [403, 404], "excluded_lines": [], "start_line": 383, "executed_branches": [[402, 406]], "missing_branches": [[402, 403]]}, "Interval.__sub__": {"executed_lines": [428, 429, 430, 431], "summary": {"covered_lines": 4, "num_statements": 4, "percent_covered": 100.0, "percent_covered_display": "100", "missing_lines": 0, "excluded_lines": 0, "percent_statements_covered": 100.0, "percent_statements_covered_display": "100", "num_branches": 2, "num_partial_branches": 0, "covered_branches": 2, "missing_branches": 0, "percent_branches_covered": 100.0, "percent_branches_covered_display": "100"}, "missing_lines": [], "excluded_lines": [], "start_line": 410, "executed_branches": [[429, 430], [429, 431]], "missing_branches": []}, "Interval.__rsub__": {"executed_lines": [], "summary": {"covered_lines": 0, "num_statements": 2, "percent_covered": 0.0, "percent_covered_display": "0", "missing_lines": 2, "excluded_lines": 0, "percent_statements_covered": 0.0, "percent_statements_covered_display": "0", "num_branches": 0, "num_partial_branches": 0, "covered_branches": 0, "missing_branches": 0, "percent_branches_covered": 100.0, "percent_branches_covered_display": "100"}, "missing_lines": [444, 445], "excluded_lines": [], "start_line": 433, "executed_branches": [], "missing_branches": []}, "Interval.__imul__": {"executed_lines": [464, 465, 466], "summary": {"covered_lines": 3, "num_statements": 3, "percent_covered": 100.0, "percent_covered_display": "100", "missing_lines": 0, "excluded_lines": 0, "percent_statements_covered": 100.0, "percent_statements_covered_display": "100", "num_branches": 0, "num_partial_branches": 0, "covered_branches": 0, "missing_branches": 0, "percent_branches_covered": 100.0, "percent_branches_covered_display": "100"}, "missing_lines": [], "excluded_lines": [], "start_line": 447, "executed_branches": [], "missing_branches": []}, "Interval.__mul__": {"executed_lines": [486, 487], "summary": {"covered_lines": 2, "num_statements": 2, "percent_covered": 100.0, "percent_covered_display": "100", "missing_lines": 0, "excluded_lines": 0, "percent_statements_covered": 100.0, "percent_statements_covered_display": "100", "num_branches": 0, "num_partial_branches": 0, "covered_branches": 0, "missing_branches": 0, "percent_branches_covered": 100.0, "percent_branches_covered_display": "100"}, "missing_lines": [], "excluded_lines": [], "start_line": 468, "executed_branches": [], "missing_branches": []}, "Interval.__truediv__": {"executed_lines": [], "summary": {"covered_lines": 0, "num_statements": 2, "percent_covered": 0.0, "percent_covered_display": "0", "missing_lines": 2, "excluded_lines": 0, "percent_statements_covered": 0.0, "percent_statements_covered_display": "0", "num_branches": 0, "num_partial_branches": 0, "covered_branches": 0, "missing_branches": 0, "percent_branches_covered": 100.0, "percent_branches_covered_display": "100"}, "missing_lines": [500, 501], "excluded_lines": [], "start_line": 489, "executed_branches": [], "missing_branches": []}, "Interval.__floordiv__": {"executed_lines": [], "summary": {"covered_lines": 0, "num_statements": 2, "percent_covered": 0.0, "percent_covered_display": "0", "missing_lines": 2, "excluded_lines": 0, "percent_statements_covered": 0.0, "percent_statements_covered_display": "0", "num_branches": 0, "num_partial_branches": 0, "covered_branches": 0, "missing_branches": 0, "percent_branches_covered": 100.0, "percent_branches_covered_display": "100"}, "missing_lines": [514, 515], "excluded_lines": [], "start_line": 503, "executed_branches": [], "missing_branches": []}, "Interval.overlaps": {"executed_lines": [545], "summary": {"covered_lines": 1, "num_statements": 1, "percent_covered": 100.0, "percent_covered_display": "100", "missing_lines": 0, "excluded_lines": 0, "percent_statements_covered": 100.0, "percent_statements_covered_display": "100", "num_branches": 0, "num_partial_branches": 0, "covered_branches": 0, "missing_branches": 0, "percent_branches_covered": 100.0, "percent_branches_covered_display": "100"}, "missing_lines": [], "excluded_lines": [], "start_line": 517, "executed_branches": [], "missing_branches": []}, "Interval.contains": {"executed_lines": [576, 577, 579], "summary": {"covered_lines": 3, "num_statements": 3, "percent_covered": 100.0, "percent_covered_display": "100", "missing_lines": 0, "excluded_lines": 0, "percent_statements_covered": 100.0, "percent_statements_covered_display": "100", "num_branches": 2, "num_partial_branches": 0, "covered_branches": 2, "missing_branches": 0, "percent_branches_covered": 100.0, "percent_branches_covered_display": "100"}, "missing_lines": [], "excluded_lines": [], "start_line": 547, "executed_branches": [[576, 577], [576, 579]], "missing_branches": []}, "Interval.hull_with": {"executed_lines": [607, 608, 610], "summary": {"covered_lines": 3, "num_statements": 3, "percent_covered": 100.0, "percent_covered_display": "100", "missing_lines": 0, "excluded_lines": 0, "percent_statements_covered": 100.0, "percent_statements_covered_display": "100", "num_branches": 2, "num_partial_branches": 0, "covered_branches": 2, "missing_branches": 0, "percent_branches_covered": 100.0, "percent_branches_covered_display": "100"}, "missing_lines": [], "excluded_lines": [], "start_line": 581, "executed_branches": [[607, 608], [607, 610]], "missing_branches": []}, "Interval.intersect_with": {"executed_lines": [656, 657, 659], "summary": {"covered_lines": 3, "num_statements": 3, "percent_covered": 100.0, "percent_covered_display": "100", "missing_lines": 0, "excluded_lines": 0, "percent_statements_covered": 100.0, "percent_statements_covered_display": "100", "num_branches": 2, "num_partial_branches": 0, "covered_branches": 2, "missing_branches": 0, "percent_branches_covered": 100.0, "percent_branches_covered_display": "100"}, "missing_lines": [], "excluded_lines": [], "start_line": 612, "executed_branches": [[656, 657], [656, 659]], "missing_branches": []}, "Interval.min_dist_with": {"executed_lines": [690, 691, 692, 693, 694], "summary": {"covered_lines": 5, "num_statements": 5, "percent_covered": 100.0, "percent_covered_display": "100", "missing_lines": 0, "excluded_lines": 0, "percent_statements_covered": 100.0, "percent_statements_covered_display": "100", "num_branches": 4, "num_partial_branches": 0, "covered_branches": 4, "missing_branches": 0, "percent_branches_covered": 100.0, "percent_branches_covered_display": "100"}, "missing_lines": [], "excluded_lines": [], "start_line": 661, "executed_branches": [[690, 691], [690, 692], [692, 693], [692, 694]], "missing_branches": []}, "Interval.nearest_to": {"executed_lines": [709, 710, 711, 712, 713], "summary": {"covered_lines": 5, "num_statements": 5, "percent_covered": 100.0, "percent_covered_display": "100", "missing_lines": 0, "excluded_lines": 0, "percent_statements_covered": 100.0, "percent_statements_covered_display": "100", "num_branches": 4, "num_partial_branches": 0, "covered_branches": 4, "missing_branches": 0, "percent_branches_covered": 100.0, "percent_branches_covered_display": "100"}, "missing_lines": [], "excluded_lines": [], "start_line": 696, "executed_branches": [[709, 710], [709, 711], [711, 712], [711, 713]], "missing_branches": []}, "Interval.displace": {"executed_lines": [734, 735, 736], "summary": {"covered_lines": 3, "num_statements": 3, "percent_covered": 100.0, "percent_covered_display": "100", "missing_lines": 0, "excluded_lines": 0, "percent_statements_covered": 100.0, "percent_statements_covered_display": "100", "num_branches": 0, "num_partial_branches": 0, "covered_branches": 0, "missing_branches": 0, "percent_branches_covered": 100.0, "percent_branches_covered_display": "100"}, "missing_lines": [], "excluded_lines": [], "start_line": 715, "executed_branches": [], "missing_branches": []}, "Interval.get_center": {"executed_lines": [], "summary": {"covered_lines": 0, "num_statements": 1, "percent_covered": 0.0, "percent_covered_display": "0", "missing_lines": 1, "excluded_lines": 0, "percent_statements_covered": 0.0, "percent_statements_covered_display": "0", "num_branches": 0, "num_partial_branches": 0, "covered_branches": 0, "missing_branches": 0, "percent_branches_covered": 100.0, "percent_branches_covered_display": "100"}, "missing_lines": [749], "excluded_lines": [], "start_line": 738, "executed_branches": [], "missing_branches": []}, "Interval.lower_corner": {"executed_lines": [], "summary": {"covered_lines": 0, "num_statements": 1, "percent_covered": 0.0, "percent_covered_display": "0", "missing_lines": 1, "excluded_lines": 0, "percent_statements_covered": 0.0, "percent_statements_covered_display": "0", "num_branches": 0, "num_partial_branches": 0, "covered_branches": 0, "missing_branches": 0, "percent_branches_covered": 100.0, "percent_branches_covered_display": "100"}, "missing_lines": [762], "excluded_lines": [], "start_line": 751, "executed_branches": [], "missing_branches": []}, "Interval.upper_corner": {"executed_lines": [775], "summary": {"covered_lines": 1, "num_statements": 1, "percent_covered": 100.0, "percent_covered_display": "100", "missing_lines": 0, "excluded_lines": 0, "percent_statements_covered": 100.0, "percent_statements_covered_display": "100", "num_branches": 0, "num_partial_branches": 0, "covered_branches": 0, "missing_branches": 0, "percent_branches_covered": 100.0, "percent_branches_covered_display": "100"}, "missing_lines": [], "excluded_lines": [], "start_line": 764, "executed_branches": [], "missing_branches": []}, "Interval.enlarge_with": {"executed_lines": [816, 817], "summary": {"covered_lines": 2, "num_statements": 2, "percent_covered": 100.0, "percent_covered_display": "100", "missing_lines": 0, "excluded_lines": 0, "percent_statements_covered": 100.0, "percent_statements_covered_display": "100", "num_branches": 0, "num_partial_branches": 0, "covered_branches": 0, "missing_branches": 0, "percent_branches_covered": 100.0, "percent_branches_covered_display": "100"}, "missing_lines": [], "excluded_lines": [], "start_line": 799, "executed_branches": [], "missing_branches": []}, "hull": {"executed_lines": [844, 845, 846, 847, 849], "summary": {"covered_lines": 5, "num_statements": 5, "percent_covered": 100.0, "percent_covered_display": "100", "missing_lines": 0, "excluded_lines": 0, "percent_statements_covered": 100.0, "percent_statements_covered_display": "100", "num_branches": 4, "num_partial_branches": 0, "covered_branches": 4, "missing_branches": 0, "percent_branches_covered": 100.0, "percent_branches_covered_display": "100"}, "missing_lines": [], "excluded_lines": [], "start_line": 820, "executed_branches": [[844, 845], [844, 846], [846, 847], [846, 849]], "missing_branches": []}, "enlarge": {"executed_lines": [872, 873, 875], "summary": {"covered_lines": 3, "num_statements": 3, "percent_covered": 100.0, "percent_covered_display": "100", "missing_lines": 0, "excluded_lines": 0, "percent_statements_covered": 100.0, "percent_statements_covered_display": "100", "num_branches": 2, "num_partial_branches": 0, "covered_branches": 2, "missing_branches": 0, "percent_branches_covered": 100.0, "percent_branches_covered_display": "100"}, "missing_lines": [], "excluded_lines": [], "start_line": 852, "executed_branches": [[872, 873], [872, 875]], "missing_branches": []}, "": {"executed_lines": [41, 43, 45, 48, 49, 51, 91, 107, 108, 121, 122, 135, 166, 184, 207, 232, 257, 282, 307, 322, 347, 370, 383, 410, 433, 447, 468, 489, 503, 517, 547, 581, 612, 661, 696, 715, 738, 751, 764, 799, 820, 852], "summary": {"covered_lines": 42, "num_statements": 42, "percent_covered": 100.0, "percent_covered_display": "100", "missing_lines": 0, "excluded_lines": 4, "percent_statements_covered": 100.0, "percent_statements_covered_display": "100", "num_branches": 0, "num_partial_branches": 0, "covered_branches": 0, "missing_branches": 0, "percent_branches_covered": 100.0, "percent_branches_covered_display": "100"}, "missing_lines": [], "excluded_lines": [77, 878, 879, 881], "start_line": 1, "executed_branches": [], "missing_branches": []}}, "classes": {"Interval": {"executed_lines": [74, 75, 105, 119, 133, 149, 182, 203, 204
[...]
isplay": "93"}, "missing_lines": [265, 274, 295], "excluded_lines": [], "start_line": 76, "executed_branches": [[179, 180], [179, 187], [193, 194], [193, 209], [194, 193], [194, 195], [197, 198], [197, 200], [200, 194], [200, 201], [217, 218], [217, 225], [219, 220], [219, 223], [220, 219], [220, 221], [223, 217], [223, 224], [225, 226], [225, 229], [230, 231], [230, 234], [235, 236], [235, 248], [237, 238], [238, 239], [238, 242], [239, 238], [239, 240], [242, 237], [242, 243], [244, 245], [250, 251], [250, 273], [251, 252], [251, 253], [256, 257], [256, 258], [258, 259], [258, 260], [260, 261], [260, 262], [264, 266], [267, 268], [267, 270], [270, 250], [270, 271], [273, 277], [280, 281], [280, 298], [281, 282], [281, 283], [286, 287], [286, 288], [288, 289], [288, 290], [290, 291], [290, 292], [294, 280], [298, 299], [304, 305], [304, 322], [306, 307], [306, 310], [307, 306], [307, 308], [311, 312], [311, 318], [312, 313], [312, 316], [313, 312], [313, 314], [316, 311], [316, 317], [318, 304], [318, 319], [326, 327], [326, 329]], "missing_branches": [[237, 244], [244, 235], [264, 265], [273, 274], [294, 295], [298, 212]]}, "generate_svg": {"executed_lines": [370, 371, 372, 373, 376, 377, 378, 381, 382, 383, 386, 387, 388, 389, 390, 391, 392, 393, 394, 395, 396, 397, 398, 399, 400, 402, 403, 404, 405, 408, 409, 410, 411, 412, 413, 414, 415, 417, 420, 421, 422], "summary": {"covered_lines": 41, "num_statements": 41, "percent_covered": 100.0, "percent_covered_display": "100", "missing_lines": 0, "excluded_lines": 0, "percent_statements_covered": 100.0, "percent_statements_covered_display": "100", "num_branches": 16, "num_partial_branches": 0, "covered_branches": 16, "missing_branches": 0, "percent_branches_covered": 100.0, "percent_branches_covered_display": "100"}, "missing_lines": [], "excluded_lines": [], "start_line": 334, "executed_branches": [[376, 377], [376, 381], [381, 382], [381, 386], [387, 388], [387, 408], [388, 387], [388, 389], [392, 393], [392, 395], [395, 396], [395, 398], [398, 399], [398, 402], [408, 409], [408, 417]], "missing_branches": []}, "main": {"executed_lines": [], "summary": {"covered_lines": 0, "num_statements": 7, "percent_covered": 0.0, "percent_covered_display": "0", "missing_lines": 7, "excluded_lines": 0, "percent_statements_covered": 0.0, "percent_statements_covered_display": "0", "num_branches": 0, "num_partial_branches": 0, "covered_branches": 0, "missing_branches": 0, "percent_branches_covered": 100.0, "percent_branches_covered_display": "100"}, "missing_lines": [428, 429, 430, 438, 440, 441, 443], "excluded_lines": [], "start_line": 425, "executed_branches": [], "missing_branches": []}, "": {"executed_lines": [1, 2, 5, 24, 34, 49, 76, 334, 425], "summary": {"covered_lines": 9, "num_statements": 9, "percent_covered": 100.0, "percent_covered_display": "100", "missing_lines": 0, "excluded_lines": 2, "percent_statements_covered": 100.0, "percent_statements_covered_display": "100", "num_branches": 0, "num_partial_branches": 0, "covered_branches": 0, "missing_branches": 0, "percent_branches_covered": 100.0, "percent_branches_covered_display": "100"}, "missing_lines": [], "excluded_lines": [456, 457], "start_line": 1, "executed_branches": [], "missing_branches": []}}, "classes": {"UnionFind": {"executed_lines": [31, 32, 45, 46, 47, 62, 63, 64, 65, 66, 67, 68, 69, 71, 72, 73], "summary": {"covered_lines": 16, "num_statements": 16, "percent_covered": 100.0, "percent_covered_display": "100", "missing_lines": 0, "excluded_lines": 0, "percent_statements_covered": 100.0, "percent_statements_covered_display": "100", "num_branches": 8, "num_partial_branches": 0, "covered_branches": 8, "missing_branches": 0, "percent_branches_covered": 100.0, "percent_branches_covered_display": "100"}, "missing_lines": [], "excluded_lines": [], "start_line": 5, "executed_branches": [[45, 46], [45, 47], [64, 65], [64, 66], [66, 67], [66, 68], [68, 69], [68, 71]], "missing_branches": []}, "": {"executed_lines": [1, 2, 5, 24, 34, 49, 76, 174, 175, 176, 177, 178, 179, 180, 181, 182, 183, 184, 185, 187, 190, 193, 194, 195, 197, 198, 200, 201, 209, 210, 212, 214, 216, 217, 218, 219, 220, 221, 222, 223, 224, 225, 226, 229, 230, 231, 234, 235, 236, 237, 238, 239, 240, 241, 242, 243, 244, 245, 248, 249, 250, 251, 252, 253, 254, 255, 256, 257, 258, 259, 260, 261, 262, 263, 264, 266, 267, 268, 269, 270, 271, 273, 277, 280, 281, 282, 283, 284, 285, 286, 287, 288, 289, 290, 291, 292, 293, 294, 298, 299, 300, 303, 304, 305, 306, 307, 308, 309, 310, 311, 312, 313, 314, 315, 316, 317, 318, 319, 322, 325, 326, 327, 328, 329, 331, 334, 370, 371, 372, 373, 376, 377, 378, 381, 382, 383, 386, 387, 388, 389, 390, 391, 392, 393, 394, 395, 396, 397, 398, 399, 400, 402, 403, 404, 405, 408, 409, 410, 411, 412, 413, 414, 415, 417, 420, 421, 422, 425], "summary": {"covered_lines": 168, "num_statements": 178, "percent_covered": 94.24460431654676, "percent_covered_display": "94", "missing_lines": 10, "excluded_lines": 2, "percent_statements_covered": 94.38202247191012, "percent_statements_covered_display": "94", "num_branches": 100, "num_partial_branches": 6, "covered_branches": 94, "missing_branches": 6, "percent_branches_covered": 94.0, "percent_branches_covered_display": "94"}, "missing_lines": [265, 274, 295, 428, 429, 430, 438, 440, 441, 443], "excluded_lines": [456, 457], "start_line": 1, "executed_branches": [[179, 180], [179, 187], [193, 194], [193, 209], [194, 193], [194, 195], [197, 198], [197, 200], [200, 194], [200, 201], [217, 218], [217, 225], [219, 220], [219, 223], [220, 219], [220, 221], [223, 217], [223, 224], [225, 226], [225, 229], [230, 231], [230, 234], [235, 236], [235, 248], [237, 238], [238, 239], [238, 242], [239, 238], [239, 240], [242, 237], [242, 243], [244, 245], [250, 251], [250, 273], [251, 252], [251, 253], [256, 257], [256, 258], [258, 259], [258, 260], [260, 261], [260, 262], [264, 266], [267, 268], [267, 270], [270, 250], [270, 271], [273, 277], [280, 281], [280, 298], [281, 282], [281, 283], [286, 287], [286, 288], [288, 289], [288, 290], [290, 291], [290, 292], [294, 280], [298, 299], [304, 305], [304, 322], [306, 307], [306, 310], [307, 306], [307, 308], [311, 312], [311, 318], [312, 313], [312, 316], [313, 312], [313, 314], [316, 311], [316, 317], [318, 304], [318, 319], [326, 327], [326, 329], [376, 377], [376, 381], [381, 382], [381, 386], [387, 388], [387, 408], [388, 387], [388, 389], [392, 393], [392, 395], [395, 396], [395, 398], [398, 399], [398, 402], [408, 409], [408, 417]], "missing_branches": [[237, 244], [244, 235], [264, 265], [273, 274], [294, 295], [298, 212]]}}}, "src\\physdes\\vector2.py": {"executed_lines": [46, 48, 51, 52, 55, 59, 61, 79, 80, 99, 113, 115, 116, 130, 132, 133, 147, 169, 195, 197, 222, 224, 226, 241, 242, 244, 269, 270, 271, 273, 298, 299, 301, 326, 327, 328, 330, 355, 356, 358, 383, 384, 385, 387, 409, 410, 412, 434, 436, 461, 462, 463, 465, 489, 490], "summary": {"covered_lines": 55, "num_statements": 57, "percent_covered": 93.44262295081967, "percent_covered_display": "93", "missing_lines": 2, "excluded_lines": 19, "percent_statements_covered": 96.49122807017544, "percent_statements_covered_display": "96", "num_branches": 4, "num_partial_branches": 2, "covered_branches": 2, "missing_branches": 2, "percent_branches_covered": 50.0, "percent_branches_covered_display": "50"}, "missing_lines": [49, 223], "excluded_lines": [82, 83, 84, 85, 86, 87, 88, 89, 90, 91, 92, 93, 94, 95, 96, 97, 493, 494, 496], "executed_branches": [[48, 51], [222, 224]], "missing_branches": [[48, 49], [222, 223]], "functions": {"Vector2.__init__": {"executed_lines": [79, 80], "summary": {"covered_lines": 2, "num_statements": 2, "percent_covered": 100.0, "percent_covered_display": "100", "missing_lines": 0, "excluded_lines": 0, "percent_statements_covered": 100.0, "percent_statements_covered_display": "100", "num_branches": 0, "num_partial_branches": 0, "covered_branches": 0, "missing_branches": 0, "percent_branches_covered": 100.0, "percent_branches_covered_display": "100"}, "missing_lines": [], "excluded_lines": [], "start_line": 61, "executed_branches": [], "missing_branches": []}, "Vector2.__repr__": {"executed_lines": [], "summary": {"covered_lines": 0, "num_statements": 0, "percent_covered": 100.0, "percent_covered_display": "100", "missing_lines": 0, "excluded_lines": 15, "percent_statements_covered": 100.0, "percent_statements_covered_display": "100", "num_branches": 0, "num_partial_branches": 0, "covered_branches": 0, "missing_branches": 0, "percent_branches_covered": 100.0, "percent_branches_covered_display": "100"}, "missing_lines": [], "excluded_lines": [83, 84, 85, 86, 87, 88, 89, 90, 91, 92, 93, 94, 95, 96, 97], "start_line": 82, "executed_branches": [], "missing_branches": []}, "Vector2.__str__": {"executed_lines": [113], "summary": {"covered_lines": 1, "num_statements": 1, "percent_covered": 100.0, "percent_covered_display": "100", "missing_lines": 0, "excluded_lines": 0, "percent_statements_covered": 100.0, "percent_statements_covered_display": "100", "num_branches": 0, "num_partial_branches": 0, "covered_branches": 0, "missing_branches": 0, "percent_branches_covered": 100.0, "percent_branches_covered_display": "100"}, "missing_lines": [], "excluded_lines": [], "start_line": 99, "executed_branches": [], "missing_branches": []}, "Vector2.x": {"executed_lines": [130], "summary": {"covered_lines": 1, "num_statements": 1, "percent_covered": 100.0, "percent_covered_display": "100", "missing_lines": 0, "excluded_lines": 0, "percent_statements_covered": 100.0, "percent_statements_covered_display": "100", "num_branches": 0, "num_partial_branches": 0, "covered_branches": 0, "missing_branches": 0, "percent_branches_covered": 100.0, "percent_branches_covered_display": "100"}, "missing_lines": [], "excluded_lines": [], "start_line": 116, "executed_branches": [], "missing_branches": []}, "Vector2.y": {"executed_lines": [147], "summary": {"covered_lines": 1, "num_statements": 1, "percent_covered": 100.0, "percent_covered_display": "100", "missing_lines": 0, "excluded_lines": 0, "percent_statements_covered": 100.0, "percent_statements_covered_display": "100", "num_branches": 0, "num_partial_branches": 0, "covered_branches": 0, "missing_branches": 0, "percent_branches_covered": 100.0, "percent_branches_covered_display": "100"}, "missing_lines": [], "excluded_lines": [], "start_line": 133, "executed_branches": [], "missing_branches": []}, "Vector2.cross": {"executed_lines": [195], "summary": {"covered_lines": 1, "num_statements": 1, "percent_covered": 100.0, "percent_covered_display": "100", "missing_lines": 0, "excluded_lines": 0, "percent_statements_covered": 100.0, "percent_statements_covered_display": "100", "num_branches": 0, "num_partial_branches": 0, "covered_branches": 0, "missing_branches": 0, "percent_branches_covered": 100.0, "percent_branches_covered_display": "100"}, "missing_lines": [], "excluded_lines": [], "start_line": 169, "executed_branches": [], "missing_branches": []}, "Vector2.__eq__": {"executed_lines": [222, 224], "summary": {"covered_lines": 2, "num_statements": 3, "percent_covered": 60.0, "percent_covered_display": "60", "missing_lines": 1, "excluded_lines": 0, "percent_statements_covered": 66.66666666666667, "percent_statements_covered_display": "67", "num_branches": 2, "num_partial_branches": 1, "covered_branches": 1, "missing_branches": 1, "percent_branches_covered": 50.0, "percent_branches_covered_display": "50"}, "missing_lines": [223], "excluded_lines": [], "start_line": 197, "executed_branches": [[222, 224]], "missing_branches": [[222, 223]]}, "Vector2.__neg__": {"executed_lines": [241, 242], "summary": {"covered_lines": 2, "num_statements": 2, "percent_covered": 100.0, "percent_covered_display": "100", "missing_lines": 0, "excluded_lines": 0, "percent_statements_covered": 100.0, "percent_statements_covered_display": "100", "num_branches": 0, "num_partial_branches": 0, "covered_branches": 0, "missing_branches": 0, "percent_branches_covered": 100.0, "percent_branches_covered_display": "100"}, "missing_lines": [], "excluded_lines": [], "start_line": 226, "executed_branches": [], "missing_branches": []}, "Vector2.__iadd__": {"executed_lines": [269, 270, 271], "summary": {"covered_lines": 3, "num_statements": 3, "percent_covered": 100.0, "percent_covered_display": "100", "missing_lines": 0, "excluded_lines": 0, "percent_statements_covered": 100.0, "percent_statements_covered_display": "100", "num_branches": 0, "num_partial_branches": 0, "covered_branches": 0, "missing_branches": 0, "percent_branches_covered": 100.0, "percent_branches_covered_display": "100"}, "missing_lines": [], "excluded_lines": [], "start_line": 244, "executed_branches": [], "missing_branches": []}, "Vector2.__add__": {"executed_lines": [298, 299], "summary": {"covered_lines": 2, "num_statements": 2, "percent_covered": 100.0, "percent_covered_display": "100", "missing_lines": 0, "excluded_lines": 0, "percent_statements_covered": 100.0, "percent_statements_covered_display": "100", "num_branches": 0, "num_partial_branches": 0, "covered_branches": 0, "missing_branches": 0, "percent_branches_covered": 100.0, "percent_branches_covered_display": "100"}, "missing_lines": [], "excluded_lines": [], "start_line": 273, "executed_branches": [], "missing_branches": []}, "Vector2.__isub__": {"executed_lines": [326, 327, 328], "summary": {"covered_lines": 3, "num_statements": 3, "percent_covered": 100.0, "percent_covered_display": "100", "missing_lines": 0, "excluded_lines": 0, "percent_statements_covered": 100.0, "percent_statements_covered_display": "100", "num_branches": 0, "num_partial_branches": 0, "covered_branches": 0, "missing_branches": 0, "percent_branches_covered": 100.0, "percent_branches_covered_display": "100"}, "missing_lines": [], "excluded_lines": [], "start_line": 301, "executed_branches": [], "missing_branches": []}, "Vector2.__sub__": {"executed_lines": [355, 356], "summary": {"covered_lines": 2, "num_statements": 2, "percent_covered": 100.0, "percent_covered_display": "100", "missing_lines": 0, "excluded_lines": 0, "percent_statements_covered": 100.0, "percent_statements_covered_display": "100", "num_branches": 0, "num_partial_branches": 0, "covered_branches": 0, "missing_branches": 0, "percent_branches_covered": 100.0, "percent_branches_covered_display": "100"}, "missing_lines": [], "excluded_lines": [], "start_line": 330, "executed_branches": [], "missing_branches": []}, "Vector2.__imul__": {"executed_lines": [383, 384, 385], "summary": {"covered_lines": 3, "num_statements": 3, "percent_covered": 100.0, "percent_covered_display": "100", "missing_lines": 0, "excluded_lines": 0, "percent_statements_covered": 100.0, "percent_statements_covered_display": "100", "num_branches": 0, "num_partial_branches": 0, "covered_branches": 0, "missing_branches": 0, "percent_branches_covered": 100.0, "percent_branches_covered_display": "100"}, "missing_lines": [], "excluded_lines": [], "start_line": 358, "executed_branches": [], "missing_branches": []}, "Vector2.__mul__": {"executed_lines": [409, 410], "summary": {"covered_lines": 2, "num_statements": 2, "percent_covered": 100.0, "percent_covered_display": "100", "missing_lines": 0, "excluded_lines": 0, "percent_statements_covered": 100.0, "percent_statements_covered_display": "100", "num_branches": 0, "num_partial_branches": 0, "covered_branches": 0, "missing_branches": 0, "percent_branches_covered": 100.0, "percent_branches_covered_display": "100"}, "missing_lines": [], "excluded_lines": [], "start_line": 387, "executed_branches": [], "missing_branches": []}, "Vector2.__rmul__": {"executed_lines": [434], "summary": {"covered_lines": 1, "num_statements": 1, "percent_covered": 100.0, "percent_covered_display": "100", "missing_lines": 0, "excluded_lines": 0, "percent_statements_covered": 100.0, "percent_statements_covered_display": "100", "num_branches": 0, "num_partial_branches": 0, "covered_branches": 0, "missing_branches": 0, "percent_branches_covered": 100.0, "percent_branches_covered_display": "100"}, "missing_lines": [], "excluded_lines": [], "start_line": 412, "executed_branches": [], "missing_branches": []}, "Vector2.__itruediv__": {"executed_lines": [461, 462, 463], "summary": {"covered_lines": 3, "num_statements": 3, "percent_covered": 100.0, "percent_covered_display": "100", "missing_lines": 0, "excluded_lines": 0, "percent_statements_covered": 100.0, "percent_statements_covered_display": "100", "num_branches": 0, "num_partial_branches": 0, "covered_branches": 0, "missing_branches": 0, "percent_branches_covered": 100.0, "percent_branches_covered_display": "100"}, "missing_lines": [], "excluded_lines": [], "start_line": 436, "executed_branches": [], "missing_branches": []}, "Vector2.__truediv__": {"executed_lines": [489, 490], "summary": {"covered_lines": 2, "num_statements": 2, "percent_covered": 100.0, "percent_covered_display": "100", "missing_lines": 0, "excluded_lines": 0, "percent_statements_covered": 100.0, "percent_statements_covered_display": "100", "num_branches": 0, "num_partial_branches": 0, "covered_branches": 0, "missing_branches": 0, "percent_branches_covered": 100.0, "percent_branches_covered_display": "100"}, "missing_lines": [], "excluded_lines": [], "start_line": 465, "executed_branches": [], "missing_branches": []}, "": {"executed_lines": [46, 48, 51, 52, 55, 59, 61, 99, 115, 116, 132, 133, 169, 197, 226, 244, 273, 301, 330, 358, 387, 412, 436, 465], "summary": {"covered_lines": 24, "num_statements": 25, "percent_covered": 92.5925925925926, "percent_covered_display": "93", "missing_lines": 1, "excluded_lines": 4, "percent_statements_covered": 96.0, "percent_statements_covered_display": "96", "num_branches": 2, "num_partial_branches": 1, "covered_branches": 1, "missing_branches": 1, "percent_branches_covered": 50.0, "percent_branches_covered_display": "50"}, "missing_lines": [49], "excluded_lines": [82, 493, 494, 496], "start_line": 1, "executed_branches": [[48, 51]], "missing_branches": [[48, 49]]}}, "classes": {"Vector2": {"executed_lines": [79, 80, 113, 130, 147, 195, 222, 224, 241, 242, 269, 270, 271, 298, 299, 326, 327, 328, 355, 356, 383, 384, 385, 409, 410, 434, 461, 462, 463, 489, 490], "summary": {"covered_lines": 31, "num_statements": 32, "percent_covered": 94.11764705882354, "percent_covered_display": "94", "missing_lines": 1, "excluded_lines": 15, "percent_statements_covered": 96.875, "percent_statements_covered_display": "97", "num_branches": 2, "num_partial_branches": 1, "covered_branches": 1, "missing_branches": 1, "percent_branches_covered": 50.0, "percent_branches_covered_display": "50"}, "missing_lines": [223], "excluded_lines": [83, 84, 85, 86, 87, 88, 89, 90, 91, 92, 93, 94, 95, 96, 97], "start_line": 55, "executed_branches": [[222, 224]], "missing_branches": [[222, 223]]}, "": {"executed_lines": [46, 48, 51, 52, 55, 59, 61, 99, 115, 116, 132, 133, 169, 197, 226, 244, 273, 301, 330, 358, 387, 412, 436, 465], "summary": {"covered_lines": 24, "num_statements": 25, "percent_covered": 92.5925925925926, "percent_covered_display": "93", "missing_lines": 1, "excluded_lines": 4, "percent_statements_covered": 96.0, "percent_statements_covered_display": "96", "num_branches": 2, "num_partial_branches": 1, "covered_branches": 1, "missing_branches": 1, "percent_branches_covered": 50.0, "percent_branches_covered_display": "50"}, "missing_lines": [49], "excluded_lines": [82, 493, 494, 496], "start_line": 1, "executed_branches": [[48, 51]], "missing_branches": [[48, 49]]}}}}, "totals": {"covered_lines": 1980, "num_statements": 2176, "percent_covered": 90.97273397199706, "percent_covered_display": "91", "missing_lines": 196, "excluded_lines": 103, "percent_statements_covered": 90.99264705882354, "percent_statements_covered_display": "91", "num_branches": 538, "num_partial_branches": 43, "covered_branches": 489, "missing_branches": 49, "percent_branches_covered": 90.89219330855019, "percent_branches_covered_display": "91"}}
